============================= test session starts ==============================
platform linux -- Python 3.11.13, pytest-8.4.1, pluggy-1.6.0 -- /home/ollie/miniconda3/envs/ptycho311/bin/python3.11
cachedir: .pytest_cache
PyTorch: available
PyTorch version: 2.8.0+cu128
rootdir: /home/ollie/Documents/PtychoPINN
configfile: pyproject.toml
plugins: anyio-4.9.0
collecting ... collected 2 items

tests/torch/test_inference_reassembly_parity.py::test_inference_helper_uses_reassembly PASSED [ 50%]
tests/torch/test_inference_reassembly_parity.py::test_reassembly_canvas_padding_invariants PASSED [100%]

============================== 2 passed in 3.67s ===============================
