============================= test session starts ==============================
platform linux -- Python 3.11.13, pytest-8.4.1, pluggy-1.6.0 -- /home/ollie/miniconda3/envs/ptycho311/bin/python3.11
cachedir: .pytest_cache
PyTorch: available
PyTorch version: 2.8.0+cu128
rootdir: /home/ollie/Documents/PtychoPINN2
configfile: pyproject.toml
plugins: anyio-4.9.0
collecting ... collected 3 items

tests/torch/test_workflows_components.py::TestTrainWithLightningRed::test_train_with_lightning_instantiates_module PASSED [ 33%]
tests/torch/test_workflows_components.py::TestTrainWithLightningRed::test_train_with_lightning_runs_trainer_fit PASSED [ 66%]
tests/torch/test_workflows_components.py::TestTrainWithLightningRed::test_train_with_lightning_returns_models_dict PASSED [100%]

=============================== warnings summary ===============================
tests/torch/test_workflows_components.py::TestTrainWithLightningRed::test_train_with_lightning_instantiates_module
  /home/ollie/miniconda3/envs/ptycho311/lib/python3.11/site-packages/lightning/pytorch/trainer/connectors/data_connector.py:433: The 'train_dataloader' does not have many workers which may be a bottleneck. Consider increasing the value of the `num_workers` argument` to `num_workers=31` in the `DataLoader` to improve performance.

-- Docs: https://docs.pytest.org/en/stable/how-to/capture-warnings.html
========================= 3 passed, 1 warning in 5.27s =========================
