============================= test session starts ==============================
platform linux -- Python 3.11.13, pytest-8.4.1, pluggy-1.6.0 -- /home/ollie/miniconda3/envs/ptycho311/bin/python3.11
cachedir: .pytest_cache
PyTorch: available
PyTorch version: 2.8.0+cu128
rootdir: /home/ollie/Documents/PtychoPINN2
configfile: pyproject.toml
plugins: anyio-4.9.0
collecting ... collected 1 item

tests/study/test_dose_overlap_training.py::test_training_cli_records_bundle_path FAILED [100%]

=================================== FAILURES ===================================
____________________ test_training_cli_records_bundle_path _____________________

tmp_path = PosixPath('/tmp/pytest-of-ollie/pytest-184/test_training_cli_records_bund0')
monkeypatch = <_pytest.monkeypatch.MonkeyPatch object at 0x783624d3de90>

    def test_training_cli_records_bundle_path(tmp_path, monkeypatch):
        """
        RED → GREEN TDD test for Phase E6 CLI manifest bundle_path normalization.
    
        Validates that the training CLI main() function:
        - Records bundle_path in manifest for each job (relative to job's artifact_dir)
        - Uses artifact-relative paths (not absolute workstation-specific paths)
        - Preserves skip_summary schema unchanged (no interference with bundle fields)
        - Handles missing bundles gracefully (None or omitted field)
    
        Test Strategy:
        - Monkeypatch execute_training_job to return mock results with bundle_path
        - Execute CLI with --dry-run to skip actual training but test manifest emission
        - Validate manifest JSON includes bundle_path field for each job entry
        - Verify paths are relative to artifact_dir (e.g., "wts.h5.zip" not "/abs/path/wts.h5.zip")
    
        References:
            - input.md:9 (Phase E6: manifest bundle_path normalization requirement)
            - specs/ptychodus_api_spec.md:239 (§4.6 wts.h5.zip persistence contract)
            - docs/TESTING_GUIDE.md:101-140 (Phase E CLI testing requirements)
            - plans/active/STUDY-SYNTH-FLY64-DOSE-OVERLAP-001/test_strategy.md:268
        """
        import sys
        import json
        from studies.fly64_dose_overlap import training
    
        # Setup: Create mock Phase C and Phase D directories
        phase_c_root = tmp_path / "phase_c"
        phase_d_root = tmp_path / "phase_d"
        artifact_root = tmp_path / "artifacts"
    
        phase_c_root.mkdir()
        phase_d_root.mkdir()
    
        # Create minimal dataset structure for ALL doses (build_training_jobs enumerates all)
        # Then CLI filters by --dose 1000 to reduce job count
        for dose in [1000, 10000, 100000]:
            dose_dir_c = phase_c_root / f"dose_{dose}"
            dose_dir_d = phase_d_root / f"dose_{dose}"
            dose_dir_c.mkdir()
            dose_dir_d.mkdir()
    
            # Phase C patched datasets
            (dose_dir_c / "patched_train.npz").touch()
            (dose_dir_c / "patched_test.npz").touch()
    
            # Phase D dense view datasets
            dense_dir = dose_dir_d / "dense"
            dense_dir.mkdir(parents=True, exist_ok=True)
            (dense_dir / "dense_train.npz").touch()
            (dense_dir / "dense_test.npz").touch()
    
        # Spy: Track execute_training_job calls and return bundle_path in results
        runner_calls = []
    
        def mock_execute_training_job(*, config, job, log_path):
            """Mock that returns success with bundle_path."""
            runner_calls.append({
                'config': config,
                'job': job,
                'log_path': log_path,
            })
            # Simulate bundle saved to artifact_dir/wts.h5.zip
            bundle_path_abs = job.artifact_dir / "wts.h5.zip"
            return {
                'status': 'success',
                'final_loss': 0.123,
                'bundle_path': str(bundle_path_abs),  # Absolute path from execute_training_job
            }
    
        monkeypatch.setattr(training, 'execute_training_job', mock_execute_training_job)
    
        # Execute CLI with dose filter (2 jobs: baseline + dense for dose=1000)
        test_argv = [
            'training.py',
            '--phase-c-root', str(phase_c_root),
            '--phase-d-root', str(phase_d_root),
            '--artifact-root', str(artifact_root),
            '--dose', '1000',
            '--dry-run',
        ]
        monkeypatch.setattr(sys, 'argv', test_argv)
    
        training.main()
    
        # Assertions: manifest file created
        manifest_path = artifact_root / "training_manifest.json"
        assert manifest_path.exists(), \
            f"training_manifest.json not found at {manifest_path}"
    
        # Assertions: manifest content is valid JSON
        with manifest_path.open('r') as f:
            manifest = json.load(f)
    
        assert isinstance(manifest, dict), \
            f"Manifest must be a dict, got {type(manifest)}"
    
        # Assertions: jobs list contains 2 entries (baseline + dense for dose=1000)
        assert 'jobs' in manifest, \
            "Manifest must contain 'jobs' list"
        assert len(manifest['jobs']) == 2, \
            f"Expected 2 jobs in manifest for dose=1000 (baseline + dense), got {len(manifest['jobs'])}"
    
        # Assertions: each job entry contains bundle_path field with relative path
        for job_entry in manifest['jobs']:
            assert 'result' in job_entry, \
                f"Job entry must contain 'result' dict from runner, got keys: {job_entry.keys()}"
    
            result_dict = job_entry['result']
>           assert 'bundle_path' in result_dict, \
                f"Job result must contain 'bundle_path' field (Phase E6 requirement), got keys: {result_dict.keys()}"
E           AssertionError: Job result must contain 'bundle_path' field (Phase E6 requirement), got keys: dict_keys(['dose', 'view', 'gridsize', 'train_data_path', 'test_data_path', 'log_path', 'artifact_dir', 'dry_run'])
E           assert 'bundle_path' in {'dose': 1000.0, 'view': 'baseline', 'gridsize': 1, 'train_data_path': '/tmp/pytest-of-ollie/pytest-184/test_training_cli_records_bund0/phase_c/dose_1000/patched_train.npz', 'test_data_path': '/tmp/pytest-of-ollie/pytest-184/test_training_cli_records_bund0/phase_c/dose_1000/patched_test.npz', 'log_path': '/tmp/pytest-of-ollie/pytest-184/test_training_cli_records_bund0/artifacts/dose_1000/baseline/gs1/train.log', 'artifact_dir': '/tmp/pytest-of-ollie/pytest-184/test_training_cli_records_bund0/artifacts/dose_1000/baseline/gs1', 'dry_run': True}

tests/study/test_dose_overlap_training.py:1525: AssertionError
----------------------------- Captured stdout call -----------------------------
Enumerating training jobs from Phase C (/tmp/pytest-of-ollie/pytest-184/test_training_cli_records_bund0/phase_c) and Phase D (/tmp/pytest-of-ollie/pytest-184/test_training_cli_records_bund0/phase_d)...
  → 6 total jobs enumerated
  ⚠ 3 view(s) skipped due to missing Phase D data:
    - sparse (dose=1e+03): NPZ files not found (train=False, test=False). This is expected when Phase D ove...
    - sparse (dose=1e+04): NPZ files not found (train=False, test=False). This is expected when Phase D ove...
    - sparse (dose=1e+05): NPZ files not found (train=False, test=False). This is expected when Phase D ove...
  → Filtered by dose=1000.0: 2 jobs remain

Executing 2 training job(s)...
  [1/2] baseline (dose=1e+03, gridsize=1)
  [2/2] dense (dose=1e+03, gridsize=2)

✓ Training manifest written to /tmp/pytest-of-ollie/pytest-184/test_training_cli_records_bund0/artifacts/training_manifest.json
  → 2 job(s) completed
  → Skip summary written to /tmp/pytest-of-ollie/pytest-184/test_training_cli_records_bund0/artifacts/skip_summary.json (3 view(s) skipped)
=========================== short test summary info ============================
FAILED tests/study/test_dose_overlap_training.py::test_training_cli_records_bundle_path - AssertionError: Job result must contain 'bundle_path' field (Phase E6 requirement), got keys: dict_keys(['dose', 'view', 'gridsize', 'train_data_path', 'test_data_path', 'log_path', 'artifact_dir', 'dry_run'])
assert 'bundle_path' in {'dose': 1000.0, 'view': 'baseline', 'gridsize': 1, 'train_data_path': '/tmp/pytest-of-ollie/pytest-184/test_training_cli_records_bund0/phase_c/dose_1000/patched_train.npz', 'test_data_path': '/tmp/pytest-of-ollie/pytest-184/test_training_cli_records_bund0/phase_c/dose_1000/patched_test.npz', 'log_path': '/tmp/pytest-of-ollie/pytest-184/test_training_cli_records_bund0/artifacts/dose_1000/baseline/gs1/train.log', 'artifact_dir': '/tmp/pytest-of-ollie/pytest-184/test_training_cli_records_bund0/artifacts/dose_1000/baseline/gs1', 'dry_run': True}
============================== 1 failed in 4.00s ===============================
