2026-01-11 02:23:52,183 - INFO - Configuration: phase_align_method='plane', frc_sigma=0.0
2026-01-11 02:23:52,183 - INFO - Registration: enabled
2026-01-11 02:23:52,183 - INFO - NPZ output: raw=enabled, aligned=enabled
2026-01-11 02:23:52,183 - INFO - Loading PtychoPINN inference model (diffraction_to_obj) to restore configuration...
2026-01-11 02:23:52,183 - INFO - Loading model from: gs2_full_subsample_study_20260111_0222/train_subsample_64_groups_64/trial_1/pinn_run
2026-01-11 02:23:52,183 - DEBUG - Model archive path: gs2_full_subsample_study_20260111_0222/train_subsample_64_groups_64/trial_1/pinn_run/wts.h5.zip
2026-01-11 02:23:53,127 - ERROR - /home/ollie/miniconda3/envs/ptycho311/lib/python3.11/site-packages/keras/src/layers/layer.py:421: UserWarning: `build()` was called on layer 'center_mask_layer', however the layer does not have a `build()` method implemented and it looks like it has unbuilt state. This will cause the layer to be marked as built, despite not being actually built, which may cause failures down the line. Make sure to implement a proper `build()` method.
  warnings.warn(
2026-01-11 02:23:53,128 - ERROR - /home/ollie/miniconda3/envs/ptycho311/lib/python3.11/site-packages/keras/src/layers/layer.py:421: UserWarning: `build()` was called on layer 'center_mask_layer_1', however the layer does not have a `build()` method implemented and it looks like it has unbuilt state. This will cause the layer to be marked as built, despite not being actually built, which may cause failures down the line. Make sure to implement a proper `build()` method.
  warnings.warn(
2026-01-11 02:23:53,786 - INFO - Successfully loaded model from gs2_full_subsample_study_20260111_0222/train_subsample_64_groups_64/trial_1/pinn_run
2026-01-11 02:23:53,788 - DEBUG - Model configuration: {'N': 64, 'offset': 4, 'gridsize': 1, 'outer_offset_train': None, 'outer_offset_test': None, 'batch_size': 16, 'nepochs': 50, 'n_filters_scale': 2, 'output_prefix': 'gs2_full_subsample_study_20260111_0222/train_subsample_64_groups_64/trial_1/pinn_run', 'big_gridsize': 10, 'max_position_jitter': 10, 'sim_jitter_scale': 0.0, 'default_probe_scale': 0.7, 'mae_weight': 0.0, 'nll_weight': 1.0, 'tv_weight': 0.0, 'realspace_mae_weight': 0.0, 'realspace_weight': 0.0, 'nphotons': 10000.0, 'nimgs_train': 9, 'nimgs_test': 3, 'data_source': 'generic', 'probe.trainable': False, 'intensity_scale.trainable': True, 'positions.provided': True, 'object.big': True, 'probe.big': True, 'probe_scale': 4.0, 'set_phi': False, 'probe.mask': False, 'pad_object': True, 'model_type': 'pinn', 'label': '', 'size': 392, 'amp_activation': 'sigmoid', 'h5_path': 'wts.h5', 'npseed': 42, 'debug': True, 'gaussian_smoothing_sigma': 0.0, 'use_xla_translate': True, 'n_groups': 64, 'n_images': 512, 'n_subsample': 64, 'neighbor_count': 7, 'enable_oversampling': False, 'sequential_sampling': False, 'backend': 'tensorflow', 'torch_loss_mode': 'poisson', 'train_data_file_path': 'prepare_1e4_photons_5k/dataset/train.npz', 'test_data_file_path': 'prepare_1e4_photons_5k/dataset/test.npz', 'probe': <tf.Tensor: shape=(64, 64, 1), dtype=complex64, numpy=
array([[[ 0.13510734-0.08366051j],
        [-0.08103182-0.0294797j ],
        [ 0.0637618 +0.02550233j],
        ...,
        [-0.05742923+0.10465012j],
        [ 0.061039  +0.02731375j],
        [-0.07001488-0.0336627j ]],

       [[-0.08103182-0.0294797j ],
        [ 0.11364837-0.04388378j],
        [-0.08643168+0.03117809j],
        ...,
        [ 0.02872955+0.03712314j],
        [-0.08476108+0.03176096j],
        [ 0.10533146-0.04452544j]],

       [[ 0.0637618 +0.02550233j],
        [-0.08643168+0.03117809j],
        [ 0.06238977-0.04183936j],
        ...,
        [-0.01890127-0.04941669j],
        [ 0.06107059-0.04259919j],
        [-0.07948506+0.03188787j]],

       ...,

       [[-0.05742923+0.10465012j],
        [ 0.02872955+0.03712314j],
        [-0.01890127-0.04941669j],
        ...,
        [-0.00577373-0.08714116j],
        [-0.01781569-0.0517069j ],
        [ 0.02285527+0.04448525j]],

       [[ 0.061039  +0.02731375j],
        [-0.08476108+0.03176096j],
        [ 0.06107059-0.04259919j],
        ...,
        [-0.01781569-0.0517069j ],
        [ 0.05980607-0.0434007j ],
        [-0.07803912+0.03257083j]],

       [[-0.07001488-0.0336627j ],
        [ 0.10533146-0.04452544j],
        [-0.07948506+0.03188787j],
        ...,
        [ 0.02285527+0.04448525j],
        [-0.07803912+0.03257083j],
        [ 0.09786177-0.04529788j]]], shape=(64, 64, 1), dtype=complex64)>, 'intensity_scale': 3.125}
2026-01-11 02:23:53,788 - INFO - Restored configuration from model: gridsize=1, N=64
2026-01-11 02:23:53,788 - INFO - Loading test data from prepare_1e4_photons_5k/dataset/test.npz with restored gridsize=1...
2026-01-11 02:23:53,788 - INFO - Using independent sampling control: n_subsample=2424, n_groups=606
2026-01-11 02:23:53,788 - WARNING - n_test_subsample (2424) > n_test_groups (606), may use more data than expected
2026-01-11 02:23:53,788 - INFO - Loading data from prepare_1e4_photons_5k/dataset/test.npz with n_images=606, n_subsample=2424
2026-01-11 02:23:54,086 - INFO - Independent sampling: subsampling 2424 images from 2424 total
2026-01-11 02:23:54,102 - INFO - diff3d shape: (2424, 64, 64)
2026-01-11 02:23:54,102 - INFO - probeGuess shape: (64, 64)
2026-01-11 02:23:54,102 - INFO - scan_index shape: (2424,)
2026-01-11 02:23:54,102 - INFO - objectGuess shape: (232, 232)
2026-01-11 02:23:54,102 - INFO - xcoords shape: (2424,)
2026-01-11 02:23:54,102 - INFO - ycoords shape: (2424,)
2026-01-11 02:23:54,102 - INFO - xcoords_start shape: (2424,)
2026-01-11 02:23:54,102 - INFO - ycoords_start shape: (2424,)
2026-01-11 02:23:54,103 - INFO - Final configuration: gridsize=1, N=64, n_images=2424
2026-01-11 02:23:54,103 - INFO - Using stitch_crop_size M=20 (N=64)
2026-01-11 02:23:54,103 - INFO - Loading Baseline model from gs2_full_subsample_study_20260111_0222/train_subsample_64_groups_64/trial_1/baseline_run/01-11-2026-02.23.29_baseline_gs1...
2026-01-11 02:23:54,103 - INFO - Found baseline model at: gs2_full_subsample_study_20260111_0222/train_subsample_64_groups_64/trial_1/baseline_run/01-11-2026-02.23.29_baseline_gs1/baseline_model.h5
2026-01-11 02:23:54,104 - DEBUG - Creating converter from 3 to 5
2026-01-11 02:23:54,194 - WARNING - Compiled the loaded model, but the compiled metrics have yet to be built. `model.compile_metrics` will be empty until you train or evaluate the model.
2026-01-11 02:23:54,199 - INFO - Running two-way comparison (PtychoPINN vs. Baseline)
2026-01-11 02:23:54,199 - INFO - Running inference with PtychoPINN (diffraction_to_obj)...
2026-01-11 02:23:54,199 - INFO - Using single-shot PINN inference: 2424 groups (batch_size=32)
2026-01-11 02:23:54,199 - INFO - [OVERSAMPLING DEBUG] generate_grouped_data called with: nsamples=606, n_points=2424, C=1, K=7
2026-01-11 02:23:54,200 - INFO - [OVERSAMPLING DEBUG] Parameters: gridsize=1, N=64, sequential_sampling=False
2026-01-11 02:23:54,200 - INFO - [OVERSAMPLING DEBUG] Oversampling flags: enable_oversampling=False, neighbor_pool_size=None, effective_K=7
2026-01-11 02:23:54,200 - INFO - [OVERSAMPLING DEBUG] Oversampling check: nsamples > n_points = 606 > 2424 = False
2026-01-11 02:23:54,200 - INFO - [OVERSAMPLING DEBUG] Oversampling check: C > 1 = 1 > 1 = False
2026-01-11 02:23:54,200 - INFO - [OVERSAMPLING DEBUG] needs_oversampling = False
2026-01-11 02:23:54,200 - INFO - DEBUG:
2026-01-11 02:23:54,200 - INFO - nsamples: 606, gridsize: 1 (using efficient random sample-then-group strategy)
2026-01-11 02:23:54,200 - INFO - Using efficient random sampling strategy for gridsize=1
2026-01-11 02:23:54,200 - INFO - [OVERSAMPLING DEBUG] Taking efficient branch: standard sample-then-group
2026-01-11 02:23:54,200 - INFO - [OVERSAMPLING DEBUG] _generate_groups_efficiently called with: nsamples=606, K=7, C=1
2026-01-11 02:23:54,200 - INFO - Generating 606 groups efficiently from 2424 points (K=7, C=1)
2026-01-11 02:23:54,200 - INFO - [OVERSAMPLING DEBUG] Standard case: using 606 groups from 2424 points
2026-01-11 02:23:54,200 - INFO - [OVERSAMPLING DEBUG] Randomly sampled 606 seed points
2026-01-11 02:23:54,200 - INFO - Sampled 606 seed points from 2424 total points
2026-01-11 02:23:54,200 - INFO - Using seed indices directly for C=1 (gridsize=1) - no neighbor search needed
2026-01-11 02:23:54,200 - INFO - [OVERSAMPLING DEBUG] _generate_groups_efficiently completed: generated 606 groups
2026-01-11 02:23:54,200 - INFO - Successfully generated 606 groups with shape (606, 1)
2026-01-11 02:23:54,200 - INFO - [OVERSAMPLING DEBUG] Generated 606 groups in total
2026-01-11 02:23:54,200 - INFO - Generated 606 groups efficiently
2026-01-11 02:23:54,201 - INFO - INFO: Using pre-computed 'Y' array from the input file.
2026-01-11 02:23:54,215 - INFO - neighbor-sampled diffraction shape
2026-01-11 02:23:54,215 - INFO - (606, 64, 64, 1)
2026-01-11 02:23:54,240 - INFO - loader: using provided ground truth patches.
2026-01-11 02:23:54,502 - INFO - INFO:
2026-01-11 02:23:54,503 - INFO - None
2026-01-11 02:23:54,504 - INFO - <PtychoDataContainer X=(606, 64, 64, 1) mean=0.406 Y_I=(606, 64, 64, 1) mean=0.563 Y_phi=(606, 64, 64, 1) mean=-0.031 coords_nominal=(606, 1, 2, 1) mean=0.000 coords_true=(606, 1, 2, 1) mean=0.000 probe=(64, 64) mean_amplitude=0.006 norm_Y_I=<scalar> nn_indices=(606, 1) global_offsets=(606, 1, 2, 1) local_offsets=(606, 1, 2, 1)>
2026-01-11 02:23:54,510 - INFO - Gridsize validated: params.cfg['gridsize']=1 matches 1 channels
2026-01-11 02:23:55,368 - INFO - DEBUG _flat_to_channel: gridsize from parameter: 1
2026-01-11 02:23:55,368 - INFO - DEBUG _flat_to_channel: N from parameter: 74
2026-01-11 02:23:55,368 - INFO - DEBUG _flat_to_channel: input shape=(32, 74, 74, 1), reshaping to (-1, 1, 74, 74)
2026-01-11 02:23:55,537 - INFO - DEBUG _flat_to_channel: gridsize from parameter: 1
2026-01-11 02:23:55,537 - INFO - DEBUG _flat_to_channel: N from parameter: 74
2026-01-11 02:23:55,537 - INFO - DEBUG _flat_to_channel: input shape=(32, 74, 74, 1), reshaping to (-1, 1, 74, 74)
2026-01-11 02:23:55,618 - INFO - DEBUG _flat_to_channel: gridsize from parameter: 1
2026-01-11 02:23:55,618 - INFO - DEBUG _flat_to_channel: N from parameter: 74
2026-01-11 02:23:55,618 - INFO - DEBUG _flat_to_channel: input shape=(32, 74, 74, 1), reshaping to (-1, 1, 74, 74)
2026-01-11 02:23:55,712 - INFO - DEBUG _flat_to_channel: gridsize from parameter: 1
2026-01-11 02:23:55,712 - INFO - DEBUG _flat_to_channel: N from parameter: 74
2026-01-11 02:23:55,712 - INFO - DEBUG _flat_to_channel: input shape=(32, 74, 74, 1), reshaping to (-1, 1, 74, 74)
2026-01-11 02:23:56,307 - CRITICAL - Uncaught exception
Traceback (most recent call last):
  File "/home/ollie/Documents/PtychoPINN/scripts/compare_models.py", line 1774, in <module>
    main()
  File "/home/ollie/Documents/PtychoPINN/scripts/compare_models.py", line 1166, in main
    pinn_patches = pinn_model.predict(
                   ^^^^^^^^^^^^^^^^^^^
  File "/home/ollie/Documents/PtychoPINN/ptycho/workflows/components.py", line 163, in predict
    return self._model.predict(*args, **kwargs)
           ^^^^^^^^^^^^^^^^^^^^^^^^^^^^^^^^^^^^
  File "/home/ollie/miniconda3/envs/ptycho311/lib/python3.11/site-packages/keras/src/utils/traceback_utils.py", line 122, in error_handler
    raise e.with_traceback(filtered_tb) from None
  File "/home/ollie/miniconda3/envs/ptycho311/lib/python3.11/site-packages/tensorflow/python/eager/execute.py", line 59, in quick_execute
    except TypeError as e:
tensorflow.python.framework.errors_impl.InvalidArgumentError: Graph execution error:

Detected at node functional_1_1/padded_obj_2_1/cond/while/cond/range_tfg_inlined_functional_1_1/padded_obj_2_1/cond/while/cond_tfg_inlined_functional_1_1/padded_obj_2_1/cond/while_1_0 defined at (most recent call last):
<stack traces unavailable>
Input 0 to node `functional_1_1/padded_obj_2_1/cond/while/cond/range_tfg_inlined_functional_1_1/padded_obj_2_1/cond/while/cond_tfg_inlined_functional_1_1/padded_obj_2_1/cond/while_1_0` with op Range must be a compile-time constant.

XLA compilation requires that operator arguments that represent shapes or dimensions be evaluated to concrete values at compile time. This error means that a shape or dimension argument could not be evaluated at compile time, usually because the value of the argument depends on a parameter to the computation, on a variable, or on a stateful operation such as a random number generator.

Stack trace for op definition: 
dummy_file_name:10:dummy_function_name

	 [[{{node functional_1_1/padded_obj_2_1/cond/while/cond/range_tfg_inlined_functional_1_1/padded_obj_2_1/cond/while/cond_tfg_inlined_functional_1_1/padded_obj_2_1/cond/while_1_0}}]]
	tf2xla conversion failed while converting functional_1_1_padded_obj_2_1_cond_while_cond_true_4914_tfg_region_specialized_functional_1_1_padded_obj_2_1_cond_while_cond_tfg_inlined_functional_1_1_padded_obj_2_1_cond_while_1_0_0_const_0[]. Run with TF_DUMP_GRAPH_PREFIX=/path/to/dump/dir and --vmodule=xla_compiler=2 to obtain a dump of the compiled functions.

Stack trace for op definition: 
dummy_file_name:10:dummy_function_name

	 [[functional_1_1/padded_obj_2_1/cond/while/cond_tfg_inlined_functional_1_1/padded_obj_2_1/cond/while_1]]
	tf2xla conversion failed while converting functional_1_1_padded_obj_2_1_cond_while_body_4880_tfg_region_specialized_functional_1_1_padded_obj_2_1_cond_while_tfg_inlined_functional_1_1_padded_obj_2_1_cond_1_1_const_0[]. Run with TF_DUMP_GRAPH_PREFIX=/path/to/dump/dir and --vmodule=xla_compiler=2 to obtain a dump of the compiled functions.

Stack trace for op definition: 
dummy_file_name:10:dummy_function_name

	 [[functional_1_1/padded_obj_2_1/cond/while_tfg_inlined_functional_1_1/padded_obj_2_1/cond_1]]
	tf2xla conversion failed while converting functional_1_1_padded_obj_2_1_cond_false_4474_tfg_region_specialized_functional_1_1_padded_obj_2_1_cond_1_const_0[]. Run with TF_DUMP_GRAPH_PREFIX=/path/to/dump/dir and --vmodule=xla_compiler=2 to obtain a dump of the compiled functions.

Stack trace for op definition: 
File "Documents/PtychoPINN/scripts/compare_models.py", line 1774, in <module>
File "Documents/PtychoPINN/scripts/compare_models.py", line 1166, in main
File "Documents/PtychoPINN/ptycho/workflows/components.py", line 163, in predict
File "miniconda3/envs/ptycho311/lib/python3.11/site-packages/keras/src/utils/traceback_utils.py", line 117, in error_handler
File "miniconda3/envs/ptycho311/lib/python3.11/site-packages/keras/src/backend/tensorflow/trainer.py", line 566, in predict
File "miniconda3/envs/ptycho311/lib/python3.11/site-packages/keras/src/backend/tensorflow/trainer.py", line 260, in one_step_on_data_distributed
File "miniconda3/envs/ptycho311/lib/python3.11/site-packages/keras/src/backend/tensorflow/trainer.py", line 250, in one_step_on_data
File "miniconda3/envs/ptycho311/lib/python3.11/site-packages/keras/src/backend/tensorflow/trainer.py", line 105, in predict_step
File "miniconda3/envs/ptycho311/lib/python3.11/site-packages/keras/src/utils/traceback_utils.py", line 117, in error_handler
File "miniconda3/envs/ptycho311/lib/python3.11/site-packages/keras/src/layers/layer.py", line 941, in __call__
File "miniconda3/envs/ptycho311/lib/python3.11/site-packages/keras/src/utils/traceback_utils.py", line 117, in error_handler
File "miniconda3/envs/ptycho311/lib/python3.11/site-packages/keras/src/ops/operation.py", line 59, in __call__
File "miniconda3/envs/ptycho311/lib/python3.11/site-packages/keras/src/utils/traceback_utils.py", line 156, in error_handler
File "miniconda3/envs/ptycho311/lib/python3.11/site-packages/keras/src/models/functional.py", line 183, in call
File "miniconda3/envs/ptycho311/lib/python3.11/site-packages/keras/src/ops/function.py", line 206, in _run_through_graph
File "miniconda3/envs/ptycho311/lib/python3.11/site-packages/keras/src/models/functional.py", line 644, in call
File "miniconda3/envs/ptycho311/lib/python3.11/site-packages/keras/src/utils/traceback_utils.py", line 117, in error_handler
File "miniconda3/envs/ptycho311/lib/python3.11/site-packages/keras/src/layers/layer.py", line 941, in __call__
File "miniconda3/envs/ptycho311/lib/python3.11/site-packages/keras/src/utils/traceback_utils.py", line 117, in error_handler
File "miniconda3/envs/ptycho311/lib/python3.11/site-packages/keras/src/ops/operation.py", line 59, in __call__
File "miniconda3/envs/ptycho311/lib/python3.11/site-packages/keras/src/utils/traceback_utils.py", line 156, in error_handler
File "Documents/PtychoPINN/ptycho/custom_layers.py", line 172, in call
File "Documents/PtychoPINN/ptycho/tf_helper.py", line 1100, in reassemble_patches
File "Documents/PtychoPINN/ptycho/tf_helper.py", line 692, in newf
File "Documents/PtychoPINN/ptycho/tf_helper.py", line 1350, in reassemble_patches_position_batched_real
File "Documents/PtychoPINN/ptycho/tf_helper.py", line 1027, in _reassemble_position_batched

	 [[functional_1_1/padded_obj_2_1/cond]]
	tf2xla conversion failed while converting __inference_one_step_on_data_6492[]. Run with TF_DUMP_GRAPH_PREFIX=/path/to/dump/dir and --vmodule=xla_compiler=2 to obtain a dump of the compiled functions.
	 [[StatefulPartitionedCall]] [Op:__inference_one_step_on_data_distributed_6585]
2026-01-11 02:23:56,308 - ERROR - Traceback (most recent call last):
2026-01-11 02:23:56,308 - ERROR - File "/home/ollie/Documents/PtychoPINN/scripts/compare_models.py", line 1774, in <module>
2026-01-11 02:23:56,308 - ERROR - main()
2026-01-11 02:23:56,308 - ERROR - File "/home/ollie/Documents/PtychoPINN/scripts/compare_models.py", line 1166, in main
2026-01-11 02:23:56,308 - ERROR - pinn_patches = pinn_model.predict(
2026-01-11 02:23:56,308 - ERROR - ^
2026-01-11 02:23:56,308 - ERROR - ^
2026-01-11 02:23:56,308 - ERROR - ^
2026-01-11 02:23:56,308 - ERROR - ^
2026-01-11 02:23:56,308 - ERROR - ^
2026-01-11 02:23:56,308 - ERROR - ^
2026-01-11 02:23:56,308 - ERROR - ^
2026-01-11 02:23:56,308 - ERROR - ^
2026-01-11 02:23:56,308 - ERROR - ^
2026-01-11 02:23:56,308 - ERROR - ^
2026-01-11 02:23:56,308 - ERROR - ^
2026-01-11 02:23:56,308 - ERROR - ^
2026-01-11 02:23:56,309 - ERROR - ^
2026-01-11 02:23:56,309 - ERROR - ^
2026-01-11 02:23:56,309 - ERROR - ^
2026-01-11 02:23:56,309 - ERROR - ^
2026-01-11 02:23:56,309 - ERROR - ^
2026-01-11 02:23:56,309 - ERROR - ^
2026-01-11 02:23:56,309 - ERROR - ^
2026-01-11 02:23:56,309 - ERROR - File "/home/ollie/Documents/PtychoPINN/ptycho/workflows/components.py", line 163, in predict
2026-01-11 02:23:56,309 - ERROR - return self._model.predict(*args, **kwargs)
2026-01-11 02:23:56,309 - ERROR - ^
2026-01-11 02:23:56,309 - ERROR - ^
2026-01-11 02:23:56,309 - ERROR - ^
2026-01-11 02:23:56,309 - ERROR - ^
2026-01-11 02:23:56,309 - ERROR - ^
2026-01-11 02:23:56,309 - ERROR - ^
2026-01-11 02:23:56,309 - ERROR - ^
2026-01-11 02:23:56,309 - ERROR - ^
2026-01-11 02:23:56,309 - ERROR - ^
2026-01-11 02:23:56,309 - ERROR - ^
2026-01-11 02:23:56,309 - ERROR - ^
2026-01-11 02:23:56,309 - ERROR - ^
2026-01-11 02:23:56,309 - ERROR - ^
2026-01-11 02:23:56,309 - ERROR - ^
2026-01-11 02:23:56,309 - ERROR - ^
2026-01-11 02:23:56,309 - ERROR - ^
2026-01-11 02:23:56,309 - ERROR - ^
2026-01-11 02:23:56,309 - ERROR - ^
2026-01-11 02:23:56,309 - ERROR - ^
2026-01-11 02:23:56,309 - ERROR - ^
2026-01-11 02:23:56,309 - ERROR - ^
2026-01-11 02:23:56,309 - ERROR - ^
2026-01-11 02:23:56,309 - ERROR - ^
2026-01-11 02:23:56,309 - ERROR - ^
2026-01-11 02:23:56,309 - ERROR - ^
2026-01-11 02:23:56,309 - ERROR - ^
2026-01-11 02:23:56,309 - ERROR - ^
2026-01-11 02:23:56,309 - ERROR - ^
2026-01-11 02:23:56,309 - ERROR - ^
2026-01-11 02:23:56,309 - ERROR - ^
2026-01-11 02:23:56,309 - ERROR - ^
2026-01-11 02:23:56,309 - ERROR - ^
2026-01-11 02:23:56,309 - ERROR - ^
2026-01-11 02:23:56,309 - ERROR - ^
2026-01-11 02:23:56,309 - ERROR - ^
2026-01-11 02:23:56,309 - ERROR - ^
2026-01-11 02:23:56,309 - ERROR - File "/home/ollie/miniconda3/envs/ptycho311/lib/python3.11/site-packages/keras/src/utils/traceback_utils.py", line 122, in error_handler
2026-01-11 02:23:56,309 - ERROR - raise e.with_traceback(filtered_tb) from None
2026-01-11 02:23:56,309 - ERROR - File "/home/ollie/miniconda3/envs/ptycho311/lib/python3.11/site-packages/tensorflow/python/eager/execute.py", line 53, in quick_execute
2026-01-11 02:23:56,310 - ERROR - tensors = pywrap_tfe.TFE_Py_Execute(ctx._handle, device_name, op_name,
2026-01-11 02:23:56,310 - ERROR - ^
2026-01-11 02:23:56,310 - ERROR - ^
2026-01-11 02:23:56,310 - ERROR - ^
2026-01-11 02:23:56,310 - ERROR - ^
2026-01-11 02:23:56,310 - ERROR - ^
2026-01-11 02:23:56,310 - ERROR - ^
2026-01-11 02:23:56,310 - ERROR - ^
2026-01-11 02:23:56,310 - ERROR - ^
2026-01-11 02:23:56,310 - ERROR - ^
2026-01-11 02:23:56,310 - ERROR - ^
2026-01-11 02:23:56,310 - ERROR - ^
2026-01-11 02:23:56,310 - ERROR - ^
2026-01-11 02:23:56,310 - ERROR - ^
2026-01-11 02:23:56,310 - ERROR - ^
2026-01-11 02:23:56,310 - ERROR - ^
2026-01-11 02:23:56,310 - ERROR - ^
2026-01-11 02:23:56,310 - ERROR - ^
2026-01-11 02:23:56,310 - ERROR - ^
2026-01-11 02:23:56,310 - ERROR - ^
2026-01-11 02:23:56,310 - ERROR - ^
2026-01-11 02:23:56,310 - ERROR - ^
2026-01-11 02:23:56,310 - ERROR - ^
2026-01-11 02:23:56,310 - ERROR - ^
2026-01-11 02:23:56,310 - ERROR - ^
2026-01-11 02:23:56,310 - ERROR - ^
2026-01-11 02:23:56,310 - ERROR - ^
2026-01-11 02:23:56,310 - ERROR - ^
2026-01-11 02:23:56,310 - ERROR - ^
2026-01-11 02:23:56,310 - ERROR - ^
2026-01-11 02:23:56,310 - ERROR - ^
2026-01-11 02:23:56,310 - ERROR - ^
2026-01-11 02:23:56,310 - ERROR - ^
2026-01-11 02:23:56,310 - ERROR - ^
2026-01-11 02:23:56,310 - ERROR - ^
2026-01-11 02:23:56,310 - ERROR - ^
2026-01-11 02:23:56,310 - ERROR - ^
2026-01-11 02:23:56,310 - ERROR - ^
2026-01-11 02:23:56,310 - ERROR - ^
2026-01-11 02:23:56,310 - ERROR - ^
2026-01-11 02:23:56,310 - ERROR - ^
2026-01-11 02:23:56,310 - ERROR - ^
2026-01-11 02:23:56,310 - ERROR - ^
2026-01-11 02:23:56,310 - ERROR - ^
2026-01-11 02:23:56,310 - ERROR - ^
2026-01-11 02:23:56,310 - ERROR - ^
2026-01-11 02:23:56,310 - ERROR - ^
2026-01-11 02:23:56,310 - ERROR - ^
2026-01-11 02:23:56,310 - ERROR - ^
2026-01-11 02:23:56,310 - ERROR - ^
2026-01-11 02:23:56,310 - ERROR - ^
2026-01-11 02:23:56,310 - ERROR - ^
2026-01-11 02:23:56,310 - ERROR - ^
2026-01-11 02:23:56,310 - ERROR - ^
2026-01-11 02:23:56,310 - ERROR - ^
2026-01-11 02:23:56,310 - ERROR - ^
2026-01-11 02:23:56,310 - ERROR - ^
2026-01-11 02:23:56,310 - ERROR - ^
2026-01-11 02:23:56,310 - ERROR - ^
2026-01-11 02:23:56,310 - ERROR - ^
2026-01-11 02:23:56,310 - ERROR - ^
2026-01-11 02:23:56,310 - ERROR - ^
2026-01-11 02:23:56,311 - ERROR - ^
2026-01-11 02:23:56,311 - ERROR - ^
2026-01-11 02:23:56,311 - ERROR - ^
2026-01-11 02:23:56,311 - ERROR - ^
2026-01-11 02:23:56,311 - ERROR - ^
2026-01-11 02:23:56,311 - ERROR - ^
2026-01-11 02:23:56,311 - ERROR - ^
2026-01-11 02:23:56,311 - ERROR - ^
2026-01-11 02:23:56,311 - ERROR - ^
2026-01-11 02:23:56,311 - ERROR - ^
2026-01-11 02:23:56,311 - ERROR - ^
2026-01-11 02:23:56,311 - ERROR - tensorflow.python.framework.errors_impl
2026-01-11 02:23:56,311 - ERROR - .
2026-01-11 02:23:56,311 - ERROR - InvalidArgumentError
2026-01-11 02:23:56,311 - ERROR - :
2026-01-11 02:23:56,311 - ERROR - Graph execution error:

Detected at node functional_1_1/padded_obj_2_1/cond/while/cond/range_tfg_inlined_functional_1_1/padded_obj_2_1/cond/while/cond_tfg_inlined_functional_1_1/padded_obj_2_1/cond/while_1_0 defined at (most recent call last):
<stack traces unavailable>
Input 0 to node `functional_1_1/padded_obj_2_1/cond/while/cond/range_tfg_inlined_functional_1_1/padded_obj_2_1/cond/while/cond_tfg_inlined_functional_1_1/padded_obj_2_1/cond/while_1_0` with op Range must be a compile-time constant.

XLA compilation requires that operator arguments that represent shapes or dimensions be evaluated to concrete values at compile time. This error means that a shape or dimension argument could not be evaluated at compile time, usually because the value of the argument depends on a parameter to the computation, on a variable, or on a stateful operation such as a random number generator.

Stack trace for op definition: 
dummy_file_name:10:dummy_function_name

	 [[{{node functional_1_1/padded_obj_2_1/cond/while/cond/range_tfg_inlined_functional_1_1/padded_obj_2_1/cond/while/cond_tfg_inlined_functional_1_1/padded_obj_2_1/cond/while_1_0}}]]
	tf2xla conversion failed while converting functional_1_1_padded_obj_2_1_cond_while_cond_true_4914_tfg_region_specialized_functional_1_1_padded_obj_2_1_cond_while_cond_tfg_inlined_functional_1_1_padded_obj_2_1_cond_while_1_0_0_const_0[]. Run with TF_DUMP_GRAPH_PREFIX=/path/to/dump/dir and --vmodule=xla_compiler=2 to obtain a dump of the compiled functions.

Stack trace for op definition: 
dummy_file_name:10:dummy_function_name

	 [[functional_1_1/padded_obj_2_1/cond/while/cond_tfg_inlined_functional_1_1/padded_obj_2_1/cond/while_1]]
	tf2xla conversion failed while converting functional_1_1_padded_obj_2_1_cond_while_body_4880_tfg_region_specialized_functional_1_1_padded_obj_2_1_cond_while_tfg_inlined_functional_1_1_padded_obj_2_1_cond_1_1_const_0[]. Run with TF_DUMP_GRAPH_PREFIX=/path/to/dump/dir and --vmodule=xla_compiler=2 to obtain a dump of the compiled functions.

Stack trace for op definition: 
dummy_file_name:10:dummy_function_name

	 [[functional_1_1/padded_obj_2_1/cond/while_tfg_inlined_functional_1_1/padded_obj_2_1/cond_1]]
	tf2xla conversion failed while converting functional_1_1_padded_obj_2_1_cond_false_4474_tfg_region_specialized_functional_1_1_padded_obj_2_1_cond_1_const_0[]. Run with TF_DUMP_GRAPH_PREFIX=/path/to/dump/dir and --vmodule=xla_compiler=2 to obtain a dump of the compiled functions.

Stack trace for op definition: 
File "Documents/PtychoPINN/scripts/compare_models.py", line 1774, in <module>
File "Documents/PtychoPINN/scripts/compare_models.py", line 1166, in main
File "Documents/PtychoPINN/ptycho/workflows/components.py", line 163, in predict
File "miniconda3/envs/ptycho311/lib/python3.11/site-packages/keras/src/utils/traceback_utils.py", line 117, in error_handler
File "miniconda3/envs/ptycho311/lib/python3.11/site-packages/keras/src/backend/tensorflow/trainer.py", line 566, in predict
File "miniconda3/envs/ptycho311/lib/python3.11/site-packages/keras/src/backend/tensorflow/trainer.py", line 260, in one_step_on_data_distributed
File "miniconda3/envs/ptycho311/lib/python3.11/site-packages/keras/src/backend/tensorflow/trainer.py", line 250, in one_step_on_data
File "miniconda3/envs/ptycho311/lib/python3.11/site-packages/keras/src/backend/tensorflow/trainer.py", line 105, in predict_step
File "miniconda3/envs/ptycho311/lib/python3.11/site-packages/keras/src/utils/traceback_utils.py", line 117, in error_handler
File "miniconda3/envs/ptycho311/lib/python3.11/site-packages/keras/src/layers/layer.py", line 941, in __call__
File "miniconda3/envs/ptycho311/lib/python3.11/site-packages/keras/src/utils/traceback_utils.py", line 117, in error_handler
File "miniconda3/envs/ptycho311/lib/python3.11/site-packages/keras/src/ops/operation.py", line 59, in __call__
File "miniconda3/envs/ptycho311/lib/python3.11/site-packages/keras/src/utils/traceback_utils.py", line 156, in error_handler
File "miniconda3/envs/ptycho311/lib/python3.11/site-packages/keras/src/models/functional.py", line 183, in call
File "miniconda3/envs/ptycho311/lib/python3.11/site-packages/keras/src/ops/function.py", line 206, in _run_through_graph
File "miniconda3/envs/ptycho311/lib/python3.11/site-packages/keras/src/models/functional.py", line 644, in call
File "miniconda3/envs/ptycho311/lib/python3.11/site-packages/keras/src/utils/traceback_utils.py", line 117, in error_handler
File "miniconda3/envs/ptycho311/lib/python3.11/site-packages/keras/src/layers/layer.py", line 941, in __call__
File "miniconda3/envs/ptycho311/lib/python3.11/site-packages/keras/src/utils/traceback_utils.py", line 117, in error_handler
File "miniconda3/envs/ptycho311/lib/python3.11/site-packages/keras/src/ops/operation.py", line 59, in __call__
File "miniconda3/envs/ptycho311/lib/python3.11/site-packages/keras/src/utils/traceback_utils.py", line 156, in error_handler
File "Documents/PtychoPINN/ptycho/custom_layers.py", line 172, in call
File "Documents/PtychoPINN/ptycho/tf_helper.py", line 1100, in reassemble_patches
File "Documents/PtychoPINN/ptycho/tf_helper.py", line 692, in newf
File "Documents/PtychoPINN/ptycho/tf_helper.py", line 1350, in reassemble_patches_position_batched_real
File "Documents/PtychoPINN/ptycho/tf_helper.py", line 1027, in _reassemble_position_batched

	 [[functional_1_1/padded_obj_2_1/cond]]
	tf2xla conversion failed while converting __inference_one_step_on_data_6492[]. Run with TF_DUMP_GRAPH_PREFIX=/path/to/dump/dir and --vmodule=xla_compiler=2 to obtain a dump of the compiled functions.
	 [[StatefulPartitionedCall]] [Op:__inference_one_step_on_data_distributed_6585]
