============================= test session starts ==============================
platform linux -- Python 3.11.13, pytest-8.4.1, pluggy-1.6.0 -- /home/ollie/miniconda3/envs/ptycho311/bin/python3.11
cachedir: .pytest_cache
PyTorch: available
PyTorch version: 2.8.0+cu128
rootdir: /home/ollie/Documents/PtychoPINN2
configfile: pyproject.toml
plugins: anyio-4.9.0
collecting ... collected 5 items / 3 deselected / 2 selected

tests/study/test_dose_overlap_training.py::test_training_cli_filters_jobs PASSED [ 50%]
tests/study/test_dose_overlap_training.py::test_training_cli_manifest_and_bridging PASSED [100%]

======================= 2 passed, 3 deselected in 3.21s ========================
