============================= test session starts ==============================
platform linux -- Python 3.11.13, pytest-8.4.1, pluggy-1.6.0 -- /home/ollie/miniconda3/envs/ptycho311/bin/python3.11
cachedir: .pytest_cache
PyTorch: available
PyTorch version: 2.8.0+cu128
rootdir: /home/ollie/Documents/PtychoPINN2
configfile: pyproject.toml
plugins: anyio-4.9.0
collecting ... collected 2 items

tests/torch/test_workflows_components.py::TestTrainWithLightningGreen::test_execution_config_overrides_trainer PASSED [ 50%]
tests/torch/test_workflows_components.py::TestTrainWithLightningGreen::test_execution_config_controls_determinism PASSED [100%]

============================== 2 passed in 4.87s ===============================
============================= test session starts ==============================
platform linux -- Python 3.11.13, pytest-8.4.1, pluggy-1.6.0 -- /home/ollie/miniconda3/envs/ptycho311/bin/python3.11
cachedir: .pytest_cache
PyTorch: available
PyTorch version: 2.8.0+cu128
rootdir: /home/ollie/Documents/PtychoPINN2
configfile: pyproject.toml
plugins: anyio-4.9.0
collecting ... collected 1 item

tests/torch/test_workflows_components.py::TestInferenceExecutionConfig::test_inference_uses_execution_batch_size PASSED [100%]

============================== 1 passed in 3.59s ===============================
