============================= test session starts ==============================
platform linux -- Python 3.11.13, pytest-8.4.1, pluggy-1.6.0 -- /home/ollie/miniconda3/envs/ptycho311/bin/python3.11
cachedir: .pytest_cache
PyTorch: available
PyTorch version: 2.8.0+cu128
rootdir: /home/ollie/Documents/PtychoPINN2
configfile: pyproject.toml
plugins: anyio-4.9.0
collecting ... collected 1 item

tests/torch/test_integration_workflow_torch.py::test_run_pytorch_train_save_load_infer FAILED [100%]

=================================== FAILURES ===================================
____________________ test_run_pytorch_train_save_load_infer ____________________

tmp_path = PosixPath('/tmp/pytest-of-ollie/pytest-711/test_run_pytorch_train_save_lo0')
data_file = PosixPath('/home/ollie/Documents/PtychoPINN2/tests/fixtures/pytorch_integration/minimal_dataset_v1.npz')
cuda_cpu_env = {'CLAUDECODE': '1', 'CLAUDE_CODE_ENTRYPOINT': 'sdk-cli', 'CONDA_DEFAULT_ENV': 'ptycho311', 'CONDA_EXE': '/home/ollie/miniconda3/bin/conda', ...}

    def test_run_pytorch_train_save_load_infer(tmp_path, data_file, cuda_cpu_env):
        """
        Tests the complete PyTorch train → save → load → infer workflow.
    
        This validates the PyTorch model persistence layer by simulating a real
        user workflow across separate processes, mirroring the TensorFlow integration test.
    
        Phase: C2 (GREEN)
        Behavior:
        1. Training subprocess creates Lightning checkpoint at checkpoints/last.ckpt
        2. Inference subprocess loads checkpoint and generates reconstructions
        3. Output images created in inference output directory
        4. Assertions verify artifact existence and non-empty file sizes
    
        Implementation: _run_pytorch_workflow executes train/infer via subprocess
        """
        # Execute complete workflow via subprocess helper (Phase C2 implementation)
>       result = _run_pytorch_workflow(tmp_path, data_file, cuda_cpu_env)
                 ^^^^^^^^^^^^^^^^^^^^^^^^^^^^^^^^^^^^^^^^^^^^^^^^^^^^^^^^

tests/torch/test_integration_workflow_torch.py:193: 
_ _ _ _ _ _ _ _ _ _ _ _ _ _ _ _ _ _ _ _ _ _ _ _ _ _ _ _ _ _ _ _ _ _ _ _ _ _ _ _ 

tmp_path = PosixPath('/tmp/pytest-of-ollie/pytest-711/test_run_pytorch_train_save_lo0')
data_file = PosixPath('/home/ollie/Documents/PtychoPINN2/tests/fixtures/pytorch_integration/minimal_dataset_v1.npz')
cuda_cpu_env = {'CLAUDECODE': '1', 'CLAUDE_CODE_ENTRYPOINT': 'sdk-cli', 'CONDA_DEFAULT_ENV': 'ptycho311', 'CONDA_EXE': '/home/ollie/miniconda3/bin/conda', ...}

    def _run_pytorch_workflow(tmp_path, data_file, cuda_cpu_env):
        """
        Execute PyTorch train→save→load→infer workflow via subprocess calls.
    
        Parameters:
            tmp_path: pytest tmp_path fixture for output directories
            data_file: Path to NPZ dataset
            cuda_cpu_env: Environment dict with CUDA_VISIBLE_DEVICES=""
    
        Returns:
            SimpleNamespace with:
                - training_output_dir: Path to training outputs
                - inference_output_dir: Path to inference outputs
                - checkpoint_path: Path to Lightning checkpoint
                - recon_amp_path: Path to amplitude reconstruction PNG
                - recon_phase_path: Path to phase reconstruction PNG
    
        Raises:
            RuntimeError: If training or inference subprocess fails
    
        Phase: C2 (GREEN)
        Implementation: Ported from legacy unittest harness with subprocess commands
        """
        from types import SimpleNamespace
    
        # Define output paths
        training_output_dir = tmp_path / "training_outputs"
        inference_output_dir = tmp_path / "pytorch_output"
    
        # --- 1. Training Step (PyTorch) ---
        # CLI parameters aligned with Phase B1 scope (fixture n_subset=64, deterministic config)
        # Preserves CONFIG-001 ordering per docs/workflows/pytorch.md §12
        train_command = [
            sys.executable, "-m", "ptycho_torch.train",
            "--train_data_file", str(data_file),
            "--test_data_file", str(data_file),
            "--output_dir", str(training_output_dir),
            "--max_epochs", "2",  # Aligned with Phase B1 runtime budget (<45s)
            "--n_images", "64",   # Matches fixture subset size
            "--gridsize", "1",
            "--batch_size", "4",
            "--device", "cpu",    # Deterministic CPU-only execution per cuda_cpu_env fixture
            "--disable_mlflow",
        ]
    
        train_result = subprocess.run(
            train_command,
            capture_output=True,
            text=True,
            env=cuda_cpu_env,
            check=False
        )
    
        if train_result.returncode != 0:
>           raise RuntimeError(
                f"PyTorch training failed with return code {train_result.returncode}\n"
                f"STDOUT:\n{train_result.stdout}\n"
                f"STDERR:\n{train_result.stderr}"
            )
E           RuntimeError: PyTorch training failed with return code 1
E           STDOUT:
E           No GPU found, using CPU instead.
E           Using new CLI interface with factory-based config (ADR-003)
E           Creating configuration via factory (CONFIG-001 compliance)...
E           ✓ Factory created configs: N=64, gridsize=(1, 1), epochs=2
E           ✓ Execution config: accelerator=cpu, deterministic=True, learning_rate=0.001
E           Starting training with 2 epochs...
E           diff3d shape: (64, 64, 64)
E           probeGuess shape: (64, 64)
E           scan_index shape: (64,)
E           objectGuess shape: (227, 226)
E           xcoords shape: (64,)
E           ycoords shape: (64,)
E           xcoords_start shape: (64,)
E           ycoords_start shape: (64,)
E           diff3d shape: (64, 64, 64)
E           probeGuess shape: (64, 64)
E           scan_index shape: (64,)
E           objectGuess shape: (227, 226)
E           xcoords shape: (64,)
E           ycoords shape: (64,)
E           xcoords_start shape: (64,)
E           ycoords_start shape: (64,)
E           diff3d shape: (64, 64, 64)
E           probeGuess shape: (64, 64)
E           scan_index shape: (64,)
E           objectGuess shape: (227, 226)
E           xcoords shape: (64,)
E           ycoords shape: (64,)
E           xcoords_start shape: (64,)
E           ycoords_start shape: (64,)
E           DEBUG: nsamples: 64, gridsize: 1 (using efficient random sample-then-group strategy)
E           INFO: 'Y' array not found. Generating ground truth patches from 'objectGuess' as a fallback.
E           neighbor-sampled diffraction shape (64, 64, 64, 1)
E           diff3d shape: (64, 64, 64)
E           probeGuess shape: (64, 64)
E           scan_index shape: (64,)
E           objectGuess shape: (227, 226)
E           xcoords shape: (64,)
E           ycoords shape: (64,)
E           xcoords_start shape: (64,)
E           ycoords_start shape: (64,)
E           DEBUG: nsamples: 64, gridsize: 1 (using efficient random sample-then-group strategy)
E           INFO: 'Y' array not found. Generating ground truth patches from 'objectGuess' as a fallback.
E           neighbor-sampled diffraction shape (64, 64, 64, 1)
E           Decoder Block 1: No attention module added.
E           Decoder Block 2: No attention module added.
E           Decoder Block 1: No attention module added.
E           Decoder Block 2: No attention module added.
E           Training failed: Lightning training failed. See logs for details.
E           
E           STDERR:
E           2025-10-19 23:46:13.047333: E external/local_xla/xla/stream_executor/cuda/cuda_fft.cc:467] Unable to register cuFFT factory: Attempting to register factory for plugin cuFFT when one has already been registered
E           WARNING: All log messages before absl::InitializeLog() is called are written to STDERR
E           E0000 00:00:1760942773.058635 1485032 cuda_dnn.cc:8579] Unable to register cuDNN factory: Attempting to register factory for plugin cuDNN when one has already been registered
E           E0000 00:00:1760942773.062392 1485032 cuda_blas.cc:1407] Unable to register cuBLAS factory: Attempting to register factory for plugin cuBLAS when one has already been registered
E           W0000 00:00:1760942773.073300 1485032 computation_placer.cc:177] computation placer already registered. Please check linkage and avoid linking the same target more than once.
E           W0000 00:00:1760942773.073313 1485032 computation_placer.cc:177] computation placer already registered. Please check linkage and avoid linking the same target more than once.
E           W0000 00:00:1760942773.073315 1485032 computation_placer.cc:177] computation placer already registered. Please check linkage and avoid linking the same target more than once.
E           W0000 00:00:1760942773.073316 1485032 computation_placer.cc:177] computation placer already registered. Please check linkage and avoid linking the same target more than once.
E           2025-10-19 23:46:13.075996: I tensorflow/core/platform/cpu_feature_guard.cc:210] This TensorFlow binary is optimized to use available CPU instructions in performance-critical operations.
E           To enable the following instructions: AVX2 FMA, in other operations, rebuild TensorFlow with the appropriate compiler flags.
E           2025-10-19 23:46:15.034437: E external/local_xla/xla/stream_executor/cuda/cuda_platform.cc:51] failed call to cuInit: INTERNAL: CUDA error: Failed call to cuInit: CUDA_ERROR_NO_DEVICE: no CUDA-capable device is detected
E           2025-10-19 23:46:15.034458: I external/local_xla/xla/stream_executor/cuda/cuda_diagnostics.cc:167] env: CUDA_VISIBLE_DEVICES=""
E           2025-10-19 23:46:15.034463: I external/local_xla/xla/stream_executor/cuda/cuda_diagnostics.cc:170] CUDA_VISIBLE_DEVICES is set to an empty string - this hides all GPUs from CUDA
E           2025-10-19 23:46:15.034466: I external/local_xla/xla/stream_executor/cuda/cuda_diagnostics.cc:178] verbose logging is disabled. Rerun with verbose logging (usually --v=1 or --vmodule=cuda_diagnostics=1) to get more diagnostic output from this module
E           2025-10-19 23:46:15.034469: I external/local_xla/xla/stream_executor/cuda/cuda_diagnostics.cc:183] retrieving CUDA diagnostic information for host: ollie-System-Product-Name
E           2025-10-19 23:46:15.034471: I external/local_xla/xla/stream_executor/cuda/cuda_diagnostics.cc:190] hostname: ollie-System-Product-Name
E           2025-10-19 23:46:15.034494: I external/local_xla/xla/stream_executor/cuda/cuda_diagnostics.cc:197] libcuda reported version is: 570.172.8
E           2025-10-19 23:46:15.034515: I external/local_xla/xla/stream_executor/cuda/cuda_diagnostics.cc:201] kernel reported version is: 570.172.8
E           2025-10-19 23:46:15.034516: I external/local_xla/xla/stream_executor/cuda/cuda_diagnostics.cc:291] kernel version seems to match DSO: 570.172.8
E           /home/ollie/Documents/PtychoPINN2/ptycho_torch/config_factory.py:608: UserWarning: params.cfg already populated. Set force=True to overwrite existing values.
E             warnings.warn(
E           WARNING: All log messages before absl::InitializeLog() is called are written to STDERR
E           I0000 00:00:1760942777.489624 1485032 service.cc:152] XLA service 0x4b2f3f60 initialized for platform Host (this does not guarantee that XLA will be used). Devices:
E           I0000 00:00:1760942777.489651 1485032 service.cc:160]   StreamExecutor device (0): Host, Default Version
E           2025-10-19 23:46:17.505203: I tensorflow/compiler/mlir/tensorflow/utils/dump_mlir_util.cc:269] disabling MLIR crash reproducer, set env var `MLIR_CRASH_REPRODUCER_DIRECTORY` to enable.
E           I0000 00:00:1760942777.605673 1485032 device_compiler.h:188] Compiled cluster using XLA!  This line is logged at most once for the lifetime of the process.
E           Seed set to 42
E           INFO:pytorch_lightning.utilities.rank_zero:💡 Tip: For seamless cloud uploads and versioning, try installing [litmodels](https://pypi.org/project/litmodels/) to enable LitModelCheckpoint, which syncs automatically with the Lightning model registry.
E           INFO:pytorch_lightning.utilities.rank_zero:GPU available: False, used: False
E           INFO:pytorch_lightning.utilities.rank_zero:TPU available: False, using: 0 TPU cores
E           INFO:pytorch_lightning.utilities.rank_zero:HPU available: False, using: 0 HPUs
E           
E             | Name  | Type        | Params | Mode 
E           ----------------------------------------------
E           0 | model | PtychoPINN  | 2.3 M  | train
E           1 | Loss  | PoissonLoss | 0      | train
E           ----------------------------------------------
E           2.3 M     Trainable params
E           0         Non-trainable params
E           2.3 M     Total params
E           9.345     Total estimated model params size (MB)
E           73        Modules in train mode
