============================= test session starts ==============================
platform linux -- Python 3.11.13, pytest-8.4.1, pluggy-1.6.0 -- /home/ollie/miniconda3/envs/ptycho311/bin/python3.11
cachedir: .pytest_cache
PyTorch: available
PyTorch version: 2.8.0+cu128
rootdir: /home/ollie/Documents/PtychoPINN
configfile: pyproject.toml
plugins: anyio-4.9.0
collecting ... collected 1 item

tests/test_oversampling.py::TestAutomaticOversampling::test_enable_oversampling_flag_required PASSED [100%]

============================== 1 passed in 3.61s ===============================
