============================= test session starts ==============================
platform linux -- Python 3.11.13, pytest-8.4.1, pluggy-1.6.0 -- /home/ollie/miniconda3/envs/ptycho311/bin/python3.11
cachedir: .pytest_cache
PyTorch: available
PyTorch version: 2.8.0+cu128
rootdir: /home/ollie/Documents/PtychoPINN2
configfile: pyproject.toml
plugins: anyio-4.9.0
collecting ... collected 3 items

tests/torch/test_dataloader.py::TestDataloaderCanonicalKeySupport::test_backward_compat_legacy_diff3d PASSED [ 33%]
tests/torch/test_dataloader.py::TestDataloaderCanonicalKeySupport::test_error_when_no_diffraction_key PASSED [ 66%]
tests/torch/test_dataloader.py::TestDataloaderCanonicalKeySupport::test_loads_canonical_diffraction PASSED [100%]

============================== 3 passed in 4.47s ===============================
