============================= test session starts ==============================
platform linux -- Python 3.11.13, pytest-8.4.1, pluggy-1.6.0 -- /home/ollie/miniconda3/envs/ptycho311/bin/python3.11
cachedir: .pytest_cache
PyTorch: available
PyTorch version: 2.8.0+cu128
rootdir: /home/ollie/Documents/tmp/PtychoPINN
configfile: pyproject.toml
plugins: anyio-4.9.0
collecting ... collected 9 items

tests/test_lazy_loading.py::TestEagerLoadingOOM::test_memory_usage_scales_with_dataset_size[100] PASSED [ 11%]
tests/test_lazy_loading.py::TestEagerLoadingOOM::test_memory_usage_scales_with_dataset_size[500] PASSED [ 22%]
tests/test_lazy_loading.py::TestEagerLoadingOOM::test_memory_usage_scales_with_dataset_size[1000] PASSED [ 33%]
tests/test_lazy_loading.py::TestEagerLoadingOOM::test_oom_with_eager_loading SKIPPED [ 44%]
tests/test_lazy_loading.py::TestLazyLoading::test_lazy_loading_avoids_oom PASSED [ 55%]
tests/test_lazy_loading.py::TestLazyLoading::test_lazy_container_backward_compatible PASSED [ 66%]
tests/test_lazy_loading.py::TestLazyLoading::test_lazy_caching PASSED    [ 77%]
tests/test_lazy_loading.py::TestLazyLoading::test_tensor_input_handled PASSED [ 88%]
tests/test_lazy_loading.py::TestLazyLoading::test_len_method PASSED      [100%]

=========================== short test summary info ============================
SKIPPED [1] tests/test_lazy_loading.py:67: Intentionally triggers OOM - run manually with --run-oom
========================= 8 passed, 1 skipped in 5.85s =========================
============================= test session starts ==============================
platform linux -- Python 3.11.13, pytest-8.4.1, pluggy-1.6.0 -- /home/ollie/miniconda3/envs/ptycho311/bin/python3.11
cachedir: .pytest_cache
PyTorch: available
PyTorch version: 2.8.0+cu128
rootdir: /home/ollie/Documents/tmp/PtychoPINN
configfile: pyproject.toml
plugins: anyio-4.9.0
collecting ... collected 3 items

tests/test_model_factory.py::TestMultiNModelCreation::test_multi_n_model_creation PASSED [ 33%]
tests/test_model_factory.py::TestImportSideEffects::test_import_no_side_effects PASSED [ 66%]
tests/test_model_factory.py::TestXLAReenablement::test_multi_n_with_xla_enabled PASSED [100%]

============================== 3 passed in 25.75s ==============================
