============================= test session starts ==============================
platform linux -- Python 3.11.13, pytest-8.4.1, pluggy-1.6.0 -- /home/ollie/miniconda3/envs/ptycho311/bin/python3.11
cachedir: .pytest_cache
PyTorch: available
PyTorch version: 2.9.1+cu128
rootdir: /home/ollie/Documents/tmp/PtychoPINN
configfile: pyproject.toml
plugins: typeguard-2.13.3, anyio-4.9.0
collecting ... collected 9 items

tests/scripts/test_synthetic_helpers.py::test_make_lines_object_seeded_restores_data_source PASSED [ 11%]
tests/scripts/test_synthetic_helpers.py::test_make_probe_integration_loads_probe PASSED [ 22%]
tests/scripts/test_synthetic_helpers.py::test_make_probe_integration_requires_key PASSED [ 33%]
tests/scripts/test_synthetic_helpers.py::test_simulate_nongrid_seeded PASSED [ 44%]
tests/scripts/test_synthetic_helpers.py::test_split_raw_data_by_axis PASSED [ 55%]
tests/scripts/test_synthetic_helpers_cli_smoke.py::test_dose_response_study_help PASSED [ 66%]
tests/scripts/test_synthetic_helpers_cli_smoke.py::test_sim_lines_gs1_ideal_help PASSED [ 77%]
tests/scripts/test_synthetic_helpers_cli_smoke.py::test_run_with_synthetic_lines_help PASSED [ 88%]
tests/scripts/test_synthetic_helpers_cli_smoke.py::test_sim_lines_pipeline_import_smoke PASSED [100%]

============================== 9 passed in 16.56s ==============================
