============================= test session starts ==============================
platform linux -- Python 3.11.13, pytest-8.4.1, pluggy-1.6.0 -- /home/ollie/miniconda3/envs/ptycho311/bin/python3.11
cachedir: .pytest_cache
PyTorch: available
PyTorch version: 2.8.0+cu128
rootdir: /home/ollie/Documents/tmp/PtychoPINN
configfile: pyproject.toml
plugins: anyio-4.9.0
collecting ... collected 15 items

tests/test_lazy_loading.py::TestEagerLoadingOOM::test_memory_usage_scales_with_dataset_size[100] PASSED [  6%]
tests/test_lazy_loading.py::TestEagerLoadingOOM::test_memory_usage_scales_with_dataset_size[500] PASSED [ 13%]
tests/test_lazy_loading.py::TestEagerLoadingOOM::test_memory_usage_scales_with_dataset_size[1000] PASSED [ 20%]
tests/test_lazy_loading.py::TestEagerLoadingOOM::test_oom_with_eager_loading SKIPPED [ 26%]
tests/test_lazy_loading.py::TestLazyLoading::test_lazy_loading_avoids_oom PASSED [ 33%]
tests/test_lazy_loading.py::TestLazyLoading::test_lazy_container_backward_compatible PASSED [ 40%]
tests/test_lazy_loading.py::TestLazyLoading::test_lazy_caching PASSED    [ 46%]
tests/test_lazy_loading.py::TestLazyLoading::test_tensor_input_handled PASSED [ 53%]
tests/test_lazy_loading.py::TestLazyLoading::test_len_method PASSED      [ 60%]
tests/test_lazy_loading.py::TestStreamingTraining::test_as_tf_dataset_yields_correct_structure PASSED [ 66%]
tests/test_lazy_loading.py::TestStreamingTraining::test_streaming_training_auto_detection PASSED [ 73%]
tests/test_lazy_loading.py::TestStreamingTraining::test_train_accepts_use_streaming_parameter PASSED [ 80%]
tests/test_lazy_loading.py::TestStreamingTraining::test_dataset_batch_count PASSED [ 86%]
tests/test_lazy_loading.py::TestCompareModelsChunking::test_container_numpy_slicing_for_chunked_inference PASSED [ 93%]
tests/test_lazy_loading.py::TestCompareModelsChunking::test_lazy_container_inference_integration PASSED [100%]

=========================== short test summary info ============================
SKIPPED [1] tests/test_lazy_loading.py:67: Intentionally triggers OOM - run manually with --run-oom
======================== 14 passed, 1 skipped in 8.70s =========================
