============================= test session starts ==============================
platform linux -- Python 3.11.13, pytest-8.4.1, pluggy-1.6.0 -- /home/ollie/miniconda3/envs/ptycho311/bin/python3.11
cachedir: .pytest_cache
PyTorch: available
PyTorch version: 2.8.0+cu128
rootdir: /home/ollie/Documents/PtychoPINN2
configfile: pyproject.toml
plugins: anyio-4.9.0
collecting ... collected 1 item

tests/study/test_dose_overlap_reconstruction.py::test_cli_skips_missing_phase_d FAILED [100%]

=================================== FAILURES ===================================
________________________ test_cli_skips_missing_phase_d ________________________

mock_phase_c_datasets = PosixPath('/tmp/pytest-of-ollie/pytest-143/test_cli_skips_missing_phase_d0/phase_c')
tmp_path = PosixPath('/tmp/pytest-of-ollie/pytest-143/test_cli_skips_missing_phase_d0')

    def test_cli_skips_missing_phase_d(mock_phase_c_datasets, tmp_path):
        """
        RED→GREEN test: CLI skips missing Phase D NPZs with --allow-missing-phase-d.
    
        Phase F2 sparse view handling:
        - When sparse view NPZs are missing from Phase D (e.g., rejected by spacing threshold)
        - And --allow-missing-phase-d flag is set
        - Then builder should skip missing jobs and record skip metadata
        - Manifest should include skip events with reasons (e.g., "Phase D NPZ not found")
        - Skip summary should document missing views
    
        Test strategy:
        1. Create Phase C baseline datasets (all doses/splits present)
        2. Create Phase D datasets WITH ONLY dense views (sparse views deliberately omitted)
        3. Run CLI with --allow-missing-phase-d flag
        4. Assert manifest contains skip metadata for missing sparse views
        5. Assert skip summary documents missing Phase D files
    
        Expected skip events (with sparse views missing):
        - 3 doses × 1 view (sparse) × 2 splits = 6 missing jobs
        - Skip reason: "Phase D NPZ not found: <path>" (or similar)
    
        Findings alignment:
        - CONFIG-001: Builder stays pure; skip metadata collected without params.cfg mutation
        - DATA-001: Validate present NPZs against canonical contract
        - OVERSAMPLING-001: Skip reasoning should reference spacing guard when applicable
        """
        import sys
        import json
        from studies.fly64_dose_overlap import reconstruction
        from studies.fly64_dose_overlap.design import get_study_design
    
        artifact_root = tmp_path / "sparse_skip_artifacts"
        artifact_root.mkdir()
    
        # Create Phase D with ONLY dense views (sparse views omitted)
        phase_d_root = tmp_path / "phase_d_incomplete"
        design = get_study_design()
    
        minimal_data = {
            'diffraction': np.random.rand(10, 64, 64).astype(np.float32),
            'objectGuess': np.random.rand(128, 128) + 1j * np.random.rand(128, 128),
            'probeGuess': np.random.rand(64, 64) + 1j * np.random.rand(64, 64),
            'Y': (np.random.rand(10, 128, 128) + 1j * np.random.rand(10, 128, 128)).astype(np.complex64),
            'xcoords': np.random.rand(10).astype(np.float32),
            'ycoords': np.random.rand(10).astype(np.float32),
            'filenames': np.array([f'img_{i:04d}' for i in range(10)]),
        }
    
        for dose in design.dose_list:
            dose_dir = phase_d_root / f"dose_{int(dose)}"
            # Only create dense view (sparse deliberately omitted)
            dense_dir = dose_dir / "dense"
            dense_dir.mkdir(parents=True, exist_ok=True)
    
            for split in ['train', 'test']:
                npz_path = dense_dir / f"dense_{split}.npz"
                np.savez_compressed(npz_path, **minimal_data)
    
        # Build CLI arguments with --allow-missing-phase-d
        sys.argv = [
            "reconstruction.py",
            "--phase-c-root", str(mock_phase_c_datasets),
            "--phase-d-root", str(phase_d_root),
            "--artifact-root", str(artifact_root),
            "--allow-missing-phase-d",
            "--dry-run",
        ]
    
        # Execute CLI
        exit_code = reconstruction.main()
    
        # RED expectation: Builder currently raises FileNotFoundError for missing sparse views
        # even with allow_missing=True because it only gates the assertion, not skip metadata
        # GREEN expectation: CLI returns 0 and emits skip metadata for missing sparse views
    
        # Assert CLI executed successfully
        assert exit_code == 0, f"CLI should handle missing Phase D files gracefully, got exit code {exit_code}"
    
        # Verify manifest was written
        manifest_path = artifact_root / "reconstruction_manifest.json"
        assert manifest_path.exists(), f"Manifest not found: {manifest_path}"
    
        with open(manifest_path, 'r') as f:
            manifest = json.load(f)
    
        # Assert manifest contains skip metadata
>       assert 'phase_d_missing' in manifest or 'skipped_phase_d' in manifest or 'missing_jobs' in manifest, \
            "Manifest missing skip metadata for Phase D missing files"
E       AssertionError: Manifest missing skip metadata for Phase D missing files
E       assert ('phase_d_missing' in {'timestamp': '2025-11-04T04:20:14.059467', 'phase_c_root': '/tmp/pytest-of-ollie/pytest-143/test_cli_skips_missing_phase_d0/phase_c', 'phase_d_root': '/tmp/pytest-of-ollie/pytest-143/test_cli_skips_missing_phase_d0/phase_d_incomplete', 'artifact_root': '/tmp/pytest-of-ollie/pytest-143/test_cli_skips_missing_phase_d0/sparse_skip_artifacts', 'filters': {'dose': None, 'view': None, 'split': None, 'gridsize': None}, 'total_jobs': 18, 'filtered_jobs': 18, 'jobs': [{'dose': 1000.0, 'view': 'baseline', 'split': 'train', 'input_npz': '/tmp/pytest-of-ollie/pytest-143/test_cli_skips_missing_phase_d0/phase_c/dose_1000/patched_train.npz', 'output_dir': '/tmp/pytest-of-ollie/pytest-143/test_cli_skips_missing_phase_d0/sparse_skip_artifacts/dose_1000/baseline/train', 'algorithm': 'LSQML', 'num_epochs': 100}, {'dose': 1000.0, 'view': 'dense', 'split': 'train', 'input_npz': '/tmp/pytest-of-ollie/pytest-143/test_cli_skips_missing_phase_d0/phase_d_incomplete/dose_1000/dense/dense_train.npz', 'output_dir': '/tmp/pytest-of-ollie/pytest-143/test_cli_skips_missing_phase_d0/sparse_skip_artifacts/dose_1000/dense/train', 'algorithm': 'LSQML', 'num_epochs': 100}, {'dose': 1000.0, 'view': 'sparse', 'split': 'train', 'input_npz': '/tmp/pytest-of-ollie/pytest-143/test_cli_skips_missing_phase_d0/phase_d_incomplete/dose_1000/sparse/sparse_train.npz', 'output_dir': '/tmp/pytest-of-ollie/pytest-143/test_cli_skips_missing_phase_d0/sparse_skip_artifacts/dose_1000/sparse/train', 'algorithm': 'LSQML', 'num_epochs': 100}, {'dose': 1000.0, 'view': 'baseline', 'split': 'test', 'input_npz': '/tmp/pytest-of-ollie/pytest-143/test_cli_skips_missing_phase_d0/phase_c/dose_1000/patched_test.npz', 'output_dir': '/tmp/pytest-of-ollie/pytest-143/test_cli_skips_missing_phase_d0/sparse_skip_artifacts/dose_1000/baseline/test', 'algorithm': 'LSQML', 'num_epochs': 100}, {'dose': 1000.0, 'view': 'dense', 'split': 'test', 'input_npz': '/tmp/pytest-of-ollie/pytest-143/test_cli_skips_missing_phase_d0/phase_d_incomplete/dose_1000/dense/dense_test.npz', 'output_dir': '/tmp/pytest-of-ollie/pytest-143/test_cli_skips_missing_phase_d0/sparse_skip_artifacts/dose_1000/dense/test', 'algorithm': 'LSQML', 'num_epochs': 100}, {'dose': 1000.0, 'view': 'sparse', 'split': 'test', 'input_npz': '/tmp/pytest-of-ollie/pytest-143/test_cli_skips_missing_phase_d0/phase_d_incomplete/dose_1000/sparse/sparse_test.npz', 'output_dir': '/tmp/pytest-of-ollie/pytest-143/test_cli_skips_missing_phase_d0/sparse_skip_artifacts/dose_1000/sparse/test', 'algorithm': 'LSQML', 'num_epochs': 100}, {'dose': 10000.0, 'view': 'baseline', 'split': 'train', 'input_npz': '/tmp/pytest-of-ollie/pytest-143/test_cli_skips_missing_phase_d0/phase_c/dose_10000/patched_train.npz', 'output_dir': '/tmp/pytest-of-ollie/pytest-143/test_cli_skips_missing_phase_d0/sparse_skip_artifacts/dose_10000/baseline/train', 'algorithm': 'LSQML', 'num_epochs': 100}, {'dose': 10000.0, 'view': 'dense', 'split': 'train', 'input_npz': '/tmp/pytest-of-ollie/pytest-143/test_cli_skips_missing_phase_d0/phase_d_incomplete/dose_10000/dense/dense_train.npz', 'output_dir': '/tmp/pytest-of-ollie/pytest-143/test_cli_skips_missing_phase_d0/sparse_skip_artifacts/dose_10000/dense/train', 'algorithm': 'LSQML', 'num_epochs': 100}, {'dose': 10000.0, 'view': 'sparse', 'split': 'train', 'input_npz': '/tmp/pytest-of-ollie/pytest-143/test_cli_skips_missing_phase_d0/phase_d_incomplete/dose_10000/sparse/sparse_train.npz', 'output_dir': '/tmp/pytest-of-ollie/pytest-143/test_cli_skips_missing_phase_d0/sparse_skip_artifacts/dose_10000/sparse/train', 'algorithm': 'LSQML', 'num_epochs': 100}, {'dose': 10000.0, 'view': 'baseline', 'split': 'test', 'input_npz': '/tmp/pytest-of-ollie/pytest-143/test_cli_skips_missing_phase_d0/phase_c/dose_10000/patched_test.npz', 'output_dir': '/tmp/pytest-of-ollie/pytest-143/test_cli_skips_missing_phase_d0/sparse_skip_artifacts/dose_10000/baseline/test', 'algorithm': 'LSQML', 'num_epochs': 100}, {'dose': 10000.0, 'view': 'dense', 'split': 'test', 'input_npz': '/tmp/pytest-of-ollie/pytest-143/test_cli_skips_missing_phase_d0/phase_d_incomplete/dose_10000/dense/dense_test.npz', 'output_dir': '/tmp/pytest-of-ollie/pytest-143/test_cli_skips_missing_phase_d0/sparse_skip_artifacts/dose_10000/dense/test', 'algorithm': 'LSQML', 'num_epochs': 100}, {'dose': 10000.0, 'view': 'sparse', 'split': 'test', 'input_npz': '/tmp/pytest-of-ollie/pytest-143/test_cli_skips_missing_phase_d0/phase_d_incomplete/dose_10000/sparse/sparse_test.npz', 'output_dir': '/tmp/pytest-of-ollie/pytest-143/test_cli_skips_missing_phase_d0/sparse_skip_artifacts/dose_10000/sparse/test', 'algorithm': 'LSQML', 'num_epochs': 100}, {'dose': 100000.0, 'view': 'baseline', 'split': 'train', 'input_npz': '/tmp/pytest-of-ollie/pytest-143/test_cli_skips_missing_phase_d0/phase_c/dose_100000/patched_train.npz', 'output_dir': '/tmp/pytest-of-ollie/pytest-143/test_cli_skips_missing_phase_d0/sparse_skip_artifacts/dose_100000/baseline/train', 'algorithm': 'LSQML', 'num_epochs': 100}, {'dose': 100000.0, 'view': 'dense', 'split': 'train', 'input_npz': '/tmp/pytest-of-ollie/pytest-143/test_cli_skips_missing_phase_d0/phase_d_incomplete/dose_100000/dense/dense_train.npz', 'output_dir': '/tmp/pytest-of-ollie/pytest-143/test_cli_skips_missing_phase_d0/sparse_skip_artifacts/dose_100000/dense/train', 'algorithm': 'LSQML', 'num_epochs': 100}, {'dose': 100000.0, 'view': 'sparse', 'split': 'train', 'input_npz': '/tmp/pytest-of-ollie/pytest-143/test_cli_skips_missing_phase_d0/phase_d_incomplete/dose_100000/sparse/sparse_train.npz', 'output_dir': '/tmp/pytest-of-ollie/pytest-143/test_cli_skips_missing_phase_d0/sparse_skip_artifacts/dose_100000/sparse/train', 'algorithm': 'LSQML', 'num_epochs': 100}, {'dose': 100000.0, 'view': 'baseline', 'split': 'test', 'input_npz': '/tmp/pytest-of-ollie/pytest-143/test_cli_skips_missing_phase_d0/phase_c/dose_100000/patched_test.npz', 'output_dir': '/tmp/pytest-of-ollie/pytest-143/test_cli_skips_missing_phase_d0/sparse_skip_artifacts/dose_100000/baseline/test', 'algorithm': 'LSQML', 'num_epochs': 100}, {'dose': 100000.0, 'view': 'dense', 'split': 'test', 'input_npz': '/tmp/pytest-of-ollie/pytest-143/test_cli_skips_missing_phase_d0/phase_d_incomplete/dose_100000/dense/dense_test.npz', 'output_dir': '/tmp/pytest-of-ollie/pytest-143/test_cli_skips_missing_phase_d0/sparse_skip_artifacts/dose_100000/dense/test', 'algorithm': 'LSQML', 'num_epochs': 100}, {'dose': 100000.0, 'view': 'sparse', 'split': 'test', 'input_npz': '/tmp/pytest-of-ollie/pytest-143/test_cli_skips_missing_phase_d0/phase_d_incomplete/dose_100000/sparse/sparse_test.npz', 'output_dir': '/tmp/pytest-of-ollie/pytest-143/test_cli_skips_missing_phase_d0/sparse_skip_artifacts/dose_100000/sparse/test', 'algorithm': 'LSQML', 'num_epochs': 100}], 'execution_results': [{'dose': 1000.0, 'view': 'baseline', 'split': 'train', 'returncode': 0, 'log_path': '/tmp/pytest-of-ollie/pytest-143/test_cli_skips_missing_phase_d0/sparse_skip_artifacts/dose_1000/baseline/train/ptychi.log', 'stdout_preview': '[DRY RUN] Would execute: python scripts/reconstruction/ptychi_reconstruct_tike.py --algorithm LSQML --num-epochs 100 --input-npz /tmp/pytest-of-ollie/pytest-143/test_cli_skips_missing_phase_d0/phase_c'}, {'dose': 1000.0, 'view': 'dense', 'split': 'train', 'returncode': 0, 'log_path': '/tmp/pytest-of-ollie/pytest-143/test_cli_skips_missing_phase_d0/sparse_skip_artifacts/dose_1000/dense/train/ptychi.log', 'stdout_preview': '[DRY RUN] Would execute: python scripts/reconstruction/ptychi_reconstruct_tike.py --algorithm LSQML --num-epochs 100 --input-npz /tmp/pytest-of-ollie/pytest-143/test_cli_skips_missing_phase_d0/phase_d'}, {'dose': 1000.0, 'view': 'sparse', 'split': 'train', 'returncode': 0, 'log_path': '/tmp/pytest-of-ollie/pytest-143/test_cli_skips_missing_phase_d0/sparse_skip_artifacts/dose_1000/sparse/train/ptychi.log', 'stdout_preview': '[DRY RUN] Would execute: python scripts/reconstruction/ptychi_reconstruct_tike.py --algorithm LSQML --num-epochs 100 --input-npz /tmp/pytest-of-ollie/pytest-143/test_cli_skips_missing_phase_d0/phase_d'}, {'dose': 1000.0, 'view': 'baseline', 'split': 'test', 'returncode': 0, 'log_path': '/tmp/pytest-of-ollie/pytest-143/test_cli_skips_missing_phase_d0/sparse_skip_artifacts/dose_1000/baseline/test/ptychi.log', 'stdout_preview': '[DRY RUN] Would execute: python scripts/reconstruction/ptychi_reconstruct_tike.py --algorithm LSQML --num-epochs 100 --input-npz /tmp/pytest-of-ollie/pytest-143/test_cli_skips_missing_phase_d0/phase_c'}, {'dose': 1000.0, 'view': 'dense', 'split': 'test', 'returncode': 0, 'log_path': '/tmp/pytest-of-ollie/pytest-143/test_cli_skips_missing_phase_d0/sparse_skip_artifacts/dose_1000/dense/test/ptychi.log', 'stdout_preview': '[DRY RUN] Would execute: python scripts/reconstruction/ptychi_reconstruct_tike.py --algorithm LSQML --num-epochs 100 --input-npz /tmp/pytest-of-ollie/pytest-143/test_cli_skips_missing_phase_d0/phase_d'}, {'dose': 1000.0, 'view': 'sparse', 'split': 'test', 'returncode': 0, 'log_path': '/tmp/pytest-of-ollie/pytest-143/test_cli_skips_missing_phase_d0/sparse_skip_artifacts/dose_1000/sparse/test/ptychi.log', 'stdout_preview': '[DRY RUN] Would execute: python scripts/reconstruction/ptychi_reconstruct_tike.py --algorithm LSQML --num-epochs 100 --input-npz /tmp/pytest-of-ollie/pytest-143/test_cli_skips_missing_phase_d0/phase_d'}, {'dose': 10000.0, 'view': 'baseline', 'split': 'train', 'returncode': 0, 'log_path': '/tmp/pytest-of-ollie/pytest-143/test_cli_skips_missing_phase_d0/sparse_skip_artifacts/dose_10000/baseline/train/ptychi.log', 'stdout_preview': '[DRY RUN] Would execute: python scripts/reconstruction/ptychi_reconstruct_tike.py --algorithm LSQML --num-epochs 100 --input-npz /tmp/pytest-of-ollie/pytest-143/test_cli_skips_missing_phase_d0/phase_c'}, {'dose': 10000.0, 'view': 'dense', 'split': 'train', 'returncode': 0, 'log_path': '/tmp/pytest-of-ollie/pytest-143/test_cli_skips_missing_phase_d0/sparse_skip_artifacts/dose_10000/dense/train/ptychi.log', 'stdout_preview': '[DRY RUN] Would execute: python scripts/reconstruction/ptychi_reconstruct_tike.py --algorithm LSQML --num-epochs 100 --input-npz /tmp/pytest-of-ollie/pytest-143/test_cli_skips_missing_phase_d0/phase_d'}, {'dose': 10000.0, 'view': 'sparse', 'split': 'train', 'returncode': 0, 'log_path': '/tmp/pytest-of-ollie/pytest-143/test_cli_skips_missing_phase_d0/sparse_skip_artifacts/dose_10000/sparse/train/ptychi.log', 'stdout_preview': '[DRY RUN] Would execute: python scripts/reconstruction/ptychi_reconstruct_tike.py --algorithm LSQML --num-epochs 100 --input-npz /tmp/pytest-of-ollie/pytest-143/test_cli_skips_missing_phase_d0/phase_d'}, {'dose': 10000.0, 'view': 'baseline', 'split': 'test', 'returncode': 0, 'log_path': '/tmp/pytest-of-ollie/pytest-143/test_cli_skips_missing_phase_d0/sparse_skip_artifacts/dose_10000/baseline/test/ptychi.log', 'stdout_preview': '[DRY RUN] Would execute: python scripts/reconstruction/ptychi_reconstruct_tike.py --algorithm LSQML --num-epochs 100 --input-npz /tmp/pytest-of-ollie/pytest-143/test_cli_skips_missing_phase_d0/phase_c'}, {'dose': 10000.0, 'view': 'dense', 'split': 'test', 'returncode': 0, 'log_path': '/tmp/pytest-of-ollie/pytest-143/test_cli_skips_missing_phase_d0/sparse_skip_artifacts/dose_10000/dense/test/ptychi.log', 'stdout_preview': '[DRY RUN] Would execute: python scripts/reconstruction/ptychi_reconstruct_tike.py --algorithm LSQML --num-epochs 100 --input-npz /tmp/pytest-of-ollie/pytest-143/test_cli_skips_missing_phase_d0/phase_d'}, {'dose': 10000.0, 'view': 'sparse', 'split': 'test', 'returncode': 0, 'log_path': '/tmp/pytest-of-ollie/pytest-143/test_cli_skips_missing_phase_d0/sparse_skip_artifacts/dose_10000/sparse/test/ptychi.log', 'stdout_preview': '[DRY RUN] Would execute: python scripts/reconstruction/ptychi_reconstruct_tike.py --algorithm LSQML --num-epochs 100 --input-npz /tmp/pytest-of-ollie/pytest-143/test_cli_skips_missing_phase_d0/phase_d'}, {'dose': 100000.0, 'view': 'baseline', 'split': 'train', 'returncode': 0, 'log_path': '/tmp/pytest-of-ollie/pytest-143/test_cli_skips_missing_phase_d0/sparse_skip_artifacts/dose_100000/baseline/train/ptychi.log', 'stdout_preview': '[DRY RUN] Would execute: python scripts/reconstruction/ptychi_reconstruct_tike.py --algorithm LSQML --num-epochs 100 --input-npz /tmp/pytest-of-ollie/pytest-143/test_cli_skips_missing_phase_d0/phase_c'}, {'dose': 100000.0, 'view': 'dense', 'split': 'train', 'returncode': 0, 'log_path': '/tmp/pytest-of-ollie/pytest-143/test_cli_skips_missing_phase_d0/sparse_skip_artifacts/dose_100000/dense/train/ptychi.log', 'stdout_preview': '[DRY RUN] Would execute: python scripts/reconstruction/ptychi_reconstruct_tike.py --algorithm LSQML --num-epochs 100 --input-npz /tmp/pytest-of-ollie/pytest-143/test_cli_skips_missing_phase_d0/phase_d'}, {'dose': 100000.0, 'view': 'sparse', 'split': 'train', 'returncode': 0, 'log_path': '/tmp/pytest-of-ollie/pytest-143/test_cli_skips_missing_phase_d0/sparse_skip_artifacts/dose_100000/sparse/train/ptychi.log', 'stdout_preview': '[DRY RUN] Would execute: python scripts/reconstruction/ptychi_reconstruct_tike.py --algorithm LSQML --num-epochs 100 --input-npz /tmp/pytest-of-ollie/pytest-143/test_cli_skips_missing_phase_d0/phase_d'}, {'dose': 100000.0, 'view': 'baseline', 'split': 'test', 'returncode': 0, 'log_path': '/tmp/pytest-of-ollie/pytest-143/test_cli_skips_missing_phase_d0/sparse_skip_artifacts/dose_100000/baseline/test/ptychi.log', 'stdout_preview': '[DRY RUN] Would execute: python scripts/reconstruction/ptychi_reconstruct_tike.py --algorithm LSQML --num-epochs 100 --input-npz /tmp/pytest-of-ollie/pytest-143/test_cli_skips_missing_phase_d0/phase_c'}, {'dose': 100000.0, 'view': 'dense', 'split': 'test', 'returncode': 0, 'log_path': '/tmp/pytest-of-ollie/pytest-143/test_cli_skips_missing_phase_d0/sparse_skip_artifacts/dose_100000/dense/test/ptychi.log', 'stdout_preview': '[DRY RUN] Would execute: python scripts/reconstruction/ptychi_reconstruct_tike.py --algorithm LSQML --num-epochs 100 --input-npz /tmp/pytest-of-ollie/pytest-143/test_cli_skips_missing_phase_d0/phase_d'}, {'dose': 100000.0, 'view': 'sparse', 'split': 'test', 'returncode': 0, 'log_path': '/tmp/pytest-of-ollie/pytest-143/test_cli_skips_missing_phase_d0/sparse_skip_artifacts/dose_100000/sparse/test/ptychi.log', 'stdout_preview': '[DRY RUN] Would execute: python scripts/reconstruction/ptychi_reconstruct_tike.py --algorithm LSQML --num-epochs 100 --input-npz /tmp/pytest-of-ollie/pytest-143/test_cli_skips_missing_phase_d0/phase_d'}]} or 'skipped_phase_d' in {'timestamp': '2025-11-04T04:20:14.059467', 'phase_c_root': '/tmp/pytest-of-ollie/pytest-143/test_cli_skips_missing_phase_d0/phase_c', 'phase_d_root': '/tmp/pytest-of-ollie/pytest-143/test_cli_skips_missing_phase_d0/phase_d_incomplete', 'artifact_root': '/tmp/pytest-of-ollie/pytest-143/test_cli_skips_missing_phase_d0/sparse_skip_artifacts', 'filters': {'dose': None, 'view': None, 'split': None, 'gridsize': None}, 'total_jobs': 18, 'filtered_jobs': 18, 'jobs': [{'dose': 1000.0, 'view': 'baseline', 'split': 'train', 'input_npz': '/tmp/pytest-of-ollie/pytest-143/test_cli_skips_missing_phase_d0/phase_c/dose_1000/patched_train.npz', 'output_dir': '/tmp/pytest-of-ollie/pytest-143/test_cli_skips_missing_phase_d0/sparse_skip_artifacts/dose_1000/baseline/train', 'algorithm': 'LSQML', 'num_epochs': 100}, {'dose': 1000.0, 'view': 'dense', 'split': 'train', 'input_npz': '/tmp/pytest-of-ollie/pytest-143/test_cli_skips_missing_phase_d0/phase_d_incomplete/dose_1000/dense/dense_train.npz', 'output_dir': '/tmp/pytest-of-ollie/pytest-143/test_cli_skips_missing_phase_d0/sparse_skip_artifacts/dose_1000/dense/train', 'algorithm': 'LSQML', 'num_epochs': 100}, {'dose': 1000.0, 'view': 'sparse', 'split': 'train', 'input_npz': '/tmp/pytest-of-ollie/pytest-143/test_cli_skips_missing_phase_d0/phase_d_incomplete/dose_1000/sparse/sparse_train.npz', 'output_dir': '/tmp/pytest-of-ollie/pytest-143/test_cli_skips_missing_phase_d0/sparse_skip_artifacts/dose_1000/sparse/train', 'algorithm': 'LSQML', 'num_epochs': 100}, {'dose': 1000.0, 'view': 'baseline', 'split': 'test', 'input_npz': '/tmp/pytest-of-ollie/pytest-143/test_cli_skips_missing_phase_d0/phase_c/dose_1000/patched_test.npz', 'output_dir': '/tmp/pytest-of-ollie/pytest-143/test_cli_skips_missing_phase_d0/sparse_skip_artifacts/dose_1000/baseline/test', 'algorithm': 'LSQML', 'num_epochs': 100}, {'dose': 1000.0, 'view': 'dense', 'split': 'test', 'input_npz': '/tmp/pytest-of-ollie/pytest-143/test_cli_skips_missing_phase_d0/phase_d_incomplete/dose_1000/dense/dense_test.npz', 'output_dir': '/tmp/pytest-of-ollie/pytest-143/test_cli_skips_missing_phase_d0/sparse_skip_artifacts/dose_1000/dense/test', 'algorithm': 'LSQML', 'num_epochs': 100}, {'dose': 1000.0, 'view': 'sparse', 'split': 'test', 'input_npz': '/tmp/pytest-of-ollie/pytest-143/test_cli_skips_missing_phase_d0/phase_d_incomplete/dose_1000/sparse/sparse_test.npz', 'output_dir': '/tmp/pytest-of-ollie/pytest-143/test_cli_skips_missing_phase_d0/sparse_skip_artifacts/dose_1000/sparse/test', 'algorithm': 'LSQML', 'num_epochs': 100}, {'dose': 10000.0, 'view': 'baseline', 'split': 'train', 'input_npz': '/tmp/pytest-of-ollie/pytest-143/test_cli_skips_missing_phase_d0/phase_c/dose_10000/patched_train.npz', 'output_dir': '/tmp/pytest-of-ollie/pytest-143/test_cli_skips_missing_phase_d0/sparse_skip_artifacts/dose_10000/baseline/train', 'algorithm': 'LSQML', 'num_epochs': 100}, {'dose': 10000.0, 'view': 'dense', 'split': 'train', 'input_npz': '/tmp/pytest-of-ollie/pytest-143/test_cli_skips_missing_phase_d0/phase_d_incomplete/dose_10000/dense/dense_train.npz', 'output_dir': '/tmp/pytest-of-ollie/pytest-143/test_cli_skips_missing_phase_d0/sparse_skip_artifacts/dose_10000/dense/train', 'algorithm': 'LSQML', 'num_epochs': 100}, {'dose': 10000.0, 'view': 'sparse', 'split': 'train', 'input_npz': '/tmp/pytest-of-ollie/pytest-143/test_cli_skips_missing_phase_d0/phase_d_incomplete/dose_10000/sparse/sparse_train.npz', 'output_dir': '/tmp/pytest-of-ollie/pytest-143/test_cli_skips_missing_phase_d0/sparse_skip_artifacts/dose_10000/sparse/train', 'algorithm': 'LSQML', 'num_epochs': 100}, {'dose': 10000.0, 'view': 'baseline', 'split': 'test', 'input_npz': '/tmp/pytest-of-ollie/pytest-143/test_cli_skips_missing_phase_d0/phase_c/dose_10000/patched_test.npz', 'output_dir': '/tmp/pytest-of-ollie/pytest-143/test_cli_skips_missing_phase_d0/sparse_skip_artifacts/dose_10000/baseline/test', 'algorithm': 'LSQML', 'num_epochs': 100}, {'dose': 10000.0, 'view': 'dense', 'split': 'test', 'input_npz': '/tmp/pytest-of-ollie/pytest-143/test_cli_skips_missing_phase_d0/phase_d_incomplete/dose_10000/dense/dense_test.npz', 'output_dir': '/tmp/pytest-of-ollie/pytest-143/test_cli_skips_missing_phase_d0/sparse_skip_artifacts/dose_10000/dense/test', 'algorithm': 'LSQML', 'num_epochs': 100}, {'dose': 10000.0, 'view': 'sparse', 'split': 'test', 'input_npz': '/tmp/pytest-of-ollie/pytest-143/test_cli_skips_missing_phase_d0/phase_d_incomplete/dose_10000/sparse/sparse_test.npz', 'output_dir': '/tmp/pytest-of-ollie/pytest-143/test_cli_skips_missing_phase_d0/sparse_skip_artifacts/dose_10000/sparse/test', 'algorithm': 'LSQML', 'num_epochs': 100}, {'dose': 100000.0, 'view': 'baseline', 'split': 'train', 'input_npz': '/tmp/pytest-of-ollie/pytest-143/test_cli_skips_missing_phase_d0/phase_c/dose_100000/patched_train.npz', 'output_dir': '/tmp/pytest-of-ollie/pytest-143/test_cli_skips_missing_phase_d0/sparse_skip_artifacts/dose_100000/baseline/train', 'algorithm': 'LSQML', 'num_epochs': 100}, {'dose': 100000.0, 'view': 'dense', 'split': 'train', 'input_npz': '/tmp/pytest-of-ollie/pytest-143/test_cli_skips_missing_phase_d0/phase_d_incomplete/dose_100000/dense/dense_train.npz', 'output_dir': '/tmp/pytest-of-ollie/pytest-143/test_cli_skips_missing_phase_d0/sparse_skip_artifacts/dose_100000/dense/train', 'algorithm': 'LSQML', 'num_epochs': 100}, {'dose': 100000.0, 'view': 'sparse', 'split': 'train', 'input_npz': '/tmp/pytest-of-ollie/pytest-143/test_cli_skips_missing_phase_d0/phase_d_incomplete/dose_100000/sparse/sparse_train.npz', 'output_dir': '/tmp/pytest-of-ollie/pytest-143/test_cli_skips_missing_phase_d0/sparse_skip_artifacts/dose_100000/sparse/train', 'algorithm': 'LSQML', 'num_epochs': 100}, {'dose': 100000.0, 'view': 'baseline', 'split': 'test', 'input_npz': '/tmp/pytest-of-ollie/pytest-143/test_cli_skips_missing_phase_d0/phase_c/dose_100000/patched_test.npz', 'output_dir': '/tmp/pytest-of-ollie/pytest-143/test_cli_skips_missing_phase_d0/sparse_skip_artifacts/dose_100000/baseline/test', 'algorithm': 'LSQML', 'num_epochs': 100}, {'dose': 100000.0, 'view': 'dense', 'split': 'test', 'input_npz': '/tmp/pytest-of-ollie/pytest-143/test_cli_skips_missing_phase_d0/phase_d_incomplete/dose_100000/dense/dense_test.npz', 'output_dir': '/tmp/pytest-of-ollie/pytest-143/test_cli_skips_missing_phase_d0/sparse_skip_artifacts/dose_100000/dense/test', 'algorithm': 'LSQML', 'num_epochs': 100}, {'dose': 100000.0, 'view': 'sparse', 'split': 'test', 'input_npz': '/tmp/pytest-of-ollie/pytest-143/test_cli_skips_missing_phase_d0/phase_d_incomplete/dose_100000/sparse/sparse_test.npz', 'output_dir': '/tmp/pytest-of-ollie/pytest-143/test_cli_skips_missing_phase_d0/sparse_skip_artifacts/dose_100000/sparse/test', 'algorithm': 'LSQML', 'num_epochs': 100}], 'execution_results': [{'dose': 1000.0, 'view': 'baseline', 'split': 'train', 'returncode': 0, 'log_path': '/tmp/pytest-of-ollie/pytest-143/test_cli_skips_missing_phase_d0/sparse_skip_artifacts/dose_1000/baseline/train/ptychi.log', 'stdout_preview': '[DRY RUN] Would execute: python scripts/reconstruction/ptychi_reconstruct_tike.py --algorithm LSQML --num-epochs 100 --input-npz /tmp/pytest-of-ollie/pytest-143/test_cli_skips_missing_phase_d0/phase_c'}, {'dose': 1000.0, 'view': 'dense', 'split': 'train', 'returncode': 0, 'log_path': '/tmp/pytest-of-ollie/pytest-143/test_cli_skips_missing_phase_d0/sparse_skip_artifacts/dose_1000/dense/train/ptychi.log', 'stdout_preview': '[DRY RUN] Would execute: python scripts/reconstruction/ptychi_reconstruct_tike.py --algorithm LSQML --num-epochs 100 --input-npz /tmp/pytest-of-ollie/pytest-143/test_cli_skips_missing_phase_d0/phase_d'}, {'dose': 1000.0, 'view': 'sparse', 'split': 'train', 'returncode': 0, 'log_path': '/tmp/pytest-of-ollie/pytest-143/test_cli_skips_missing_phase_d0/sparse_skip_artifacts/dose_1000/sparse/train/ptychi.log', 'stdout_preview': '[DRY RUN] Would execute: python scripts/reconstruction/ptychi_reconstruct_tike.py --algorithm LSQML --num-epochs 100 --input-npz /tmp/pytest-of-ollie/pytest-143/test_cli_skips_missing_phase_d0/phase_d'}, {'dose': 1000.0, 'view': 'baseline', 'split': 'test', 'returncode': 0, 'log_path': '/tmp/pytest-of-ollie/pytest-143/test_cli_skips_missing_phase_d0/sparse_skip_artifacts/dose_1000/baseline/test/ptychi.log', 'stdout_preview': '[DRY RUN] Would execute: python scripts/reconstruction/ptychi_reconstruct_tike.py --algorithm LSQML --num-epochs 100 --input-npz /tmp/pytest-of-ollie/pytest-143/test_cli_skips_missing_phase_d0/phase_c'}, {'dose': 1000.0, 'view': 'dense', 'split': 'test', 'returncode': 0, 'log_path': '/tmp/pytest-of-ollie/pytest-143/test_cli_skips_missing_phase_d0/sparse_skip_artifacts/dose_1000/dense/test/ptychi.log', 'stdout_preview': '[DRY RUN] Would execute: python scripts/reconstruction/ptychi_reconstruct_tike.py --algorithm LSQML --num-epochs 100 --input-npz /tmp/pytest-of-ollie/pytest-143/test_cli_skips_missing_phase_d0/phase_d'}, {'dose': 1000.0, 'view': 'sparse', 'split': 'test', 'returncode': 0, 'log_path': '/tmp/pytest-of-ollie/pytest-143/test_cli_skips_missing_phase_d0/sparse_skip_artifacts/dose_1000/sparse/test/ptychi.log', 'stdout_preview': '[DRY RUN] Would execute: python scripts/reconstruction/ptychi_reconstruct_tike.py --algorithm LSQML --num-epochs 100 --input-npz /tmp/pytest-of-ollie/pytest-143/test_cli_skips_missing_phase_d0/phase_d'}, {'dose': 10000.0, 'view': 'baseline', 'split': 'train', 'returncode': 0, 'log_path': '/tmp/pytest-of-ollie/pytest-143/test_cli_skips_missing_phase_d0/sparse_skip_artifacts/dose_10000/baseline/train/ptychi.log', 'stdout_preview': '[DRY RUN] Would execute: python scripts/reconstruction/ptychi_reconstruct_tike.py --algorithm LSQML --num-epochs 100 --input-npz /tmp/pytest-of-ollie/pytest-143/test_cli_skips_missing_phase_d0/phase_c'}, {'dose': 10000.0, 'view': 'dense', 'split': 'train', 'returncode': 0, 'log_path': '/tmp/pytest-of-ollie/pytest-143/test_cli_skips_missing_phase_d0/sparse_skip_artifacts/dose_10000/dense/train/ptychi.log', 'stdout_preview': '[DRY RUN] Would execute: python scripts/reconstruction/ptychi_reconstruct_tike.py --algorithm LSQML --num-epochs 100 --input-npz /tmp/pytest-of-ollie/pytest-143/test_cli_skips_missing_phase_d0/phase_d'}, {'dose': 10000.0, 'view': 'sparse', 'split': 'train', 'returncode': 0, 'log_path': '/tmp/pytest-of-ollie/pytest-143/test_cli_skips_missing_phase_d0/sparse_skip_artifacts/dose_10000/sparse/train/ptychi.log', 'stdout_preview': '[DRY RUN] Would execute: python scripts/reconstruction/ptychi_reconstruct_tike.py --algorithm LSQML --num-epochs 100 --input-npz /tmp/pytest-of-ollie/pytest-143/test_cli_skips_missing_phase_d0/phase_d'}, {'dose': 10000.0, 'view': 'baseline', 'split': 'test', 'returncode': 0, 'log_path': '/tmp/pytest-of-ollie/pytest-143/test_cli_skips_missing_phase_d0/sparse_skip_artifacts/dose_10000/baseline/test/ptychi.log', 'stdout_preview': '[DRY RUN] Would execute: python scripts/reconstruction/ptychi_reconstruct_tike.py --algorithm LSQML --num-epochs 100 --input-npz /tmp/pytest-of-ollie/pytest-143/test_cli_skips_missing_phase_d0/phase_c'}, {'dose': 10000.0, 'view': 'dense', 'split': 'test', 'returncode': 0, 'log_path': '/tmp/pytest-of-ollie/pytest-143/test_cli_skips_missing_phase_d0/sparse_skip_artifacts/dose_10000/dense/test/ptychi.log', 'stdout_preview': '[DRY RUN] Would execute: python scripts/reconstruction/ptychi_reconstruct_tike.py --algorithm LSQML --num-epochs 100 --input-npz /tmp/pytest-of-ollie/pytest-143/test_cli_skips_missing_phase_d0/phase_d'}, {'dose': 10000.0, 'view': 'sparse', 'split': 'test', 'returncode': 0, 'log_path': '/tmp/pytest-of-ollie/pytest-143/test_cli_skips_missing_phase_d0/sparse_skip_artifacts/dose_10000/sparse/test/ptychi.log', 'stdout_preview': '[DRY RUN] Would execute: python scripts/reconstruction/ptychi_reconstruct_tike.py --algorithm LSQML --num-epochs 100 --input-npz /tmp/pytest-of-ollie/pytest-143/test_cli_skips_missing_phase_d0/phase_d'}, {'dose': 100000.0, 'view': 'baseline', 'split': 'train', 'returncode': 0, 'log_path': '/tmp/pytest-of-ollie/pytest-143/test_cli_skips_missing_phase_d0/sparse_skip_artifacts/dose_100000/baseline/train/ptychi.log', 'stdout_preview': '[DRY RUN] Would execute: python scripts/reconstruction/ptychi_reconstruct_tike.py --algorithm LSQML --num-epochs 100 --input-npz /tmp/pytest-of-ollie/pytest-143/test_cli_skips_missing_phase_d0/phase_c'}, {'dose': 100000.0, 'view': 'dense', 'split': 'train', 'returncode': 0, 'log_path': '/tmp/pytest-of-ollie/pytest-143/test_cli_skips_missing_phase_d0/sparse_skip_artifacts/dose_100000/dense/train/ptychi.log', 'stdout_preview': '[DRY RUN] Would execute: python scripts/reconstruction/ptychi_reconstruct_tike.py --algorithm LSQML --num-epochs 100 --input-npz /tmp/pytest-of-ollie/pytest-143/test_cli_skips_missing_phase_d0/phase_d'}, {'dose': 100000.0, 'view': 'sparse', 'split': 'train', 'returncode': 0, 'log_path': '/tmp/pytest-of-ollie/pytest-143/test_cli_skips_missing_phase_d0/sparse_skip_artifacts/dose_100000/sparse/train/ptychi.log', 'stdout_preview': '[DRY RUN] Would execute: python scripts/reconstruction/ptychi_reconstruct_tike.py --algorithm LSQML --num-epochs 100 --input-npz /tmp/pytest-of-ollie/pytest-143/test_cli_skips_missing_phase_d0/phase_d'}, {'dose': 100000.0, 'view': 'baseline', 'split': 'test', 'returncode': 0, 'log_path': '/tmp/pytest-of-ollie/pytest-143/test_cli_skips_missing_phase_d0/sparse_skip_artifacts/dose_100000/baseline/test/ptychi.log', 'stdout_preview': '[DRY RUN] Would execute: python scripts/reconstruction/ptychi_reconstruct_tike.py --algorithm LSQML --num-epochs 100 --input-npz /tmp/pytest-of-ollie/pytest-143/test_cli_skips_missing_phase_d0/phase_c'}, {'dose': 100000.0, 'view': 'dense', 'split': 'test', 'returncode': 0, 'log_path': '/tmp/pytest-of-ollie/pytest-143/test_cli_skips_missing_phase_d0/sparse_skip_artifacts/dose_100000/dense/test/ptychi.log', 'stdout_preview': '[DRY RUN] Would execute: python scripts/reconstruction/ptychi_reconstruct_tike.py --algorithm LSQML --num-epochs 100 --input-npz /tmp/pytest-of-ollie/pytest-143/test_cli_skips_missing_phase_d0/phase_d'}, {'dose': 100000.0, 'view': 'sparse', 'split': 'test', 'returncode': 0, 'log_path': '/tmp/pytest-of-ollie/pytest-143/test_cli_skips_missing_phase_d0/sparse_skip_artifacts/dose_100000/sparse/test/ptychi.log', 'stdout_preview': '[DRY RUN] Would execute: python scripts/reconstruction/ptychi_reconstruct_tike.py --algorithm LSQML --num-epochs 100 --input-npz /tmp/pytest-of-ollie/pytest-143/test_cli_skips_missing_phase_d0/phase_d'}]} or 'missing_jobs' in {'timestamp': '2025-11-04T04:20:14.059467', 'phase_c_root': '/tmp/pytest-of-ollie/pytest-143/test_cli_skips_missing_phase_d0/phase_c', 'phase_d_root': '/tmp/pytest-of-ollie/pytest-143/test_cli_skips_missing_phase_d0/phase_d_incomplete', 'artifact_root': '/tmp/pytest-of-ollie/pytest-143/test_cli_skips_missing_phase_d0/sparse_skip_artifacts', 'filters': {'dose': None, 'view': None, 'split': None, 'gridsize': None}, 'total_jobs': 18, 'filtered_jobs': 18, 'jobs': [{'dose': 1000.0, 'view': 'baseline', 'split': 'train', 'input_npz': '/tmp/pytest-of-ollie/pytest-143/test_cli_skips_missing_phase_d0/phase_c/dose_1000/patched_train.npz', 'output_dir': '/tmp/pytest-of-ollie/pytest-143/test_cli_skips_missing_phase_d0/sparse_skip_artifacts/dose_1000/baseline/train', 'algorithm': 'LSQML', 'num_epochs': 100}, {'dose': 1000.0, 'view': 'dense', 'split': 'train', 'input_npz': '/tmp/pytest-of-ollie/pytest-143/test_cli_skips_missing_phase_d0/phase_d_incomplete/dose_1000/dense/dense_train.npz', 'output_dir': '/tmp/pytest-of-ollie/pytest-143/test_cli_skips_missing_phase_d0/sparse_skip_artifacts/dose_1000/dense/train', 'algorithm': 'LSQML', 'num_epochs': 100}, {'dose': 1000.0, 'view': 'sparse', 'split': 'train', 'input_npz': '/tmp/pytest-of-ollie/pytest-143/test_cli_skips_missing_phase_d0/phase_d_incomplete/dose_1000/sparse/sparse_train.npz', 'output_dir': '/tmp/pytest-of-ollie/pytest-143/test_cli_skips_missing_phase_d0/sparse_skip_artifacts/dose_1000/sparse/train', 'algorithm': 'LSQML', 'num_epochs': 100}, {'dose': 1000.0, 'view': 'baseline', 'split': 'test', 'input_npz': '/tmp/pytest-of-ollie/pytest-143/test_cli_skips_missing_phase_d0/phase_c/dose_1000/patched_test.npz', 'output_dir': '/tmp/pytest-of-ollie/pytest-143/test_cli_skips_missing_phase_d0/sparse_skip_artifacts/dose_1000/baseline/test', 'algorithm': 'LSQML', 'num_epochs': 100}, {'dose': 1000.0, 'view': 'dense', 'split': 'test', 'input_npz': '/tmp/pytest-of-ollie/pytest-143/test_cli_skips_missing_phase_d0/phase_d_incomplete/dose_1000/dense/dense_test.npz', 'output_dir': '/tmp/pytest-of-ollie/pytest-143/test_cli_skips_missing_phase_d0/sparse_skip_artifacts/dose_1000/dense/test', 'algorithm': 'LSQML', 'num_epochs': 100}, {'dose': 1000.0, 'view': 'sparse', 'split': 'test', 'input_npz': '/tmp/pytest-of-ollie/pytest-143/test_cli_skips_missing_phase_d0/phase_d_incomplete/dose_1000/sparse/sparse_test.npz', 'output_dir': '/tmp/pytest-of-ollie/pytest-143/test_cli_skips_missing_phase_d0/sparse_skip_artifacts/dose_1000/sparse/test', 'algorithm': 'LSQML', 'num_epochs': 100}, {'dose': 10000.0, 'view': 'baseline', 'split': 'train', 'input_npz': '/tmp/pytest-of-ollie/pytest-143/test_cli_skips_missing_phase_d0/phase_c/dose_10000/patched_train.npz', 'output_dir': '/tmp/pytest-of-ollie/pytest-143/test_cli_skips_missing_phase_d0/sparse_skip_artifacts/dose_10000/baseline/train', 'algorithm': 'LSQML', 'num_epochs': 100}, {'dose': 10000.0, 'view': 'dense', 'split': 'train', 'input_npz': '/tmp/pytest-of-ollie/pytest-143/test_cli_skips_missing_phase_d0/phase_d_incomplete/dose_10000/dense/dense_train.npz', 'output_dir': '/tmp/pytest-of-ollie/pytest-143/test_cli_skips_missing_phase_d0/sparse_skip_artifacts/dose_10000/dense/train', 'algorithm': 'LSQML', 'num_epochs': 100}, {'dose': 10000.0, 'view': 'sparse', 'split': 'train', 'input_npz': '/tmp/pytest-of-ollie/pytest-143/test_cli_skips_missing_phase_d0/phase_d_incomplete/dose_10000/sparse/sparse_train.npz', 'output_dir': '/tmp/pytest-of-ollie/pytest-143/test_cli_skips_missing_phase_d0/sparse_skip_artifacts/dose_10000/sparse/train', 'algorithm': 'LSQML', 'num_epochs': 100}, {'dose': 10000.0, 'view': 'baseline', 'split': 'test', 'input_npz': '/tmp/pytest-of-ollie/pytest-143/test_cli_skips_missing_phase_d0/phase_c/dose_10000/patched_test.npz', 'output_dir': '/tmp/pytest-of-ollie/pytest-143/test_cli_skips_missing_phase_d0/sparse_skip_artifacts/dose_10000/baseline/test', 'algorithm': 'LSQML', 'num_epochs': 100}, {'dose': 10000.0, 'view': 'dense', 'split': 'test', 'input_npz': '/tmp/pytest-of-ollie/pytest-143/test_cli_skips_missing_phase_d0/phase_d_incomplete/dose_10000/dense/dense_test.npz', 'output_dir': '/tmp/pytest-of-ollie/pytest-143/test_cli_skips_missing_phase_d0/sparse_skip_artifacts/dose_10000/dense/test', 'algorithm': 'LSQML', 'num_epochs': 100}, {'dose': 10000.0, 'view': 'sparse', 'split': 'test', 'input_npz': '/tmp/pytest-of-ollie/pytest-143/test_cli_skips_missing_phase_d0/phase_d_incomplete/dose_10000/sparse/sparse_test.npz', 'output_dir': '/tmp/pytest-of-ollie/pytest-143/test_cli_skips_missing_phase_d0/sparse_skip_artifacts/dose_10000/sparse/test', 'algorithm': 'LSQML', 'num_epochs': 100}, {'dose': 100000.0, 'view': 'baseline', 'split': 'train', 'input_npz': '/tmp/pytest-of-ollie/pytest-143/test_cli_skips_missing_phase_d0/phase_c/dose_100000/patched_train.npz', 'output_dir': '/tmp/pytest-of-ollie/pytest-143/test_cli_skips_missing_phase_d0/sparse_skip_artifacts/dose_100000/baseline/train', 'algorithm': 'LSQML', 'num_epochs': 100}, {'dose': 100000.0, 'view': 'dense', 'split': 'train', 'input_npz': '/tmp/pytest-of-ollie/pytest-143/test_cli_skips_missing_phase_d0/phase_d_incomplete/dose_100000/dense/dense_train.npz', 'output_dir': '/tmp/pytest-of-ollie/pytest-143/test_cli_skips_missing_phase_d0/sparse_skip_artifacts/dose_100000/dense/train', 'algorithm': 'LSQML', 'num_epochs': 100}, {'dose': 100000.0, 'view': 'sparse', 'split': 'train', 'input_npz': '/tmp/pytest-of-ollie/pytest-143/test_cli_skips_missing_phase_d0/phase_d_incomplete/dose_100000/sparse/sparse_train.npz', 'output_dir': '/tmp/pytest-of-ollie/pytest-143/test_cli_skips_missing_phase_d0/sparse_skip_artifacts/dose_100000/sparse/train', 'algorithm': 'LSQML', 'num_epochs': 100}, {'dose': 100000.0, 'view': 'baseline', 'split': 'test', 'input_npz': '/tmp/pytest-of-ollie/pytest-143/test_cli_skips_missing_phase_d0/phase_c/dose_100000/patched_test.npz', 'output_dir': '/tmp/pytest-of-ollie/pytest-143/test_cli_skips_missing_phase_d0/sparse_skip_artifacts/dose_100000/baseline/test', 'algorithm': 'LSQML', 'num_epochs': 100}, {'dose': 100000.0, 'view': 'dense', 'split': 'test', 'input_npz': '/tmp/pytest-of-ollie/pytest-143/test_cli_skips_missing_phase_d0/phase_d_incomplete/dose_100000/dense/dense_test.npz', 'output_dir': '/tmp/pytest-of-ollie/pytest-143/test_cli_skips_missing_phase_d0/sparse_skip_artifacts/dose_100000/dense/test', 'algorithm': 'LSQML', 'num_epochs': 100}, {'dose': 100000.0, 'view': 'sparse', 'split': 'test', 'input_npz': '/tmp/pytest-of-ollie/pytest-143/test_cli_skips_missing_phase_d0/phase_d_incomplete/dose_100000/sparse/sparse_test.npz', 'output_dir': '/tmp/pytest-of-ollie/pytest-143/test_cli_skips_missing_phase_d0/sparse_skip_artifacts/dose_100000/sparse/test', 'algorithm': 'LSQML', 'num_epochs': 100}], 'execution_results': [{'dose': 1000.0, 'view': 'baseline', 'split': 'train', 'returncode': 0, 'log_path': '/tmp/pytest-of-ollie/pytest-143/test_cli_skips_missing_phase_d0/sparse_skip_artifacts/dose_1000/baseline/train/ptychi.log', 'stdout_preview': '[DRY RUN] Would execute: python scripts/reconstruction/ptychi_reconstruct_tike.py --algorithm LSQML --num-epochs 100 --input-npz /tmp/pytest-of-ollie/pytest-143/test_cli_skips_missing_phase_d0/phase_c'}, {'dose': 1000.0, 'view': 'dense', 'split': 'train', 'returncode': 0, 'log_path': '/tmp/pytest-of-ollie/pytest-143/test_cli_skips_missing_phase_d0/sparse_skip_artifacts/dose_1000/dense/train/ptychi.log', 'stdout_preview': '[DRY RUN] Would execute: python scripts/reconstruction/ptychi_reconstruct_tike.py --algorithm LSQML --num-epochs 100 --input-npz /tmp/pytest-of-ollie/pytest-143/test_cli_skips_missing_phase_d0/phase_d'}, {'dose': 1000.0, 'view': 'sparse', 'split': 'train', 'returncode': 0, 'log_path': '/tmp/pytest-of-ollie/pytest-143/test_cli_skips_missing_phase_d0/sparse_skip_artifacts/dose_1000/sparse/train/ptychi.log', 'stdout_preview': '[DRY RUN] Would execute: python scripts/reconstruction/ptychi_reconstruct_tike.py --algorithm LSQML --num-epochs 100 --input-npz /tmp/pytest-of-ollie/pytest-143/test_cli_skips_missing_phase_d0/phase_d'}, {'dose': 1000.0, 'view': 'baseline', 'split': 'test', 'returncode': 0, 'log_path': '/tmp/pytest-of-ollie/pytest-143/test_cli_skips_missing_phase_d0/sparse_skip_artifacts/dose_1000/baseline/test/ptychi.log', 'stdout_preview': '[DRY RUN] Would execute: python scripts/reconstruction/ptychi_reconstruct_tike.py --algorithm LSQML --num-epochs 100 --input-npz /tmp/pytest-of-ollie/pytest-143/test_cli_skips_missing_phase_d0/phase_c'}, {'dose': 1000.0, 'view': 'dense', 'split': 'test', 'returncode': 0, 'log_path': '/tmp/pytest-of-ollie/pytest-143/test_cli_skips_missing_phase_d0/sparse_skip_artifacts/dose_1000/dense/test/ptychi.log', 'stdout_preview': '[DRY RUN] Would execute: python scripts/reconstruction/ptychi_reconstruct_tike.py --algorithm LSQML --num-epochs 100 --input-npz /tmp/pytest-of-ollie/pytest-143/test_cli_skips_missing_phase_d0/phase_d'}, {'dose': 1000.0, 'view': 'sparse', 'split': 'test', 'returncode': 0, 'log_path': '/tmp/pytest-of-ollie/pytest-143/test_cli_skips_missing_phase_d0/sparse_skip_artifacts/dose_1000/sparse/test/ptychi.log', 'stdout_preview': '[DRY RUN] Would execute: python scripts/reconstruction/ptychi_reconstruct_tike.py --algorithm LSQML --num-epochs 100 --input-npz /tmp/pytest-of-ollie/pytest-143/test_cli_skips_missing_phase_d0/phase_d'}, {'dose': 10000.0, 'view': 'baseline', 'split': 'train', 'returncode': 0, 'log_path': '/tmp/pytest-of-ollie/pytest-143/test_cli_skips_missing_phase_d0/sparse_skip_artifacts/dose_10000/baseline/train/ptychi.log', 'stdout_preview': '[DRY RUN] Would execute: python scripts/reconstruction/ptychi_reconstruct_tike.py --algorithm LSQML --num-epochs 100 --input-npz /tmp/pytest-of-ollie/pytest-143/test_cli_skips_missing_phase_d0/phase_c'}, {'dose': 10000.0, 'view': 'dense', 'split': 'train', 'returncode': 0, 'log_path': '/tmp/pytest-of-ollie/pytest-143/test_cli_skips_missing_phase_d0/sparse_skip_artifacts/dose_10000/dense/train/ptychi.log', 'stdout_preview': '[DRY RUN] Would execute: python scripts/reconstruction/ptychi_reconstruct_tike.py --algorithm LSQML --num-epochs 100 --input-npz /tmp/pytest-of-ollie/pytest-143/test_cli_skips_missing_phase_d0/phase_d'}, {'dose': 10000.0, 'view': 'sparse', 'split': 'train', 'returncode': 0, 'log_path': '/tmp/pytest-of-ollie/pytest-143/test_cli_skips_missing_phase_d0/sparse_skip_artifacts/dose_10000/sparse/train/ptychi.log', 'stdout_preview': '[DRY RUN] Would execute: python scripts/reconstruction/ptychi_reconstruct_tike.py --algorithm LSQML --num-epochs 100 --input-npz /tmp/pytest-of-ollie/pytest-143/test_cli_skips_missing_phase_d0/phase_d'}, {'dose': 10000.0, 'view': 'baseline', 'split': 'test', 'returncode': 0, 'log_path': '/tmp/pytest-of-ollie/pytest-143/test_cli_skips_missing_phase_d0/sparse_skip_artifacts/dose_10000/baseline/test/ptychi.log', 'stdout_preview': '[DRY RUN] Would execute: python scripts/reconstruction/ptychi_reconstruct_tike.py --algorithm LSQML --num-epochs 100 --input-npz /tmp/pytest-of-ollie/pytest-143/test_cli_skips_missing_phase_d0/phase_c'}, {'dose': 10000.0, 'view': 'dense', 'split': 'test', 'returncode': 0, 'log_path': '/tmp/pytest-of-ollie/pytest-143/test_cli_skips_missing_phase_d0/sparse_skip_artifacts/dose_10000/dense/test/ptychi.log', 'stdout_preview': '[DRY RUN] Would execute: python scripts/reconstruction/ptychi_reconstruct_tike.py --algorithm LSQML --num-epochs 100 --input-npz /tmp/pytest-of-ollie/pytest-143/test_cli_skips_missing_phase_d0/phase_d'}, {'dose': 10000.0, 'view': 'sparse', 'split': 'test', 'returncode': 0, 'log_path': '/tmp/pytest-of-ollie/pytest-143/test_cli_skips_missing_phase_d0/sparse_skip_artifacts/dose_10000/sparse/test/ptychi.log', 'stdout_preview': '[DRY RUN] Would execute: python scripts/reconstruction/ptychi_reconstruct_tike.py --algorithm LSQML --num-epochs 100 --input-npz /tmp/pytest-of-ollie/pytest-143/test_cli_skips_missing_phase_d0/phase_d'}, {'dose': 100000.0, 'view': 'baseline', 'split': 'train', 'returncode': 0, 'log_path': '/tmp/pytest-of-ollie/pytest-143/test_cli_skips_missing_phase_d0/sparse_skip_artifacts/dose_100000/baseline/train/ptychi.log', 'stdout_preview': '[DRY RUN] Would execute: python scripts/reconstruction/ptychi_reconstruct_tike.py --algorithm LSQML --num-epochs 100 --input-npz /tmp/pytest-of-ollie/pytest-143/test_cli_skips_missing_phase_d0/phase_c'}, {'dose': 100000.0, 'view': 'dense', 'split': 'train', 'returncode': 0, 'log_path': '/tmp/pytest-of-ollie/pytest-143/test_cli_skips_missing_phase_d0/sparse_skip_artifacts/dose_100000/dense/train/ptychi.log', 'stdout_preview': '[DRY RUN] Would execute: python scripts/reconstruction/ptychi_reconstruct_tike.py --algorithm LSQML --num-epochs 100 --input-npz /tmp/pytest-of-ollie/pytest-143/test_cli_skips_missing_phase_d0/phase_d'}, {'dose': 100000.0, 'view': 'sparse', 'split': 'train', 'returncode': 0, 'log_path': '/tmp/pytest-of-ollie/pytest-143/test_cli_skips_missing_phase_d0/sparse_skip_artifacts/dose_100000/sparse/train/ptychi.log', 'stdout_preview': '[DRY RUN] Would execute: python scripts/reconstruction/ptychi_reconstruct_tike.py --algorithm LSQML --num-epochs 100 --input-npz /tmp/pytest-of-ollie/pytest-143/test_cli_skips_missing_phase_d0/phase_d'}, {'dose': 100000.0, 'view': 'baseline', 'split': 'test', 'returncode': 0, 'log_path': '/tmp/pytest-of-ollie/pytest-143/test_cli_skips_missing_phase_d0/sparse_skip_artifacts/dose_100000/baseline/test/ptychi.log', 'stdout_preview': '[DRY RUN] Would execute: python scripts/reconstruction/ptychi_reconstruct_tike.py --algorithm LSQML --num-epochs 100 --input-npz /tmp/pytest-of-ollie/pytest-143/test_cli_skips_missing_phase_d0/phase_c'}, {'dose': 100000.0, 'view': 'dense', 'split': 'test', 'returncode': 0, 'log_path': '/tmp/pytest-of-ollie/pytest-143/test_cli_skips_missing_phase_d0/sparse_skip_artifacts/dose_100000/dense/test/ptychi.log', 'stdout_preview': '[DRY RUN] Would execute: python scripts/reconstruction/ptychi_reconstruct_tike.py --algorithm LSQML --num-epochs 100 --input-npz /tmp/pytest-of-ollie/pytest-143/test_cli_skips_missing_phase_d0/phase_d'}, {'dose': 100000.0, 'view': 'sparse', 'split': 'test', 'returncode': 0, 'log_path': '/tmp/pytest-of-ollie/pytest-143/test_cli_skips_missing_phase_d0/sparse_skip_artifacts/dose_100000/sparse/test/ptychi.log', 'stdout_preview': '[DRY RUN] Would execute: python scripts/reconstruction/ptychi_reconstruct_tike.py --algorithm LSQML --num-epochs 100 --input-npz /tmp/pytest-of-ollie/pytest-143/test_cli_skips_missing_phase_d0/phase_d'}]})

tests/study/test_dose_overlap_reconstruction.py:606: AssertionError
----------------------------- Captured stdout call -----------------------------
Building job manifest from Phase C: /tmp/pytest-of-ollie/pytest-143/test_cli_skips_missing_phase_d0/phase_c
                      and Phase D: /tmp/pytest-of-ollie/pytest-143/test_cli_skips_missing_phase_d0/phase_d_incomplete
Total jobs enumerated: 18

Filtered jobs: 18 selected, 0 skipped

[1/18] Job: dose=1000.0, view=baseline, split=train
  [DRY RUN] [DRY RUN] Would execute: python scripts/reconstruction/ptychi_reconstruct_tike.py --algorithm LSQML --num-epochs 100 --input-npz /tmp/pytest-of-ollie/pytest-143/test_cli_skips_missing_phase_d0/phase_c/dose_1000/patched_train.npz --output-dir /tmp/pytest-of-ollie/pytest-143/test_cli_skips_missing_phase_d0/sparse_skip_artifacts/dose_1000/baseline/train
[DRY RUN] Would log to: /tmp/pytest-of-ollie/pytest-143/test_cli_skips_missing_phase_d0/sparse_skip_artifacts/dose_1000/baseline/train/ptychi.log

[2/18] Job: dose=1000.0, view=dense, split=train
  [DRY RUN] [DRY RUN] Would execute: python scripts/reconstruction/ptychi_reconstruct_tike.py --algorithm LSQML --num-epochs 100 --input-npz /tmp/pytest-of-ollie/pytest-143/test_cli_skips_missing_phase_d0/phase_d_incomplete/dose_1000/dense/dense_train.npz --output-dir /tmp/pytest-of-ollie/pytest-143/test_cli_skips_missing_phase_d0/sparse_skip_artifacts/dose_1000/dense/train
[DRY RUN] Would log to: /tmp/pytest-of-ollie/pytest-143/test_cli_skips_missing_phase_d0/sparse_skip_artifacts/dose_1000/dense/train/ptychi.log

[3/18] Job: dose=1000.0, view=sparse, split=train
  [DRY RUN] [DRY RUN] Would execute: python scripts/reconstruction/ptychi_reconstruct_tike.py --algorithm LSQML --num-epochs 100 --input-npz /tmp/pytest-of-ollie/pytest-143/test_cli_skips_missing_phase_d0/phase_d_incomplete/dose_1000/sparse/sparse_train.npz --output-dir /tmp/pytest-of-ollie/pytest-143/test_cli_skips_missing_phase_d0/sparse_skip_artifacts/dose_1000/sparse/train
[DRY RUN] Would log to: /tmp/pytest-of-ollie/pytest-143/test_cli_skips_missing_phase_d0/sparse_skip_artifacts/dose_1000/sparse/train/ptychi.log

[4/18] Job: dose=1000.0, view=baseline, split=test
  [DRY RUN] [DRY RUN] Would execute: python scripts/reconstruction/ptychi_reconstruct_tike.py --algorithm LSQML --num-epochs 100 --input-npz /tmp/pytest-of-ollie/pytest-143/test_cli_skips_missing_phase_d0/phase_c/dose_1000/patched_test.npz --output-dir /tmp/pytest-of-ollie/pytest-143/test_cli_skips_missing_phase_d0/sparse_skip_artifacts/dose_1000/baseline/test
[DRY RUN] Would log to: /tmp/pytest-of-ollie/pytest-143/test_cli_skips_missing_phase_d0/sparse_skip_artifacts/dose_1000/baseline/test/ptychi.log

[5/18] Job: dose=1000.0, view=dense, split=test
  [DRY RUN] [DRY RUN] Would execute: python scripts/reconstruction/ptychi_reconstruct_tike.py --algorithm LSQML --num-epochs 100 --input-npz /tmp/pytest-of-ollie/pytest-143/test_cli_skips_missing_phase_d0/phase_d_incomplete/dose_1000/dense/dense_test.npz --output-dir /tmp/pytest-of-ollie/pytest-143/test_cli_skips_missing_phase_d0/sparse_skip_artifacts/dose_1000/dense/test
[DRY RUN] Would log to: /tmp/pytest-of-ollie/pytest-143/test_cli_skips_missing_phase_d0/sparse_skip_artifacts/dose_1000/dense/test/ptychi.log

[6/18] Job: dose=1000.0, view=sparse, split=test
  [DRY RUN] [DRY RUN] Would execute: python scripts/reconstruction/ptychi_reconstruct_tike.py --algorithm LSQML --num-epochs 100 --input-npz /tmp/pytest-of-ollie/pytest-143/test_cli_skips_missing_phase_d0/phase_d_incomplete/dose_1000/sparse/sparse_test.npz --output-dir /tmp/pytest-of-ollie/pytest-143/test_cli_skips_missing_phase_d0/sparse_skip_artifacts/dose_1000/sparse/test
[DRY RUN] Would log to: /tmp/pytest-of-ollie/pytest-143/test_cli_skips_missing_phase_d0/sparse_skip_artifacts/dose_1000/sparse/test/ptychi.log

[7/18] Job: dose=10000.0, view=baseline, split=train
  [DRY RUN] [DRY RUN] Would execute: python scripts/reconstruction/ptychi_reconstruct_tike.py --algorithm LSQML --num-epochs 100 --input-npz /tmp/pytest-of-ollie/pytest-143/test_cli_skips_missing_phase_d0/phase_c/dose_10000/patched_train.npz --output-dir /tmp/pytest-of-ollie/pytest-143/test_cli_skips_missing_phase_d0/sparse_skip_artifacts/dose_10000/baseline/train
[DRY RUN] Would log to: /tmp/pytest-of-ollie/pytest-143/test_cli_skips_missing_phase_d0/sparse_skip_artifacts/dose_10000/baseline/train/ptychi.log

[8/18] Job: dose=10000.0, view=dense, split=train
  [DRY RUN] [DRY RUN] Would execute: python scripts/reconstruction/ptychi_reconstruct_tike.py --algorithm LSQML --num-epochs 100 --input-npz /tmp/pytest-of-ollie/pytest-143/test_cli_skips_missing_phase_d0/phase_d_incomplete/dose_10000/dense/dense_train.npz --output-dir /tmp/pytest-of-ollie/pytest-143/test_cli_skips_missing_phase_d0/sparse_skip_artifacts/dose_10000/dense/train
[DRY RUN] Would log to: /tmp/pytest-of-ollie/pytest-143/test_cli_skips_missing_phase_d0/sparse_skip_artifacts/dose_10000/dense/train/ptychi.log

[9/18] Job: dose=10000.0, view=sparse, split=train
  [DRY RUN] [DRY RUN] Would execute: python scripts/reconstruction/ptychi_reconstruct_tike.py --algorithm LSQML --num-epochs 100 --input-npz /tmp/pytest-of-ollie/pytest-143/test_cli_skips_missing_phase_d0/phase_d_incomplete/dose_10000/sparse/sparse_train.npz --output-dir /tmp/pytest-of-ollie/pytest-143/test_cli_skips_missing_phase_d0/sparse_skip_artifacts/dose_10000/sparse/train
[DRY RUN] Would log to: /tmp/pytest-of-ollie/pytest-143/test_cli_skips_missing_phase_d0/sparse_skip_artifacts/dose_10000/sparse/train/ptychi.log

[10/18] Job: dose=10000.0, view=baseline, split=test
  [DRY RUN] [DRY RUN] Would execute: python scripts/reconstruction/ptychi_reconstruct_tike.py --algorithm LSQML --num-epochs 100 --input-npz /tmp/pytest-of-ollie/pytest-143/test_cli_skips_missing_phase_d0/phase_c/dose_10000/patched_test.npz --output-dir /tmp/pytest-of-ollie/pytest-143/test_cli_skips_missing_phase_d0/sparse_skip_artifacts/dose_10000/baseline/test
[DRY RUN] Would log to: /tmp/pytest-of-ollie/pytest-143/test_cli_skips_missing_phase_d0/sparse_skip_artifacts/dose_10000/baseline/test/ptychi.log

[11/18] Job: dose=10000.0, view=dense, split=test
  [DRY RUN] [DRY RUN] Would execute: python scripts/reconstruction/ptychi_reconstruct_tike.py --algorithm LSQML --num-epochs 100 --input-npz /tmp/pytest-of-ollie/pytest-143/test_cli_skips_missing_phase_d0/phase_d_incomplete/dose_10000/dense/dense_test.npz --output-dir /tmp/pytest-of-ollie/pytest-143/test_cli_skips_missing_phase_d0/sparse_skip_artifacts/dose_10000/dense/test
[DRY RUN] Would log to: /tmp/pytest-of-ollie/pytest-143/test_cli_skips_missing_phase_d0/sparse_skip_artifacts/dose_10000/dense/test/ptychi.log

[12/18] Job: dose=10000.0, view=sparse, split=test
  [DRY RUN] [DRY RUN] Would execute: python scripts/reconstruction/ptychi_reconstruct_tike.py --algorithm LSQML --num-epochs 100 --input-npz /tmp/pytest-of-ollie/pytest-143/test_cli_skips_missing_phase_d0/phase_d_incomplete/dose_10000/sparse/sparse_test.npz --output-dir /tmp/pytest-of-ollie/pytest-143/test_cli_skips_missing_phase_d0/sparse_skip_artifacts/dose_10000/sparse/test
[DRY RUN] Would log to: /tmp/pytest-of-ollie/pytest-143/test_cli_skips_missing_phase_d0/sparse_skip_artifacts/dose_10000/sparse/test/ptychi.log

[13/18] Job: dose=100000.0, view=baseline, split=train
  [DRY RUN] [DRY RUN] Would execute: python scripts/reconstruction/ptychi_reconstruct_tike.py --algorithm LSQML --num-epochs 100 --input-npz /tmp/pytest-of-ollie/pytest-143/test_cli_skips_missing_phase_d0/phase_c/dose_100000/patched_train.npz --output-dir /tmp/pytest-of-ollie/pytest-143/test_cli_skips_missing_phase_d0/sparse_skip_artifacts/dose_100000/baseline/train
[DRY RUN] Would log to: /tmp/pytest-of-ollie/pytest-143/test_cli_skips_missing_phase_d0/sparse_skip_artifacts/dose_100000/baseline/train/ptychi.log

[14/18] Job: dose=100000.0, view=dense, split=train
  [DRY RUN] [DRY RUN] Would execute: python scripts/reconstruction/ptychi_reconstruct_tike.py --algorithm LSQML --num-epochs 100 --input-npz /tmp/pytest-of-ollie/pytest-143/test_cli_skips_missing_phase_d0/phase_d_incomplete/dose_100000/dense/dense_train.npz --output-dir /tmp/pytest-of-ollie/pytest-143/test_cli_skips_missing_phase_d0/sparse_skip_artifacts/dose_100000/dense/train
[DRY RUN] Would log to: /tmp/pytest-of-ollie/pytest-143/test_cli_skips_missing_phase_d0/sparse_skip_artifacts/dose_100000/dense/train/ptychi.log

[15/18] Job: dose=100000.0, view=sparse, split=train
  [DRY RUN] [DRY RUN] Would execute: python scripts/reconstruction/ptychi_reconstruct_tike.py --algorithm LSQML --num-epochs 100 --input-npz /tmp/pytest-of-ollie/pytest-143/test_cli_skips_missing_phase_d0/phase_d_incomplete/dose_100000/sparse/sparse_train.npz --output-dir /tmp/pytest-of-ollie/pytest-143/test_cli_skips_missing_phase_d0/sparse_skip_artifacts/dose_100000/sparse/train
[DRY RUN] Would log to: /tmp/pytest-of-ollie/pytest-143/test_cli_skips_missing_phase_d0/sparse_skip_artifacts/dose_100000/sparse/train/ptychi.log

[16/18] Job: dose=100000.0, view=baseline, split=test
  [DRY RUN] [DRY RUN] Would execute: python scripts/reconstruction/ptychi_reconstruct_tike.py --algorithm LSQML --num-epochs 100 --input-npz /tmp/pytest-of-ollie/pytest-143/test_cli_skips_missing_phase_d0/phase_c/dose_100000/patched_test.npz --output-dir /tmp/pytest-of-ollie/pytest-143/test_cli_skips_missing_phase_d0/sparse_skip_artifacts/dose_100000/baseline/test
[DRY RUN] Would log to: /tmp/pytest-of-ollie/pytest-143/test_cli_skips_missing_phase_d0/sparse_skip_artifacts/dose_100000/baseline/test/ptychi.log

[17/18] Job: dose=100000.0, view=dense, split=test
  [DRY RUN] [DRY RUN] Would execute: python scripts/reconstruction/ptychi_reconstruct_tike.py --algorithm LSQML --num-epochs 100 --input-npz /tmp/pytest-of-ollie/pytest-143/test_cli_skips_missing_phase_d0/phase_d_incomplete/dose_100000/dense/dense_test.npz --output-dir /tmp/pytest-of-ollie/pytest-143/test_cli_skips_missing_phase_d0/sparse_skip_artifacts/dose_100000/dense/test
[DRY RUN] Would log to: /tmp/pytest-of-ollie/pytest-143/test_cli_skips_missing_phase_d0/sparse_skip_artifacts/dose_100000/dense/test/ptychi.log

[18/18] Job: dose=100000.0, view=sparse, split=test
  [DRY RUN] [DRY RUN] Would execute: python scripts/reconstruction/ptychi_reconstruct_tike.py --algorithm LSQML --num-epochs 100 --input-npz /tmp/pytest-of-ollie/pytest-143/test_cli_skips_missing_phase_d0/phase_d_incomplete/dose_100000/sparse/sparse_test.npz --output-dir /tmp/pytest-of-ollie/pytest-143/test_cli_skips_missing_phase_d0/sparse_skip_artifacts/dose_100000/sparse/test
[DRY RUN] Would log to: /tmp/pytest-of-ollie/pytest-143/test_cli_skips_missing_phase_d0/sparse_skip_artifacts/dose_100000/sparse/test/ptychi.log

Manifest written to: /tmp/pytest-of-ollie/pytest-143/test_cli_skips_missing_phase_d0/sparse_skip_artifacts/reconstruction_manifest.json
Skip summary written to: /tmp/pytest-of-ollie/pytest-143/test_cli_skips_missing_phase_d0/sparse_skip_artifacts/skip_summary.json

============================================================
Phase F Reconstruction Orchestrator Summary
============================================================
Total jobs:     18
Filtered jobs:  18
Skipped jobs:   0
Dry run:        True
Artifacts:      /tmp/pytest-of-ollie/pytest-143/test_cli_skips_missing_phase_d0/sparse_skip_artifacts
============================================================
=========================== short test summary info ============================
FAILED tests/study/test_dose_overlap_reconstruction.py::test_cli_skips_missing_phase_d - AssertionError: Manifest missing skip metadata for Phase D missing files
assert ('phase_d_missing' in {'timestamp': '2025-11-04T04:20:14.059467', 'phase_c_root': '/tmp/pytest-of-ollie/pytest-143/test_cli_skips_missing_phase_d0/phase_c', 'phase_d_root': '/tmp/pytest-of-ollie/pytest-143/test_cli_skips_missing_phase_d0/phase_d_incomplete', 'artifact_root': '/tmp/pytest-of-ollie/pytest-143/test_cli_skips_missing_phase_d0/sparse_skip_artifacts', 'filters': {'dose': None, 'view': None, 'split': None, 'gridsize': None}, 'total_jobs': 18, 'filtered_jobs': 18, 'jobs': [{'dose': 1000.0, 'view': 'baseline', 'split': 'train', 'input_npz': '/tmp/pytest-of-ollie/pytest-143/test_cli_skips_missing_phase_d0/phase_c/dose_1000/patched_train.npz', 'output_dir': '/tmp/pytest-of-ollie/pytest-143/test_cli_skips_missing_phase_d0/sparse_skip_artifacts/dose_1000/baseline/train', 'algorithm': 'LSQML', 'num_epochs': 100}, {'dose': 1000.0, 'view': 'dense', 'split': 'train', 'input_npz': '/tmp/pytest-of-ollie/pytest-143/test_cli_skips_missing_phase_d0/phase_d_incomplete/dose_1000/dense/dense_train.npz', 'output_dir': '/tmp/pytest-of-ollie/pytest-143/test_cli_skips_missing_phase_d0/sparse_skip_artifacts/dose_1000/dense/train', 'algorithm': 'LSQML', 'num_epochs': 100}, {'dose': 1000.0, 'view': 'sparse', 'split': 'train', 'input_npz': '/tmp/pytest-of-ollie/pytest-143/test_cli_skips_missing_phase_d0/phase_d_incomplete/dose_1000/sparse/sparse_train.npz', 'output_dir': '/tmp/pytest-of-ollie/pytest-143/test_cli_skips_missing_phase_d0/sparse_skip_artifacts/dose_1000/sparse/train', 'algorithm': 'LSQML', 'num_epochs': 100}, {'dose': 1000.0, 'view': 'baseline', 'split': 'test', 'input_npz': '/tmp/pytest-of-ollie/pytest-143/test_cli_skips_missing_phase_d0/phase_c/dose_1000/patched_test.npz', 'output_dir': '/tmp/pytest-of-ollie/pytest-143/test_cli_skips_missing_phase_d0/sparse_skip_artifacts/dose_1000/baseline/test', 'algorithm': 'LSQML', 'num_epochs': 100}, {'dose': 1000.0, 'view': 'dense', 'split': 'test', 'input_npz': '/tmp/pytest-of-ollie/pytest-143/test_cli_skips_missing_phase_d0/phase_d_incomplete/dose_1000/dense/dense_test.npz', 'output_dir': '/tmp/pytest-of-ollie/pytest-143/test_cli_skips_missing_phase_d0/sparse_skip_artifacts/dose_1000/dense/test', 'algorithm': 'LSQML', 'num_epochs': 100}, {'dose': 1000.0, 'view': 'sparse', 'split': 'test', 'input_npz': '/tmp/pytest-of-ollie/pytest-143/test_cli_skips_missing_phase_d0/phase_d_incomplete/dose_1000/sparse/sparse_test.npz', 'output_dir': '/tmp/pytest-of-ollie/pytest-143/test_cli_skips_missing_phase_d0/sparse_skip_artifacts/dose_1000/sparse/test', 'algorithm': 'LSQML', 'num_epochs': 100}, {'dose': 10000.0, 'view': 'baseline', 'split': 'train', 'input_npz': '/tmp/pytest-of-ollie/pytest-143/test_cli_skips_missing_phase_d0/phase_c/dose_10000/patched_train.npz', 'output_dir': '/tmp/pytest-of-ollie/pytest-143/test_cli_skips_missing_phase_d0/sparse_skip_artifacts/dose_10000/baseline/train', 'algorithm': 'LSQML', 'num_epochs': 100}, {'dose': 10000.0, 'view': 'dense', 'split': 'train', 'input_npz': '/tmp/pytest-of-ollie/pytest-143/test_cli_skips_missing_phase_d0/phase_d_incomplete/dose_10000/dense/dense_train.npz', 'output_dir': '/tmp/pytest-of-ollie/pytest-143/test_cli_skips_missing_phase_d0/sparse_skip_artifacts/dose_10000/dense/train', 'algorithm': 'LSQML', 'num_epochs': 100}, {'dose': 10000.0, 'view': 'sparse', 'split': 'train', 'input_npz': '/tmp/pytest-of-ollie/pytest-143/test_cli_skips_missing_phase_d0/phase_d_incomplete/dose_10000/sparse/sparse_train.npz', 'output_dir': '/tmp/pytest-of-ollie/pytest-143/test_cli_skips_missing_phase_d0/sparse_skip_artifacts/dose_10000/sparse/train', 'algorithm': 'LSQML', 'num_epochs': 100}, {'dose': 10000.0, 'view': 'baseline', 'split': 'test', 'input_npz': '/tmp/pytest-of-ollie/pytest-143/test_cli_skips_missing_phase_d0/phase_c/dose_10000/patched_test.npz', 'output_dir': '/tmp/pytest-of-ollie/pytest-143/test_cli_skips_missing_phase_d0/sparse_skip_artifacts/dose_10000/baseline/test', 'algorithm': 'LSQML', 'num_epochs': 100}, {'dose': 10000.0, 'view': 'dense', 'split': 'test', 'input_npz': '/tmp/pytest-of-ollie/pytest-143/test_cli_skips_missing_phase_d0/phase_d_incomplete/dose_10000/dense/dense_test.npz', 'output_dir': '/tmp/pytest-of-ollie/pytest-143/test_cli_skips_missing_phase_d0/sparse_skip_artifacts/dose_10000/dense/test', 'algorithm': 'LSQML', 'num_epochs': 100}, {'dose': 10000.0, 'view': 'sparse', 'split': 'test', 'input_npz': '/tmp/pytest-of-ollie/pytest-143/test_cli_skips_missing_phase_d0/phase_d_incomplete/dose_10000/sparse/sparse_test.npz', 'output_dir': '/tmp/pytest-of-ollie/pytest-143/test_cli_skips_missing_phase_d0/sparse_skip_artifacts/dose_10000/sparse/test', 'algorithm': 'LSQML', 'num_epochs': 100}, {'dose': 100000.0, 'view': 'baseline', 'split': 'train', 'input_npz': '/tmp/pytest-of-ollie/pytest-143/test_cli_skips_missing_phase_d0/phase_c/dose_100000/patched_train.npz', 'output_dir': '/tmp/pytest-of-ollie/pytest-143/test_cli_skips_missing_phase_d0/sparse_skip_artifacts/dose_100000/baseline/train', 'algorithm': 'LSQML', 'num_epochs': 100}, {'dose': 100000.0, 'view': 'dense', 'split': 'train', 'input_npz': '/tmp/pytest-of-ollie/pytest-143/test_cli_skips_missing_phase_d0/phase_d_incomplete/dose_100000/dense/dense_train.npz', 'output_dir': '/tmp/pytest-of-ollie/pytest-143/test_cli_skips_missing_phase_d0/sparse_skip_artifacts/dose_100000/dense/train', 'algorithm': 'LSQML', 'num_epochs': 100}, {'dose': 100000.0, 'view': 'sparse', 'split': 'train', 'input_npz': '/tmp/pytest-of-ollie/pytest-143/test_cli_skips_missing_phase_d0/phase_d_incomplete/dose_100000/sparse/sparse_train.npz', 'output_dir': '/tmp/pytest-of-ollie/pytest-143/test_cli_skips_missing_phase_d0/sparse_skip_artifacts/dose_100000/sparse/train', 'algorithm': 'LSQML', 'num_epochs': 100}, {'dose': 100000.0, 'view': 'baseline', 'split': 'test', 'input_npz': '/tmp/pytest-of-ollie/pytest-143/test_cli_skips_missing_phase_d0/phase_c/dose_100000/patched_test.npz', 'output_dir': '/tmp/pytest-of-ollie/pytest-143/test_cli_skips_missing_phase_d0/sparse_skip_artifacts/dose_100000/baseline/test', 'algorithm': 'LSQML', 'num_epochs': 100}, {'dose': 100000.0, 'view': 'dense', 'split': 'test', 'input_npz': '/tmp/pytest-of-ollie/pytest-143/test_cli_skips_missing_phase_d0/phase_d_incomplete/dose_100000/dense/dense_test.npz', 'output_dir': '/tmp/pytest-of-ollie/pytest-143/test_cli_skips_missing_phase_d0/sparse_skip_artifacts/dose_100000/dense/test', 'algorithm': 'LSQML', 'num_epochs': 100}, {'dose': 100000.0, 'view': 'sparse', 'split': 'test', 'input_npz': '/tmp/pytest-of-ollie/pytest-143/test_cli_skips_missing_phase_d0/phase_d_incomplete/dose_100000/sparse/sparse_test.npz', 'output_dir': '/tmp/pytest-of-ollie/pytest-143/test_cli_skips_missing_phase_d0/sparse_skip_artifacts/dose_100000/sparse/test', 'algorithm': 'LSQML', 'num_epochs': 100}], 'execution_results': [{'dose': 1000.0, 'view': 'baseline', 'split': 'train', 'returncode': 0, 'log_path': '/tmp/pytest-of-ollie/pytest-143/test_cli_skips_missing_phase_d0/sparse_skip_artifacts/dose_1000/baseline/train/ptychi.log', 'stdout_preview': '[DRY RUN] Would execute: python scripts/reconstruction/ptychi_reconstruct_tike.py --algorithm LSQML --num-epochs 100 --input-npz /tmp/pytest-of-ollie/pytest-143/test_cli_skips_missing_phase_d0/phase_c'}, {'dose': 1000.0, 'view': 'dense', 'split': 'train', 'returncode': 0, 'log_path': '/tmp/pytest-of-ollie/pytest-143/test_cli_skips_missing_phase_d0/sparse_skip_artifacts/dose_1000/dense/train/ptychi.log', 'stdout_preview': '[DRY RUN] Would execute: python scripts/reconstruction/ptychi_reconstruct_tike.py --algorithm LSQML --num-epochs 100 --input-npz /tmp/pytest-of-ollie/pytest-143/test_cli_skips_missing_phase_d0/phase_d'}, {'dose': 1000.0, 'view': 'sparse', 'split': 'train', 'returncode': 0, 'log_path': '/tmp/pytest-of-ollie/pytest-143/test_cli_skips_missing_phase_d0/sparse_skip_artifacts/dose_1000/sparse/train/ptychi.log', 'stdout_preview': '[DRY RUN] Would execute: python scripts/reconstruction/ptychi_reconstruct_tike.py --algorithm LSQML --num-epochs 100 --input-npz /tmp/pytest-of-ollie/pytest-143/test_cli_skips_missing_phase_d0/phase_d'}, {'dose': 1000.0, 'view': 'baseline', 'split': 'test', 'returncode': 0, 'log_path': '/tmp/pytest-of-ollie/pytest-143/test_cli_skips_missing_phase_d0/sparse_skip_artifacts/dose_1000/baseline/test/ptychi.log', 'stdout_preview': '[DRY RUN] Would execute: python scripts/reconstruction/ptychi_reconstruct_tike.py --algorithm LSQML --num-epochs 100 --input-npz /tmp/pytest-of-ollie/pytest-143/test_cli_skips_missing_phase_d0/phase_c'}, {'dose': 1000.0, 'view': 'dense', 'split': 'test', 'returncode': 0, 'log_path': '/tmp/pytest-of-ollie/pytest-143/test_cli_skips_missing_phase_d0/sparse_skip_artifacts/dose_1000/dense/test/ptychi.log', 'stdout_preview': '[DRY RUN] Would execute: python scripts/reconstruction/ptychi_reconstruct_tike.py --algorithm LSQML --num-epochs 100 --input-npz /tmp/pytest-of-ollie/pytest-143/test_cli_skips_missing_phase_d0/phase_d'}, {'dose': 1000.0, 'view': 'sparse', 'split': 'test', 'returncode': 0, 'log_path': '/tmp/pytest-of-ollie/pytest-143/test_cli_skips_missing_phase_d0/sparse_skip_artifacts/dose_1000/sparse/test/ptychi.log', 'stdout_preview': '[DRY RUN] Would execute: python scripts/reconstruction/ptychi_reconstruct_tike.py --algorithm LSQML --num-epochs 100 --input-npz /tmp/pytest-of-ollie/pytest-143/test_cli_skips_missing_phase_d0/phase_d'}, {'dose': 10000.0, 'view': 'baseline', 'split': 'train', 'returncode': 0, 'log_path': '/tmp/pytest-of-ollie/pytest-143/test_cli_skips_missing_phase_d0/sparse_skip_artifacts/dose_10000/baseline/train/ptychi.log', 'stdout_preview': '[DRY RUN] Would execute: python scripts/reconstruction/ptychi_reconstruct_tike.py --algorithm LSQML --num-epochs 100 --input-npz /tmp/pytest-of-ollie/pytest-143/test_cli_skips_missing_phase_d0/phase_c'}, {'dose': 10000.0, 'view': 'dense', 'split': 'train', 'returncode': 0, 'log_path': '/tmp/pytest-of-ollie/pytest-143/test_cli_skips_missing_phase_d0/sparse_skip_artifacts/dose_10000/dense/train/ptychi.log', 'stdout_preview': '[DRY RUN] Would execute: python scripts/reconstruction/ptychi_reconstruct_tike.py --algorithm LSQML --num-epochs 100 --input-npz /tmp/pytest-of-ollie/pytest-143/test_cli_skips_missing_phase_d0/phase_d'}, {'dose': 10000.0, 'view': 'sparse', 'split': 'train', 'returncode': 0, 'log_path': '/tmp/pytest-of-ollie/pytest-143/test_cli_skips_missing_phase_d0/sparse_skip_artifacts/dose_10000/sparse/train/ptychi.log', 'stdout_preview': '[DRY RUN] Would execute: python scripts/reconstruction/ptychi_reconstruct_tike.py --algorithm LSQML --num-epochs 100 --input-npz /tmp/pytest-of-ollie/pytest-143/test_cli_skips_missing_phase_d0/phase_d'}, {'dose': 10000.0, 'view': 'baseline', 'split': 'test', 'returncode': 0, 'log_path': '/tmp/pytest-of-ollie/pytest-143/test_cli_skips_missing_phase_d0/sparse_skip_artifacts/dose_10000/baseline/test/ptychi.log', 'stdout_preview': '[DRY RUN] Would execute: python scripts/reconstruction/ptychi_reconstruct_tike.py --algorithm LSQML --num-epochs 100 --input-npz /tmp/pytest-of-ollie/pytest-143/test_cli_skips_missing_phase_d0/phase_c'}, {'dose': 10000.0, 'view': 'dense', 'split': 'test', 'returncode': 0, 'log_path': '/tmp/pytest-of-ollie/pytest-143/test_cli_skips_missing_phase_d0/sparse_skip_artifacts/dose_10000/dense/test/ptychi.log', 'stdout_preview': '[DRY RUN] Would execute: python scripts/reconstruction/ptychi_reconstruct_tike.py --algorithm LSQML --num-epochs 100 --input-npz /tmp/pytest-of-ollie/pytest-143/test_cli_skips_missing_phase_d0/phase_d'}, {'dose': 10000.0, 'view': 'sparse', 'split': 'test', 'returncode': 0, 'log_path': '/tmp/pytest-of-ollie/pytest-143/test_cli_skips_missing_phase_d0/sparse_skip_artifacts/dose_10000/sparse/test/ptychi.log', 'stdout_preview': '[DRY RUN] Would execute: python scripts/reconstruction/ptychi_reconstruct_tike.py --algorithm LSQML --num-epochs 100 --input-npz /tmp/pytest-of-ollie/pytest-143/test_cli_skips_missing_phase_d0/phase_d'}, {'dose': 100000.0, 'view': 'baseline', 'split': 'train', 'returncode': 0, 'log_path': '/tmp/pytest-of-ollie/pytest-143/test_cli_skips_missing_phase_d0/sparse_skip_artifacts/dose_100000/baseline/train/ptychi.log', 'stdout_preview': '[DRY RUN] Would execute: python scripts/reconstruction/ptychi_reconstruct_tike.py --algorithm LSQML --num-epochs 100 --input-npz /tmp/pytest-of-ollie/pytest-143/test_cli_skips_missing_phase_d0/phase_c'}, {'dose': 100000.0, 'view': 'dense', 'split': 'train', 'returncode': 0, 'log_path': '/tmp/pytest-of-ollie/pytest-143/test_cli_skips_missing_phase_d0/sparse_skip_artifacts/dose_100000/dense/train/ptychi.log', 'stdout_preview': '[DRY RUN] Would execute: python scripts/reconstruction/ptychi_reconstruct_tike.py --algorithm LSQML --num-epochs 100 --input-npz /tmp/pytest-of-ollie/pytest-143/test_cli_skips_missing_phase_d0/phase_d'}, {'dose': 100000.0, 'view': 'sparse', 'split': 'train', 'returncode': 0, 'log_path': '/tmp/pytest-of-ollie/pytest-143/test_cli_skips_missing_phase_d0/sparse_skip_artifacts/dose_100000/sparse/train/ptychi.log', 'stdout_preview': '[DRY RUN] Would execute: python scripts/reconstruction/ptychi_reconstruct_tike.py --algorithm LSQML --num-epochs 100 --input-npz /tmp/pytest-of-ollie/pytest-143/test_cli_skips_missing_phase_d0/phase_d'}, {'dose': 100000.0, 'view': 'baseline', 'split': 'test', 'returncode': 0, 'log_path': '/tmp/pytest-of-ollie/pytest-143/test_cli_skips_missing_phase_d0/sparse_skip_artifacts/dose_100000/baseline/test/ptychi.log', 'stdout_preview': '[DRY RUN] Would execute: python scripts/reconstruction/ptychi_reconstruct_tike.py --algorithm LSQML --num-epochs 100 --input-npz /tmp/pytest-of-ollie/pytest-143/test_cli_skips_missing_phase_d0/phase_c'}, {'dose': 100000.0, 'view': 'dense', 'split': 'test', 'returncode': 0, 'log_path': '/tmp/pytest-of-ollie/pytest-143/test_cli_skips_missing_phase_d0/sparse_skip_artifacts/dose_100000/dense/test/ptychi.log', 'stdout_preview': '[DRY RUN] Would execute: python scripts/reconstruction/ptychi_reconstruct_tike.py --algorithm LSQML --num-epochs 100 --input-npz /tmp/pytest-of-ollie/pytest-143/test_cli_skips_missing_phase_d0/phase_d'}, {'dose': 100000.0, 'view': 'sparse', 'split': 'test', 'returncode': 0, 'log_path': '/tmp/pytest-of-ollie/pytest-143/test_cli_skips_missing_phase_d0/sparse_skip_artifacts/dose_100000/sparse/test/ptychi.log', 'stdout_preview': '[DRY RUN] Would execute: python scripts/reconstruction/ptychi_reconstruct_tike.py --algorithm LSQML --num-epochs 100 --input-npz /tmp/pytest-of-ollie/pytest-143/test_cli_skips_missing_phase_d0/phase_d'}]} or 'skipped_phase_d' in {'timestamp': '2025-11-04T04:20:14.059467', 'phase_c_root': '/tmp/pytest-of-ollie/pytest-143/test_cli_skips_missing_phase_d0/phase_c', 'phase_d_root': '/tmp/pytest-of-ollie/pytest-143/test_cli_skips_missing_phase_d0/phase_d_incomplete', 'artifact_root': '/tmp/pytest-of-ollie/pytest-143/test_cli_skips_missing_phase_d0/sparse_skip_artifacts', 'filters': {'dose': None, 'view': None, 'split': None, 'gridsize': None}, 'total_jobs': 18, 'filtered_jobs': 18, 'jobs': [{'dose': 1000.0, 'view': 'baseline', 'split': 'train', 'input_npz': '/tmp/pytest-of-ollie/pytest-143/test_cli_skips_missing_phase_d0/phase_c/dose_1000/patched_train.npz', 'output_dir': '/tmp/pytest-of-ollie/pytest-143/test_cli_skips_missing_phase_d0/sparse_skip_artifacts/dose_1000/baseline/train', 'algorithm': 'LSQML', 'num_epochs': 100}, {'dose': 1000.0, 'view': 'dense', 'split': 'train', 'input_npz': '/tmp/pytest-of-ollie/pytest-143/test_cli_skips_missing_phase_d0/phase_d_incomplete/dose_1000/dense/dense_train.npz', 'output_dir': '/tmp/pytest-of-ollie/pytest-143/test_cli_skips_missing_phase_d0/sparse_skip_artifacts/dose_1000/dense/train', 'algorithm': 'LSQML', 'num_epochs': 100}, {'dose': 1000.0, 'view': 'sparse', 'split': 'train', 'input_npz': '/tmp/pytest-of-ollie/pytest-143/test_cli_skips_missing_phase_d0/phase_d_incomplete/dose_1000/sparse/sparse_train.npz', 'output_dir': '/tmp/pytest-of-ollie/pytest-143/test_cli_skips_missing_phase_d0/sparse_skip_artifacts/dose_1000/sparse/train', 'algorithm': 'LSQML', 'num_epochs': 100}, {'dose': 1000.0, 'view': 'baseline', 'split': 'test', 'input_npz': '/tmp/pytest-of-ollie/pytest-143/test_cli_skips_missing_phase_d0/phase_c/dose_1000/patched_test.npz', 'output_dir': '/tmp/pytest-of-ollie/pytest-143/test_cli_skips_missing_phase_d0/sparse_skip_artifacts/dose_1000/baseline/test', 'algorithm': 'LSQML', 'num_epochs': 100}, {'dose': 1000.0, 'view': 'dense', 'split': 'test', 'input_npz': '/tmp/pytest-of-ollie/pytest-143/test_cli_skips_missing_phase_d0/phase_d_incomplete/dose_1000/dense/dense_test.npz', 'output_dir': '/tmp/pytest-of-ollie/pytest-143/test_cli_skips_missing_phase_d0/sparse_skip_artifacts/dose_1000/dense/test', 'algorithm': 'LSQML', 'num_epochs': 100}, {'dose': 1000.0, 'view': 'sparse', 'split': 'test', 'input_npz': '/tmp/pytest-of-ollie/pytest-143/test_cli_skips_missing_phase_d0/phase_d_incomplete/dose_1000/sparse/sparse_test.npz', 'output_dir': '/tmp/pytest-of-ollie/pytest-143/test_cli_skips_missing_phase_d0/sparse_skip_artifacts/dose_1000/sparse/test', 'algorithm': 'LSQML', 'num_epochs': 100}, {'dose': 10000.0, 'view': 'baseline', 'split': 'train', 'input_npz': '/tmp/pytest-of-ollie/pytest-143/test_cli_skips_missing_phase_d0/phase_c/dose_10000/patched_train.npz', 'output_dir': '/tmp/pytest-of-ollie/pytest-143/test_cli_skips_missing_phase_d0/sparse_skip_artifacts/dose_10000/baseline/train', 'algorithm': 'LSQML', 'num_epochs': 100}, {'dose': 10000.0, 'view': 'dense', 'split': 'train', 'input_npz': '/tmp/pytest-of-ollie/pytest-143/test_cli_skips_missing_phase_d0/phase_d_incomplete/dose_10000/dense/dense_train.npz', 'output_dir': '/tmp/pytest-of-ollie/pytest-143/test_cli_skips_missing_phase_d0/sparse_skip_artifacts/dose_10000/dense/train', 'algorithm': 'LSQML', 'num_epochs': 100}, {'dose': 10000.0, 'view': 'sparse', 'split': 'train', 'input_npz': '/tmp/pytest-of-ollie/pytest-143/test_cli_skips_missing_phase_d0/phase_d_incomplete/dose_10000/sparse/sparse_train.npz', 'output_dir': '/tmp/pytest-of-ollie/pytest-143/test_cli_skips_missing_phase_d0/sparse_skip_artifacts/dose_10000/sparse/train', 'algorithm': 'LSQML', 'num_epochs': 100}, {'dose': 10000.0, 'view': 'baseline', 'split': 'test', 'input_npz': '/tmp/pytest-of-ollie/pytest-143/test_cli_skips_missing_phase_d0/phase_c/dose_10000/patched_test.npz', 'output_dir': '/tmp/pytest-of-ollie/pytest-143/test_cli_skips_missing_phase_d0/sparse_skip_artifacts/dose_10000/baseline/test', 'algorithm': 'LSQML', 'num_epochs': 100}, {'dose': 10000.0, 'view': 'dense', 'split': 'test', 'input_npz': '/tmp/pytest-of-ollie/pytest-143/test_cli_skips_missing_phase_d0/phase_d_incomplete/dose_10000/dense/dense_test.npz', 'output_dir': '/tmp/pytest-of-ollie/pytest-143/test_cli_skips_missing_phase_d0/sparse_skip_artifacts/dose_10000/dense/test', 'algorithm': 'LSQML', 'num_epochs': 100}, {'dose': 10000.0, 'view': 'sparse', 'split': 'test', 'input_npz': '/tmp/pytest-of-ollie/pytest-143/test_cli_skips_missing_phase_d0/phase_d_incomplete/dose_10000/sparse/sparse_test.npz', 'output_dir': '/tmp/pytest-of-ollie/pytest-143/test_cli_skips_missing_phase_d0/sparse_skip_artifacts/dose_10000/sparse/test', 'algorithm': 'LSQML', 'num_epochs': 100}, {'dose': 100000.0, 'view': 'baseline', 'split': 'train', 'input_npz': '/tmp/pytest-of-ollie/pytest-143/test_cli_skips_missing_phase_d0/phase_c/dose_100000/patched_train.npz', 'output_dir': '/tmp/pytest-of-ollie/pytest-143/test_cli_skips_missing_phase_d0/sparse_skip_arti
[...]
': '[DRY RUN] Would execute: python scripts/reconstruction/ptychi_reconstruct_tike.py --algorithm LSQML --num-epochs 100 --input-npz /tmp/pytest-of-ollie/pytest-143/test_cli_skips_missing_phase_d0/phase_d'}, {'dose': 10000.0, 'view': 'baseline', 'split': 'train', 'returncode': 0, 'log_path': '/tmp/pytest-of-ollie/pytest-143/test_cli_skips_missing_phase_d0/sparse_skip_artifacts/dose_10000/baseline/train/ptychi.log', 'stdout_preview': '[DRY RUN] Would execute: python scripts/reconstruction/ptychi_reconstruct_tike.py --algorithm LSQML --num-epochs 100 --input-npz /tmp/pytest-of-ollie/pytest-143/test_cli_skips_missing_phase_d0/phase_c'}, {'dose': 10000.0, 'view': 'dense', 'split': 'train', 'returncode': 0, 'log_path': '/tmp/pytest-of-ollie/pytest-143/test_cli_skips_missing_phase_d0/sparse_skip_artifacts/dose_10000/dense/train/ptychi.log', 'stdout_preview': '[DRY RUN] Would execute: python scripts/reconstruction/ptychi_reconstruct_tike.py --algorithm LSQML --num-epochs 100 --input-npz /tmp/pytest-of-ollie/pytest-143/test_cli_skips_missing_phase_d0/phase_d'}, {'dose': 10000.0, 'view': 'sparse', 'split': 'train', 'returncode': 0, 'log_path': '/tmp/pytest-of-ollie/pytest-143/test_cli_skips_missing_phase_d0/sparse_skip_artifacts/dose_10000/sparse/train/ptychi.log', 'stdout_preview': '[DRY RUN] Would execute: python scripts/reconstruction/ptychi_reconstruct_tike.py --algorithm LSQML --num-epochs 100 --input-npz /tmp/pytest-of-ollie/pytest-143/test_cli_skips_missing_phase_d0/phase_d'}, {'dose': 10000.0, 'view': 'baseline', 'split': 'test', 'returncode': 0, 'log_path': '/tmp/pytest-of-ollie/pytest-143/test_cli_skips_missing_phase_d0/sparse_skip_artifacts/dose_10000/baseline/test/ptychi.log', 'stdout_preview': '[DRY RUN] Would execute: python scripts/reconstruction/ptychi_reconstruct_tike.py --algorithm LSQML --num-epochs 100 --input-npz /tmp/pytest-of-ollie/pytest-143/test_cli_skips_missing_phase_d0/phase_c'}, {'dose': 10000.0, 'view': 'dense', 'split': 'test', 'returncode': 0, 'log_path': '/tmp/pytest-of-ollie/pytest-143/test_cli_skips_missing_phase_d0/sparse_skip_artifacts/dose_10000/dense/test/ptychi.log', 'stdout_preview': '[DRY RUN] Would execute: python scripts/reconstruction/ptychi_reconstruct_tike.py --algorithm LSQML --num-epochs 100 --input-npz /tmp/pytest-of-ollie/pytest-143/test_cli_skips_missing_phase_d0/phase_d'}, {'dose': 10000.0, 'view': 'sparse', 'split': 'test', 'returncode': 0, 'log_path': '/tmp/pytest-of-ollie/pytest-143/test_cli_skips_missing_phase_d0/sparse_skip_artifacts/dose_10000/sparse/test/ptychi.log', 'stdout_preview': '[DRY RUN] Would execute: python scripts/reconstruction/ptychi_reconstruct_tike.py --algorithm LSQML --num-epochs 100 --input-npz /tmp/pytest-of-ollie/pytest-143/test_cli_skips_missing_phase_d0/phase_d'}, {'dose': 100000.0, 'view': 'baseline', 'split': 'train', 'returncode': 0, 'log_path': '/tmp/pytest-of-ollie/pytest-143/test_cli_skips_missing_phase_d0/sparse_skip_artifacts/dose_100000/baseline/train/ptychi.log', 'stdout_preview': '[DRY RUN] Would execute: python scripts/reconstruction/ptychi_reconstruct_tike.py --algorithm LSQML --num-epochs 100 --input-npz /tmp/pytest-of-ollie/pytest-143/test_cli_skips_missing_phase_d0/phase_c'}, {'dose': 100000.0, 'view': 'dense', 'split': 'train', 'returncode': 0, 'log_path': '/tmp/pytest-of-ollie/pytest-143/test_cli_skips_missing_phase_d0/sparse_skip_artifacts/dose_100000/dense/train/ptychi.log', 'stdout_preview': '[DRY RUN] Would execute: python scripts/reconstruction/ptychi_reconstruct_tike.py --algorithm LSQML --num-epochs 100 --input-npz /tmp/pytest-of-ollie/pytest-143/test_cli_skips_missing_phase_d0/phase_d'}, {'dose': 100000.0, 'view': 'sparse', 'split': 'train', 'returncode': 0, 'log_path': '/tmp/pytest-of-ollie/pytest-143/test_cli_skips_missing_phase_d0/sparse_skip_artifacts/dose_100000/sparse/train/ptychi.log', 'stdout_preview': '[DRY RUN] Would execute: python scripts/reconstruction/ptychi_reconstruct_tike.py --algorithm LSQML --num-epochs 100 --input-npz /tmp/pytest-of-ollie/pytest-143/test_cli_skips_missing_phase_d0/phase_d'}, {'dose': 100000.0, 'view': 'baseline', 'split': 'test', 'returncode': 0, 'log_path': '/tmp/pytest-of-ollie/pytest-143/test_cli_skips_missing_phase_d0/sparse_skip_artifacts/dose_100000/baseline/test/ptychi.log', 'stdout_preview': '[DRY RUN] Would execute: python scripts/reconstruction/ptychi_reconstruct_tike.py --algorithm LSQML --num-epochs 100 --input-npz /tmp/pytest-of-ollie/pytest-143/test_cli_skips_missing_phase_d0/phase_c'}, {'dose': 100000.0, 'view': 'dense', 'split': 'test', 'returncode': 0, 'log_path': '/tmp/pytest-of-ollie/pytest-143/test_cli_skips_missing_phase_d0/sparse_skip_artifacts/dose_100000/dense/test/ptychi.log', 'stdout_preview': '[DRY RUN] Would execute: python scripts/reconstruction/ptychi_reconstruct_tike.py --algorithm LSQML --num-epochs 100 --input-npz /tmp/pytest-of-ollie/pytest-143/test_cli_skips_missing_phase_d0/phase_d'}, {'dose': 100000.0, 'view': 'sparse', 'split': 'test', 'returncode': 0, 'log_path': '/tmp/pytest-of-ollie/pytest-143/test_cli_skips_missing_phase_d0/sparse_skip_artifacts/dose_100000/sparse/test/ptychi.log', 'stdout_preview': '[DRY RUN] Would execute: python scripts/reconstruction/ptychi_reconstruct_tike.py --algorithm LSQML --num-epochs 100 --input-npz /tmp/pytest-of-ollie/pytest-143/test_cli_skips_missing_phase_d0/phase_d'}]} or 'missing_jobs' in {'timestamp': '2025-11-04T04:20:14.059467', 'phase_c_root': '/tmp/pytest-of-ollie/pytest-143/test_cli_skips_missing_phase_d0/phase_c', 'phase_d_root': '/tmp/pytest-of-ollie/pytest-143/test_cli_skips_missing_phase_d0/phase_d_incomplete', 'artifact_root': '/tmp/pytest-of-ollie/pytest-143/test_cli_skips_missing_phase_d0/sparse_skip_artifacts', 'filters': {'dose': None, 'view': None, 'split': None, 'gridsize': None}, 'total_jobs': 18, 'filtered_jobs': 18, 'jobs': [{'dose': 1000.0, 'view': 'baseline', 'split': 'train', 'input_npz': '/tmp/pytest-of-ollie/pytest-143/test_cli_skips_missing_phase_d0/phase_c/dose_1000/patched_train.npz', 'output_dir': '/tmp/pytest-of-ollie/pytest-143/test_cli_skips_missing_phase_d0/sparse_skip_artifacts/dose_1000/baseline/train', 'algorithm': 'LSQML', 'num_epochs': 100}, {'dose': 1000.0, 'view': 'dense', 'split': 'train', 'input_npz': '/tmp/pytest-of-ollie/pytest-143/test_cli_skips_missing_phase_d0/phase_d_incomplete/dose_1000/dense/dense_train.npz', 'output_dir': '/tmp/pytest-of-ollie/pytest-143/test_cli_skips_missing_phase_d0/sparse_skip_artifacts/dose_1000/dense/train', 'algorithm': 'LSQML', 'num_epochs': 100}, {'dose': 1000.0, 'view': 'sparse', 'split': 'train', 'input_npz': '/tmp/pytest-of-ollie/pytest-143/test_cli_skips_missing_phase_d0/phase_d_incomplete/dose_1000/sparse/sparse_train.npz', 'output_dir': '/tmp/pytest-of-ollie/pytest-143/test_cli_skips_missing_phase_d0/sparse_skip_artifacts/dose_1000/sparse/train', 'algorithm': 'LSQML', 'num_epochs': 100}, {'dose': 1000.0, 'view': 'baseline', 'split': 'test', 'input_npz': '/tmp/pytest-of-ollie/pytest-143/test_cli_skips_missing_phase_d0/phase_c/dose_1000/patched_test.npz', 'output_dir': '/tmp/pytest-of-ollie/pytest-143/test_cli_skips_missing_phase_d0/sparse_skip_artifacts/dose_1000/baseline/test', 'algorithm': 'LSQML', 'num_epochs': 100}, {'dose': 1000.0, 'view': 'dense', 'split': 'test', 'input_npz': '/tmp/pytest-of-ollie/pytest-143/test_cli_skips_missing_phase_d0/phase_d_incomplete/dose_1000/dense/dense_test.npz', 'output_dir': '/tmp/pytest-of-ollie/pytest-143/test_cli_skips_missing_phase_d0/sparse_skip_artifacts/dose_1000/dense/test', 'algorithm': 'LSQML', 'num_epochs': 100}, {'dose': 1000.0, 'view': 'sparse', 'split': 'test', 'input_npz': '/tmp/pytest-of-ollie/pytest-143/test_cli_skips_missing_phase_d0/phase_d_incomplete/dose_1000/sparse/sparse_test.npz', 'output_dir': '/tmp/pytest-of-ollie/pytest-143/test_cli_skips_missing_phase_d0/sparse_skip_artifacts/dose_1000/sparse/test', 'algorithm': 'LSQML', 'num_epochs': 100}, {'dose': 10000.0, 'view': 'baseline', 'split': 'train', 'input_npz': '/tmp/pytest-of-ollie/pytest-143/test_cli_skips_missing_phase_d0/phase_c/dose_10000/patched_train.npz', 'output_dir': '/tmp/pytest-of-ollie/pytest-143/test_cli_skips_missing_phase_d0/sparse_skip_artifacts/dose_10000/baseline/train', 'algorithm': 'LSQML', 'num_epochs': 100}, {'dose': 10000.0, 'view': 'dense', 'split': 'train', 'input_npz': '/tmp/pytest-of-ollie/pytest-143/test_cli_skips_missing_phase_d0/phase_d_incomplete/dose_10000/dense/dense_train.npz', 'output_dir': '/tmp/pytest-of-ollie/pytest-143/test_cli_skips_missing_phase_d0/sparse_skip_artifacts/dose_10000/dense/train', 'algorithm': 'LSQML', 'num_epochs': 100}, {'dose': 10000.0, 'view': 'sparse', 'split': 'train', 'input_npz': '/tmp/pytest-of-ollie/pytest-143/test_cli_skips_missing_phase_d0/phase_d_incomplete/dose_10000/sparse/sparse_train.npz', 'output_dir': '/tmp/pytest-of-ollie/pytest-143/test_cli_skips_missing_phase_d0/sparse_skip_artifacts/dose_10000/sparse/train', 'algorithm': 'LSQML', 'num_epochs': 100}, {'dose': 10000.0, 'view': 'baseline', 'split': 'test', 'input_npz': '/tmp/pytest-of-ollie/pytest-143/test_cli_skips_missing_phase_d0/phase_c/dose_10000/patched_test.npz', 'output_dir': '/tmp/pytest-of-ollie/pytest-143/test_cli_skips_missing_phase_d0/sparse_skip_artifacts/dose_10000/baseline/test', 'algorithm': 'LSQML', 'num_epochs': 100}, {'dose': 10000.0, 'view': 'dense', 'split': 'test', 'input_npz': '/tmp/pytest-of-ollie/pytest-143/test_cli_skips_missing_phase_d0/phase_d_incomplete/dose_10000/dense/dense_test.npz', 'output_dir': '/tmp/pytest-of-ollie/pytest-143/test_cli_skips_missing_phase_d0/sparse_skip_artifacts/dose_10000/dense/test', 'algorithm': 'LSQML', 'num_epochs': 100}, {'dose': 10000.0, 'view': 'sparse', 'split': 'test', 'input_npz': '/tmp/pytest-of-ollie/pytest-143/test_cli_skips_missing_phase_d0/phase_d_incomplete/dose_10000/sparse/sparse_test.npz', 'output_dir': '/tmp/pytest-of-ollie/pytest-143/test_cli_skips_missing_phase_d0/sparse_skip_artifacts/dose_10000/sparse/test', 'algorithm': 'LSQML', 'num_epochs': 100}, {'dose': 100000.0, 'view': 'baseline', 'split': 'train', 'input_npz': '/tmp/pytest-of-ollie/pytest-143/test_cli_skips_missing_phase_d0/phase_c/dose_100000/patched_train.npz', 'output_dir': '/tmp/pytest-of-ollie/pytest-143/test_cli_skips_missing_phase_d0/sparse_skip_artifacts/dose_100000/baseline/train', 'algorithm': 'LSQML', 'num_epochs': 100}, {'dose': 100000.0, 'view': 'dense', 'split': 'train', 'input_npz': '/tmp/pytest-of-ollie/pytest-143/test_cli_skips_missing_phase_d0/phase_d_incomplete/dose_100000/dense/dense_train.npz', 'output_dir': '/tmp/pytest-of-ollie/pytest-143/test_cli_skips_missing_phase_d0/sparse_skip_artifacts/dose_100000/dense/train', 'algorithm': 'LSQML', 'num_epochs': 100}, {'dose': 100000.0, 'view': 'sparse', 'split': 'train', 'input_npz': '/tmp/pytest-of-ollie/pytest-143/test_cli_skips_missing_phase_d0/phase_d_incomplete/dose_100000/sparse/sparse_train.npz', 'output_dir': '/tmp/pytest-of-ollie/pytest-143/test_cli_skips_missing_phase_d0/sparse_skip_artifacts/dose_100000/sparse/train', 'algorithm': 'LSQML', 'num_epochs': 100}, {'dose': 100000.0, 'view': 'baseline', 'split': 'test', 'input_npz': '/tmp/pytest-of-ollie/pytest-143/test_cli_skips_missing_phase_d0/phase_c/dose_100000/patched_test.npz', 'output_dir': '/tmp/pytest-of-ollie/pytest-143/test_cli_skips_missing_phase_d0/sparse_skip_artifacts/dose_100000/baseline/test', 'algorithm': 'LSQML', 'num_epochs': 100}, {'dose': 100000.0, 'view': 'dense', 'split': 'test', 'input_npz': '/tmp/pytest-of-ollie/pytest-143/test_cli_skips_missing_phase_d0/phase_d_incomplete/dose_100000/dense/dense_test.npz', 'output_dir': '/tmp/pytest-of-ollie/pytest-143/test_cli_skips_missing_phase_d0/sparse_skip_artifacts/dose_100000/dense/test', 'algorithm': 'LSQML', 'num_epochs': 100}, {'dose': 100000.0, 'view': 'sparse', 'split': 'test', 'input_npz': '/tmp/pytest-of-ollie/pytest-143/test_cli_skips_missing_phase_d0/phase_d_incomplete/dose_100000/sparse/sparse_test.npz', 'output_dir': '/tmp/pytest-of-ollie/pytest-143/test_cli_skips_missing_phase_d0/sparse_skip_artifacts/dose_100000/sparse/test', 'algorithm': 'LSQML', 'num_epochs': 100}], 'execution_results': [{'dose': 1000.0, 'view': 'baseline', 'split': 'train', 'returncode': 0, 'log_path': '/tmp/pytest-of-ollie/pytest-143/test_cli_skips_missing_phase_d0/sparse_skip_artifacts/dose_1000/baseline/train/ptychi.log', 'stdout_preview': '[DRY RUN] Would execute: python scripts/reconstruction/ptychi_reconstruct_tike.py --algorithm LSQML --num-epochs 100 --input-npz /tmp/pytest-of-ollie/pytest-143/test_cli_skips_missing_phase_d0/phase_c'}, {'dose': 1000.0, 'view': 'dense', 'split': 'train', 'returncode': 0, 'log_path': '/tmp/pytest-of-ollie/pytest-143/test_cli_skips_missing_phase_d0/sparse_skip_artifacts/dose_1000/dense/train/ptychi.log', 'stdout_preview': '[DRY RUN] Would execute: python scripts/reconstruction/ptychi_reconstruct_tike.py --algorithm LSQML --num-epochs 100 --input-npz /tmp/pytest-of-ollie/pytest-143/test_cli_skips_missing_phase_d0/phase_d'}, {'dose': 1000.0, 'view': 'sparse', 'split': 'train', 'returncode': 0, 'log_path': '/tmp/pytest-of-ollie/pytest-143/test_cli_skips_missing_phase_d0/sparse_skip_artifacts/dose_1000/sparse/train/ptychi.log', 'stdout_preview': '[DRY RUN] Would execute: python scripts/reconstruction/ptychi_reconstruct_tike.py --algorithm LSQML --num-epochs 100 --input-npz /tmp/pytest-of-ollie/pytest-143/test_cli_skips_missing_phase_d0/phase_d'}, {'dose': 1000.0, 'view': 'baseline', 'split': 'test', 'returncode': 0, 'log_path': '/tmp/pytest-of-ollie/pytest-143/test_cli_skips_missing_phase_d0/sparse_skip_artifacts/dose_1000/baseline/test/ptychi.log', 'stdout_preview': '[DRY RUN] Would execute: python scripts/reconstruction/ptychi_reconstruct_tike.py --algorithm LSQML --num-epochs 100 --input-npz /tmp/pytest-of-ollie/pytest-143/test_cli_skips_missing_phase_d0/phase_c'}, {'dose': 1000.0, 'view': 'dense', 'split': 'test', 'returncode': 0, 'log_path': '/tmp/pytest-of-ollie/pytest-143/test_cli_skips_missing_phase_d0/sparse_skip_artifacts/dose_1000/dense/test/ptychi.log', 'stdout_preview': '[DRY RUN] Would execute: python scripts/reconstruction/ptychi_reconstruct_tike.py --algorithm LSQML --num-epochs 100 --input-npz /tmp/pytest-of-ollie/pytest-143/test_cli_skips_missing_phase_d0/phase_d'}, {'dose': 1000.0, 'view': 'sparse', 'split': 'test', 'returncode': 0, 'log_path': '/tmp/pytest-of-ollie/pytest-143/test_cli_skips_missing_phase_d0/sparse_skip_artifacts/dose_1000/sparse/test/ptychi.log', 'stdout_preview': '[DRY RUN] Would execute: python scripts/reconstruction/ptychi_reconstruct_tike.py --algorithm LSQML --num-epochs 100 --input-npz /tmp/pytest-of-ollie/pytest-143/test_cli_skips_missing_phase_d0/phase_d'}, {'dose': 10000.0, 'view': 'baseline', 'split': 'train', 'returncode': 0, 'log_path': '/tmp/pytest-of-ollie/pytest-143/test_cli_skips_missing_phase_d0/sparse_skip_artifacts/dose_10000/baseline/train/ptychi.log', 'stdout_preview': '[DRY RUN] Would execute: python scripts/reconstruction/ptychi_reconstruct_tike.py --algorithm LSQML --num-epochs 100 --input-npz /tmp/pytest-of-ollie/pytest-143/test_cli_skips_missing_phase_d0/phase_c'}, {'dose': 10000.0, 'view': 'dense', 'split': 'train', 'returncode': 0, 'log_path': '/tmp/pytest-of-ollie/pytest-143/test_cli_skips_missing_phase_d0/sparse_skip_artifacts/dose_10000/dense/train/ptychi.log', 'stdout_preview': '[DRY RUN] Would execute: python scripts/reconstruction/ptychi_reconstruct_tike.py --algorithm LSQML --num-epochs 100 --input-npz /tmp/pytest-of-ollie/pytest-143/test_cli_skips_missing_phase_d0/phase_d'}, {'dose': 10000.0, 'view': 'sparse', 'split': 'train', 'returncode': 0, 'log_path': '/tmp/pytest-of-ollie/pytest-143/test_cli_skips_missing_phase_d0/sparse_skip_artifacts/dose_10000/sparse/train/ptychi.log', 'stdout_preview': '[DRY RUN] Would execute: python scripts/reconstruction/ptychi_reconstruct_tike.py --algorithm LSQML --num-epochs 100 --input-npz /tmp/pytest-of-ollie/pytest-143/test_cli_skips_missing_phase_d0/phase_d'}, {'dose': 10000.0, 'view': 'baseline', 'split': 'test', 'returncode': 0, 'log_path': '/tmp/pytest-of-ollie/pytest-143/test_cli_skips_missing_phase_d0/sparse_skip_artifacts/dose_10000/baseline/test/ptychi.log', 'stdout_preview': '[DRY RUN] Would execute: python scripts/reconstruction/ptychi_reconstruct_tike.py --algorithm LSQML --num-epochs 100 --input-npz /tmp/pytest-of-ollie/pytest-143/test_cli_skips_missing_phase_d0/phase_c'}, {'dose': 10000.0, 'view': 'dense', 'split': 'test', 'returncode': 0, 'log_path': '/tmp/pytest-of-ollie/pytest-143/test_cli_skips_missing_phase_d0/sparse_skip_artifacts/dose_10000/dense/test/ptychi.log', 'stdout_preview': '[DRY RUN] Would execute: python scripts/reconstruction/ptychi_reconstruct_tike.py --algorithm LSQML --num-epochs 100 --input-npz /tmp/pytest-of-ollie/pytest-143/test_cli_skips_missing_phase_d0/phase_d'}, {'dose': 10000.0, 'view': 'sparse', 'split': 'test', 'returncode': 0, 'log_path': '/tmp/pytest-of-ollie/pytest-143/test_cli_skips_missing_phase_d0/sparse_skip_artifacts/dose_10000/sparse/test/ptychi.log', 'stdout_preview': '[DRY RUN] Would execute: python scripts/reconstruction/ptychi_reconstruct_tike.py --algorithm LSQML --num-epochs 100 --input-npz /tmp/pytest-of-ollie/pytest-143/test_cli_skips_missing_phase_d0/phase_d'}, {'dose': 100000.0, 'view': 'baseline', 'split': 'train', 'returncode': 0, 'log_path': '/tmp/pytest-of-ollie/pytest-143/test_cli_skips_missing_phase_d0/sparse_skip_artifacts/dose_100000/baseline/train/ptychi.log', 'stdout_preview': '[DRY RUN] Would execute: python scripts/reconstruction/ptychi_reconstruct_tike.py --algorithm LSQML --num-epochs 100 --input-npz /tmp/pytest-of-ollie/pytest-143/test_cli_skips_missing_phase_d0/phase_c'}, {'dose': 100000.0, 'view': 'dense', 'split': 'train', 'returncode': 0, 'log_path': '/tmp/pytest-of-ollie/pytest-143/test_cli_skips_missing_phase_d0/sparse_skip_artifacts/dose_100000/dense/train/ptychi.log', 'stdout_preview': '[DRY RUN] Would execute: python scripts/reconstruction/ptychi_reconstruct_tike.py --algorithm LSQML --num-epochs 100 --input-npz /tmp/pytest-of-ollie/pytest-143/test_cli_skips_missing_phase_d0/phase_d'}, {'dose': 100000.0, 'view': 'sparse', 'split': 'train', 'returncode': 0, 'log_path': '/tmp/pytest-of-ollie/pytest-143/test_cli_skips_missing_phase_d0/sparse_skip_artifacts/dose_100000/sparse/train/ptychi.log', 'stdout_preview': '[DRY RUN] Would execute: python scripts/reconstruction/ptychi_reconstruct_tike.py --algorithm LSQML --num-epochs 100 --input-npz /tmp/pytest-of-ollie/pytest-143/test_cli_skips_missing_phase_d0/phase_d'}, {'dose': 100000.0, 'view': 'baseline', 'split': 'test', 'returncode': 0, 'log_path': '/tmp/pytest-of-ollie/pytest-143/test_cli_skips_missing_phase_d0/sparse_skip_artifacts/dose_100000/baseline/test/ptychi.log', 'stdout_preview': '[DRY RUN] Would execute: python scripts/reconstruction/ptychi_reconstruct_tike.py --algorithm LSQML --num-epochs 100 --input-npz /tmp/pytest-of-ollie/pytest-143/test_cli_skips_missing_phase_d0/phase_c'}, {'dose': 100000.0, 'view': 'dense', 'split': 'test', 'returncode': 0, 'log_path': '/tmp/pytest-of-ollie/pytest-143/test_cli_skips_missing_phase_d0/sparse_skip_artifacts/dose_100000/dense/test/ptychi.log', 'stdout_preview': '[DRY RUN] Would execute: python scripts/reconstruction/ptychi_reconstruct_tike.py --algorithm LSQML --num-epochs 100 --input-npz /tmp/pytest-of-ollie/pytest-143/test_cli_skips_missing_phase_d0/phase_d'}, {'dose': 100000.0, 'view': 'sparse', 'split': 'test', 'returncode': 0, 'log_path': '/tmp/pytest-of-ollie/pytest-143/test_cli_skips_missing_phase_d0/sparse_skip_artifacts/dose_100000/sparse/test/ptychi.log', 'stdout_preview': '[DRY RUN] Would execute: python scripts/reconstruction/ptychi_reconstruct_tike.py --algorithm LSQML --num-epochs 100 --input-npz /tmp/pytest-of-ollie/pytest-143/test_cli_skips_missing_phase_d0/phase_d'}]})
============================== 1 failed in 1.42s ===============================
