============================= test session starts ==============================
platform linux -- Python 3.11.13, pytest-8.4.1, pluggy-1.6.0 -- /home/ollie/miniconda3/envs/ptycho311/bin/python3.11
cachedir: .pytest_cache
PyTorch: available
PyTorch version: 2.9.1+cu128
rootdir: /home/ollie/Documents/tmp/PtychoPINN
configfile: pyproject.toml
plugins: typeguard-2.13.3, anyio-4.9.0
collecting ... collected 1 item

tests/test_integration_manual_1000_512.py::test_train_infer_cycle_1000_train_512_test SKIPPED [100%]

=========================== short test summary info ============================
SKIPPED [1] tests/test_integration_manual_1000_512.py:23: Long-running integration test; set RUN_LONG_INTEGRATION=1 to enable.
============================== 1 skipped in 0.87s ==============================
