============================= test session starts ==============================
platform linux -- Python 3.11.13, pytest-8.4.1, pluggy-1.6.0 -- /home/ollie/miniconda3/envs/ptycho311/bin/python3.11
cachedir: .pytest_cache
PyTorch: available
PyTorch version: 2.9.1+cu128
rootdir: /home/ollie/Documents/PtychoPINN
configfile: pyproject.toml
plugins: timeout-2.4.0, mock-3.15.1, cov-7.0.0, typeguard-2.13.3, anyio-4.9.0
collecting ... collected 1 item

tests/studies/test_lines128_uno_preflight.py::test_run_lines128_uno_preflight_records_signature_provenance_and_frozen_defaults PASSED [100%]

============================== 1 passed in 0.94s ===============================
