============================= test session starts ==============================
platform linux -- Python 3.11.13, pytest-8.4.1, pluggy-1.6.0 -- /home/ollie/miniconda3/envs/ptycho311/bin/python3.11
cachedir: .pytest_cache
PyTorch: available
PyTorch version: 2.8.0+cu128
rootdir: /home/ollie/Documents/PtychoPINN
configfile: pyproject.toml
plugins: anyio-4.9.0
collecting ... collected 518 items / 2 skipped

tests/image/test_cropping.py::TestCroppingAlignment::test_align_for_evaluation_bounding_box PASSED [  0%]
tests/image/test_cropping.py::TestCroppingAlignment::test_align_for_evaluation_coordinates_format PASSED [  0%]
tests/image/test_cropping.py::TestCroppingAlignment::test_align_for_evaluation_shapes PASSED [  0%]
tests/image/test_cropping.py::TestCroppingAlignment::test_align_for_evaluation_with_squeeze PASSED [  0%]
tests/image/test_cropping.py::TestCroppingAlignment::test_center_crop_exact_size PASSED [  0%]
tests/image/test_registration.py::TestRegistration::test_apply_shift_and_crop_basic PASSED [  1%]
tests/image/test_registration.py::TestRegistration::test_apply_shift_and_crop_zero_offset PASSED [  1%]
tests/image/test_registration.py::TestRegistration::test_different_image_content PASSED [  1%]
tests/image/test_registration.py::TestRegistration::test_edge_case_maximum_shift PASSED [  1%]
tests/image/test_registration.py::TestRegistration::test_edge_case_single_pixel_shift PASSED [  1%]
tests/image/test_registration.py::TestRegistration::test_find_offset_known_shift_complex PASSED [  2%]
tests/image/test_registration.py::TestRegistration::test_find_offset_known_shift_real PASSED [  2%]
tests/image/test_registration.py::TestRegistration::test_input_validation_2d_requirement PASSED [  2%]
tests/image/test_registration.py::TestRegistration::test_input_validation_excessive_offset PASSED [  2%]
tests/image/test_registration.py::TestRegistration::test_input_validation_shape_matching PASSED [  2%]
tests/image/test_registration.py::TestRegistration::test_noise_robustness PASSED [  3%]
tests/image/test_registration.py::TestRegistration::test_register_and_align_convenience PASSED [  3%]
tests/image/test_registration.py::TestRegistration::test_registration_sign_verification PASSED [  3%]
tests/image/test_registration.py::TestRegistration::test_round_trip_registration PASSED [  3%]
tests/image/test_registration.py::TestRegistration::test_shift_and_crop_preserves_data_type PASSED [  3%]
tests/io/test_ptychodus_interop_h5.py::test_interop_h5_reader SKIPPED    [  4%]
tests/io/test_ptychodus_product_io.py::test_export_writes_minimal_hdf5 PASSED [  4%]
tests/io/test_ptychodus_product_io.py::test_import_reads_hdf5_to_rawdata PASSED [  4%]
tests/io/test_ptychodus_product_io.py::test_cli_convert_run1084_smoke PASSED [  4%]
tests/scripts/test_inference_backend_selector.py::TestInferenceCliBackendDispatch::test_pytorch_backend_dispatch PASSED [  4%]
tests/scripts/test_inference_backend_selector.py::TestInferenceCliBackendDispatch::test_tensorflow_backend_dispatch PASSED [  5%]
tests/scripts/test_inference_backend_selector.py::TestInferenceCliBackendDispatch::test_backend_selector_preserves_config_001_compliance PASSED [  5%]
tests/scripts/test_inference_backend_selector.py::TestInferenceCliBackendDispatch::test_cli_backend_argument_parsing PASSED [  5%]
tests/scripts/test_inference_backend_selector.py::TestInferenceCliBackendDispatch::test_setup_inference_configuration_uses_backend PASSED [  5%]
tests/scripts/test_inference_backend_selector.py::TestInferenceCliBackendDispatch::test_pytorch_inference_execution_path PASSED [  5%]
tests/scripts/test_inference_backend_selector.py::TestInferenceCliBackendDispatch::test_pytorch_execution_config_flags PASSED [  5%]
tests/scripts/test_inference_backend_selector.py::TestInferenceCliBackendDispatch::test_pytorch_backend_moves_model_to_execution_device PASSED [  6%]
tests/scripts/test_inference_backend_selector.py::TestInferenceCliBackendDispatch::test_pytorch_backend_defaults_auto_execution_config PASSED [  6%]
tests/scripts/test_ptychi_reconstruct_tike.py::test_main_uses_cli_arguments PASSED [  6%]
tests/scripts/test_training_backend_selector.py::TestTrainingCliBackendDispatch::test_pytorch_backend_dispatch PASSED [  6%]
tests/scripts/test_training_backend_selector.py::TestTrainingCliBackendDispatch::test_tensorflow_backend_persistence PASSED [  6%]
tests/scripts/test_training_backend_selector.py::TestTrainingCliBackendDispatch::test_pytorch_execution_config_flags PASSED [  7%]
tests/scripts/test_training_backend_selector.py::TestTrainingCliBackendDispatch::test_supervised_mode_enforces_mae_loss PASSED [  7%]
tests/scripts/test_training_backend_selector.py::TestTrainingCliBackendDispatch::test_manual_accumulation_guard PASSED [  7%]
tests/scripts/test_training_backend_selector.py::TestTrainingCliBackendDispatch::test_pytorch_backend_defaults_auto_execution_config PASSED [  7%]
tests/study/test_check_dense_highlights_match.py::test_summary_mismatch_fails PASSED [  7%]
tests/study/test_check_dense_highlights_match.py::test_summary_matches_json PASSED [  8%]
tests/study/test_check_dense_highlights_match.py::test_missing_phase_only_metadata_fails PASSED [  8%]
tests/study/test_dose_overlap_comparison.py::test_build_comparison_jobs_creates_all_conditions PASSED [  8%]
tests/study/test_dose_overlap_comparison.py::test_execute_comparison_jobs_invokes_compare_models PASSED [  8%]
tests/study/test_dose_overlap_comparison.py::test_execute_comparison_jobs_records_summary PASSED [  8%]
tests/study/test_dose_overlap_comparison.py::test_build_comparison_jobs_uses_dose_specific_phase_e_paths PASSED [  9%]
tests/study/test_dose_overlap_comparison.py::test_execute_comparison_jobs_appends_tike_recon_path PASSED [  9%]
tests/study/test_dose_overlap_comparison.py::test_prepare_baseline_inference_data_grouped_flatten_helper PASSED [  9%]
tests/study/test_dose_overlap_comparison.py::test_baseline_model_predict_receives_both_inputs PASSED [  9%]
tests/study/test_dose_overlap_comparison.py::test_baseline_complex_output_converts_to_amplitude_phase PASSED [  9%]
tests/study/test_dose_overlap_comparison.py::test_pinn_reconstruction_reassembles_batched_predictions PASSED [ 10%]
tests/study/test_dose_overlap_comparison.py::test_pinn_reconstruction_reassembles_full_train_split PASSED [ 10%]
tests/study/test_dose_overlap_dataset_contract.py::test_validate_dataset_contract_happy_path PASSED [ 10%]
tests/study/test_dose_overlap_dataset_contract.py::test_validate_dataset_contract_missing_key PASSED [ 10%]
tests/study/test_dose_overlap_dataset_contract.py::test_validate_dataset_contract_wrong_dtype_diffraction PASSED [ 10%]
tests/study/test_dose_overlap_dataset_contract.py::test_validate_dataset_contract_wrong_dtype_object PASSED [ 11%]
tests/study/test_dose_overlap_dataset_contract.py::test_validate_dataset_contract_shape_mismatch PASSED [ 11%]
tests/study/test_dose_overlap_dataset_contract.py::test_validate_dataset_contract_spacing_dense PASSED [ 11%]
tests/study/test_dose_overlap_dataset_contract.py::test_validate_dataset_contract_spacing_violation PASSED [ 11%]
tests/study/test_dose_overlap_dataset_contract.py::test_validate_dataset_contract_oversampling_precondition_pass PASSED [ 11%]
tests/study/test_dose_overlap_dataset_contract.py::test_validate_dataset_contract_oversampling_precondition_fail PASSED [ 11%]
tests/study/test_dose_overlap_dataset_contract.py::test_validate_dataset_contract_oversampling_missing_neighbor_count PASSED [ 12%]
tests/study/test_dose_overlap_dataset_contract.py::test_validate_dataset_contract_unknown_view PASSED [ 12%]
tests/study/test_dose_overlap_design.py::test_study_design_constants PASSED [ 12%]
tests/study/test_dose_overlap_design.py::test_study_design_validation PASSED [ 12%]
tests/study/test_dose_overlap_design.py::test_study_design_to_dict PASSED [ 12%]
tests/study/test_dose_overlap_generation.py::test_build_simulation_plan PASSED [ 13%]
tests/study/test_dose_overlap_generation.py::test_generate_dataset_pipeline_orchestration[1000.0] PASSED [ 13%]
tests/study/test_dose_overlap_generation.py::test_generate_dataset_pipeline_orchestration[10000.0] PASSED [ 13%]
tests/study/test_dose_overlap_generation.py::test_generate_dataset_pipeline_orchestration[100000.0] PASSED [ 13%]
tests/study/test_dose_overlap_generation.py::test_generate_dataset_config_construction PASSED [ 13%]
tests/study/test_dose_overlap_generation.py::test_generate_dataset_validates_with_real_contract PASSED [ 14%]
tests/study/test_dose_overlap_generation.py::test_build_simulation_plan_handles_metadata_pickle_guard PASSED [ 14%]
tests/study/test_dose_overlap_generation.py::test_load_data_for_sim_handles_metadata_pickle_guard PASSED [ 14%]
tests/study/test_dose_overlap_generation.py::test_generate_dataset_for_dose_handles_metadata_splits PASSED [ 14%]
tests/study/test_dose_overlap_overlap.py::test_disc_overlap_fraction_perfect_overlap PASSED [ 14%]
tests/study/test_dose_overlap_overlap.py::test_disc_overlap_fraction_half_diameter PASSED [ 15%]
tests/study/test_dose_overlap_overlap.py::test_disc_overlap_fraction_no_overlap PASSED [ 15%]
tests/study/test_dose_overlap_overlap.py::test_disc_overlap_area_symmetry PASSED [ 15%]
tests/study/test_dose_overlap_overlap.py::test_subsample_images_deterministic PASSED [ 15%]
tests/study/test_dose_overlap_overlap.py::test_filter_dataset_by_mask_handles_scalar_metadata PASSED [ 15%]
tests/study/test_dose_overlap_overlap.py::test_form_groups_gs1 PASSED    [ 16%]
tests/study/test_dose_overlap_overlap.py::test_form_groups_gs2 PASSED    [ 16%]
tests/study/test_dose_overlap_overlap.py::test_metric_1_group_based_synthetic PASSED [ 16%]
tests/study/test_dose_overlap_overlap.py::test_metric_2_image_based_deduplication PASSED [ 16%]
tests/study/test_dose_overlap_overlap.py::test_metric_2_image_based_single_image PASSED [ 16%]
tests/study/test_dose_overlap_overlap.py::test_metric_3_group_to_group_overlapping PASSED [ 16%]
tests/study/test_dose_overlap_overlap.py::test_metric_3_group_to_group_no_overlap PASSED [ 17%]
tests/study/test_dose_overlap_overlap.py::test_compute_overlap_metrics_gs1 PASSED [ 17%]
tests/study/test_dose_overlap_overlap.py::test_compute_overlap_metrics_gs2 PASSED [ 17%]
tests/study/test_dose_overlap_overlap.py::test_compute_overlap_metrics_degenerate_s_img PASSED [ 17%]
tests/study/test_dose_overlap_overlap.py::test_compute_overlap_metrics_invalid_gridsize PASSED [ 17%]
tests/study/test_dose_overlap_overlap.py::test_generate_overlap_views_basic PASSED [ 18%]
tests/study/test_dose_overlap_overlap.py::test_overlap_metrics_bundle PASSED [ 18%]
tests/study/test_dose_overlap_overlap.py::test_generate_overlap_views_dense_acceptance_floor PASSED [ 18%]
tests/study/test_dose_overlap_reconstruction.py::test_build_ptychi_jobs_manifest PASSED [ 18%]
tests/study/test_dose_overlap_reconstruction.py::test_run_ptychi_job_invokes_script PASSED [ 18%]
tests/study/test_dose_overlap_reconstruction.py::test_cli_filters_dry_run PASSED [ 19%]
tests/study/test_dose_overlap_reconstruction.py::test_cli_executes_selected_jobs PASSED [ 19%]
tests/study/test_dose_overlap_reconstruction.py::test_cli_skips_missing_phase_d PASSED [ 19%]
tests/study/test_dose_overlap_training.py::test_train_cdi_model_normalizes_history PASSED [ 19%]
tests/study/test_dose_overlap_training.py::test_build_training_jobs_matrix PASSED [ 19%]
tests/study/test_dose_overlap_training.py::test_run_training_job_invokes_runner PASSED [ 20%]
tests/study/test_dose_overlap_training.py::test_run_training_job_dry_run PASSED [ 20%]
tests/study/test_dose_overlap_training.py::test_execute_training_job_dispatches_tensorflow_by_default PASSED [ 20%]
tests/study/test_dose_overlap_training.py::test_execute_training_job_dispatches_pytorch_when_requested PASSED [ 20%]
tests/study/test_dose_overlap_training.py::test_execute_training_job_tensorflow_persists_bundle PASSED [ 20%]
tests/study/test_dose_overlap_training.py::test_training_cli_filters_jobs PASSED [ 21%]
tests/study/test_dose_overlap_training.py::test_training_cli_manifest_and_bridging PASSED [ 21%]
tests/study/test_dose_overlap_training.py::test_execute_training_job_delegates_to_pytorch_trainer PASSED [ 21%]
tests/study/test_dose_overlap_training.py::test_execute_training_job_persists_bundle PASSED [ 21%]
tests/study/test_dose_overlap_training.py::test_training_cli_invokes_real_runner PASSED [ 21%]
tests/study/test_dose_overlap_training.py::test_build_training_jobs_skips_missing_view PASSED [ 22%]
tests/study/test_dose_overlap_training.py::test_training_cli_records_bundle_path PASSED [ 22%]
tests/study/test_phase_g_dense_artifacts_verifier.py::test_verify_dense_pipeline_artifact_inventory_blocks_missing_entries PASSED [ 22%]
tests/study/test_phase_g_dense_artifacts_verifier.py::test_verify_dense_pipeline_artifact_inventory_passes_with_complete_bundle PASSED [ 22%]
tests/study/test_phase_g_dense_artifacts_verifier.py::test_verify_dense_pipeline_cli_logs_missing PASSED [ 22%]
tests/study/test_phase_g_dense_artifacts_verifier.py::test_verify_dense_pipeline_cli_logs_complete PASSED [ 22%]
tests/study/test_phase_g_dense_artifacts_verifier.py::test_verify_dense_pipeline_cli_phase_logs_missing PASSED [ 23%]
tests/study/test_phase_g_dense_artifacts_verifier.py::test_verify_dense_pipeline_cli_phase_logs_wrong_pattern PASSED [ 23%]
tests/study/test_phase_g_dense_artifacts_verifier.py::test_verify_dense_pipeline_cli_phase_logs_incomplete PASSED [ 23%]
tests/study/test_phase_g_dense_artifacts_verifier.py::test_verify_dense_pipeline_cli_phase_logs_complete PASSED [ 23%]
tests/study/test_phase_g_dense_artifacts_verifier.py::test_verify_dense_pipeline_highlights_missing_model PASSED [ 23%]
tests/study/test_phase_g_dense_artifacts_verifier.py::test_verify_dense_pipeline_highlights_mismatched_value PASSED [ 24%]
tests/study/test_phase_g_dense_artifacts_verifier.py::test_verify_dense_pipeline_highlights_complete PASSED [ 24%]
tests/study/test_phase_g_dense_artifacts_verifier.py::test_verify_dense_pipeline_highlights_missing_preview PASSED [ 24%]
tests/study/test_phase_g_dense_artifacts_verifier.py::test_verify_dense_pipeline_highlights_preview_contains_amplitude PASSED [ 24%]
tests/study/test_phase_g_dense_artifacts_verifier.py::test_verify_dense_pipeline_highlights_preview_mismatch PASSED [ 24%]
tests/study/test_phase_g_dense_artifacts_verifier.py::test_verify_dense_pipeline_highlights_delta_mismatch PASSED [ 25%]
tests/study/test_phase_g_dense_artifacts_verifier.py::test_verify_dense_pipeline_cli_logs_require_ssim_grid_log PASSED [ 25%]
tests/study/test_phase_g_dense_artifacts_verifier.py::test_verify_dense_pipeline_requires_ssim_grid_summary PASSED [ 25%]
tests/study/test_phase_g_dense_metrics_report.py::test_report_phase_g_dense_metrics PASSED [ 25%]
tests/study/test_phase_g_dense_metrics_report.py::test_report_phase_g_dense_metrics_missing_model_fails PASSED [ 25%]
tests/study/test_phase_g_dense_metrics_report.py::test_analyze_dense_metrics_flags_failures PASSED [ 26%]
tests/study/test_phase_g_dense_metrics_report.py::test_analyze_dense_metrics_success_digest PASSED [ 26%]
tests/study/test_phase_g_dense_orchestrator.py::test_run_phase_g_dense_collect_only_generates_commands FAILED [ 26%]
tests/study/test_phase_g_dense_orchestrator.py::test_run_phase_g_dense_post_verify_hooks FAILED [ 26%]
tests/study/test_phase_g_dense_orchestrator.py::test_summarize_phase_g_outputs PASSED [ 26%]
tests/study/test_phase_g_dense_orchestrator.py::test_summarize_phase_g_outputs_fails_on_missing_manifest PASSED [ 27%]
tests/study/test_phase_g_dense_orchestrator.py::test_summarize_phase_g_outputs_fails_on_execution_failures PASSED [ 27%]
tests/study/test_phase_g_dense_orchestrator.py::test_summarize_phase_g_outputs_fails_on_missing_csv PASSED [ 27%]
tests/study/test_phase_g_dense_orchestrator.py::test_validate_phase_c_metadata_requires_metadata PASSED [ 27%]
tests/study/test_phase_g_dense_orchestrator.py::test_validate_phase_c_metadata_requires_canonical_transform PASSED [ 27%]
tests/study/test_phase_g_dense_orchestrator.py::test_validate_phase_c_metadata_accepts_valid_metadata PASSED [ 27%]
tests/study/test_phase_g_dense_orchestrator.py::test_validate_phase_c_metadata_handles_patched_layout PASSED [ 28%]
tests/study/test_phase_g_dense_orchestrator.py::test_prepare_hub_detects_stale_outputs PASSED [ 28%]
tests/study/test_phase_g_dense_orchestrator.py::test_prepare_hub_clobbers_previous_outputs PASSED [ 28%]
tests/study/test_phase_g_dense_orchestrator.py::test_run_phase_g_dense_exec_invokes_reporting_helper FAILED [ 28%]
tests/study/test_phase_g_dense_orchestrator.py::test_run_phase_g_dense_exec_prints_highlights_preview FAILED [ 28%]
tests/study/test_phase_g_dense_orchestrator.py::test_run_phase_g_dense_exec_runs_analyze_digest FAILED [ 29%]
tests/study/test_phase_g_dense_orchestrator.py::test_persist_delta_highlights_creates_preview PASSED [ 29%]
tests/study/test_phase_g_dense_orchestrator.py::test_run_phase_g_dense_collect_only_post_verify_only PASSED [ 29%]
tests/study/test_phase_g_dense_orchestrator.py::test_run_phase_g_dense_post_verify_only_executes_chain PASSED [ 29%]
tests/study/test_ssim_grid.py::test_smoke_ssim_grid PASSED               [ 29%]
tests/test_baselines.py::TestBaselines::test_build_model_always_creates_single_channel_output PASSED [ 30%]
tests/test_cli_args.py::TestCliArgs::test_add_logging_arguments PASSED   [ 30%]
tests/test_cli_args.py::TestCliArgs::test_console_level_choices PASSED   [ 30%]
tests/test_cli_args.py::TestCliArgs::test_get_logging_config_custom_level PASSED [ 30%]
tests/test_cli_args.py::TestCliArgs::test_get_logging_config_defaults PASSED [ 30%]
tests/test_cli_args.py::TestCliArgs::test_get_logging_config_quiet PASSED [ 31%]
tests/test_cli_args.py::TestCliArgs::test_get_logging_config_verbose PASSED [ 31%]
tests/test_cli_args.py::TestCliArgs::test_quiet_verbose_mutually_exclusive PASSED [ 31%]
tests/test_coordinate_grouping.py::TestCoordinateGrouping::test_backward_compatibility PASSED [ 31%]
tests/test_coordinate_grouping.py::TestCoordinateGrouping::test_different_seeds_produce_different_results PASSED [ 31%]
tests/test_coordinate_grouping.py::TestCoordinateGrouping::test_edge_case_k_less_than_c PASSED [ 32%]
tests/test_coordinate_grouping.py::TestCoordinateGrouping::test_edge_case_more_samples_than_points PASSED [ 32%]
tests/test_coordinate_grouping.py::TestCoordinateGrouping::test_edge_case_small_dataset PASSED [ 32%]
tests/test_coordinate_grouping.py::TestCoordinateGrouping::test_efficient_grouping_output_shape PASSED [ 32%]
tests/test_coordinate_grouping.py::TestCoordinateGrouping::test_efficient_grouping_spatial_coherence PASSED [ 32%]
tests/test_coordinate_grouping.py::TestCoordinateGrouping::test_efficient_grouping_valid_indices PASSED [ 33%]
tests/test_coordinate_grouping.py::TestCoordinateGrouping::test_generate_grouped_data_gridsize_1 PASSED [ 33%]
tests/test_coordinate_grouping.py::TestCoordinateGrouping::test_generate_grouped_data_integration PASSED [ 33%]
tests/test_coordinate_grouping.py::TestCoordinateGrouping::test_memory_efficiency PASSED [ 33%]
tests/test_coordinate_grouping.py::TestCoordinateGrouping::test_no_cache_files_created PASSED [ 33%]
tests/test_coordinate_grouping.py::TestCoordinateGrouping::test_performance_improvement PASSED [ 33%]
tests/test_coordinate_grouping.py::TestCoordinateGrouping::test_reproducibility_with_seed PASSED [ 34%]
tests/test_coordinate_grouping.py::TestIntegrationWithExistingCode::test_existing_tests_still_pass PASSED [ 34%]
tests/test_generic_loader.py::TestGenericLoader::test_generic_loader_roundtrip SKIPPED [ 34%]
tests/test_generic_loader.py::test_generic_loader PASSED                 [ 34%]
tests/test_integration_baseline_gs2.py::TestBaselineGridsize2Integration::test_baseline_gridsize2_end_to_end FAILED [ 34%]
tests/test_integration_workflow.py::TestFullWorkflow::test_train_save_load_infer_cycle PASSED [ 35%]
tests/test_log_config.py::TestLogConfig::test_backward_compatibility PASSED [ 35%]
tests/test_log_config.py::TestLogConfig::test_conflicting_flags_verbose_overrides PASSED [ 35%]
tests/test_log_config.py::TestLogConfig::test_custom_console_level PASSED [ 35%]
tests/test_log_config.py::TestLogConfig::test_default_setup_logging_creates_log_directory_and_file PASSED [ 35%]
tests/test_log_config.py::TestLogConfig::test_quiet_flag_overrides_console_level PASSED [ 36%]
tests/test_log_config.py::TestLogConfig::test_quiet_mode_disables_console PASSED [ 36%]
tests/test_log_config.py::TestLogConfig::test_setup_logging_clears_existing_handlers PASSED [ 36%]
tests/test_log_config.py::TestLogConfig::test_string_path_support PASSED [ 36%]
tests/test_log_config.py::TestLogConfig::test_verbose_mode_enables_debug_console PASSED [ 36%]
tests/test_misc.py::test_memoize_simulated_data SKIPPED (Deprecated:...) [ 37%]
tests/test_model_channel_consistency.py::test_amp_head_matches_patch_channels PASSED [ 37%]
tests/test_model_channel_consistency.py::test_diffraction_to_obj_accepts_grouped_inputs PASSED [ 37%]
tests/test_nphotons_metadata_integration.py::TestNphotonsMetadataIntegration::test_configuration_mismatch_warnings PASSED [ 37%]
tests/test_nphotons_metadata_integration.py::TestNphotonsMetadataIntegration::test_end_to_end_workflow_consistency PASSED [ 37%]
tests/test_nphotons_metadata_integration.py::TestNphotonsMetadataIntegration::test_metadata_backward_compatibility PASSED [ 38%]
tests/test_nphotons_metadata_integration.py::TestNphotonsMetadataIntegration::test_metadata_persistence_single_nphotons PASSED [ 38%]
tests/test_nphotons_metadata_integration.py::TestNphotonsMetadataIntegration::test_multiple_nphotons_metadata_consistency PASSED [ 38%]
tests/test_nphotons_metadata_integration.py::TestNphotonsMetadataIntegration::test_training_with_mismatched_config_warns_but_continues PASSED [ 38%]
tests/test_oversampling.py::TestAutomaticOversampling::test_automatic_oversampling_triggers 