============================= test session starts ==============================
platform linux -- Python 3.11.13, pytest-8.4.1, pluggy-1.6.0 -- /home/ollie/miniconda3/envs/ptycho311/bin/python3.11
cachedir: .pytest_cache
PyTorch: available
PyTorch version: 2.8.0+cu128
rootdir: /home/ollie/Documents/PtychoPINN2
configfile: pyproject.toml
plugins: anyio-4.9.0
collecting ... collected 2 items

tests/torch/test_model_manager.py::TestLoadTorchBundle::test_load_round_trip_updates_params_cfg PASSED [ 50%]
tests/torch/test_model_manager.py::TestLoadTorchBundle::test_missing_params_raises_value_error PASSED [100%]

============================== 2 passed in 5.98s ===============================
