============================= test session starts ==============================
platform linux -- Python 3.11.13, pytest-8.4.1, pluggy-1.6.0 -- /home/ollie/miniconda3/envs/ptycho311/bin/python3.11
cachedir: .pytest_cache
PyTorch: available
PyTorch version: 2.8.0+cu128
rootdir: /home/ollie/Documents/PtychoPINN2
configfile: pyproject.toml
plugins: anyio-4.9.0
collecting ... collected 10 items / 6 deselected / 4 selected

tests/study/test_dose_overlap_training.py::test_training_cli_filters_jobs PASSED [ 25%]
tests/study/test_dose_overlap_training.py::test_training_cli_manifest_and_bridging PASSED [ 50%]
tests/study/test_dose_overlap_training.py::test_training_cli_invokes_real_runner PASSED [ 75%]
tests/study/test_dose_overlap_training.py::test_training_cli_records_bundle_path PASSED [100%]

======================= 4 passed, 6 deselected in 3.79s ========================
