============================= test session starts ==============================
platform linux -- Python 3.11.13, pytest-8.4.1, pluggy-1.6.0 -- /home/ollie/miniconda3/envs/ptycho311/bin/python3.11
cachedir: .pytest_cache
PyTorch: available
PyTorch version: 2.9.1+cu128
rootdir: /home/ollie/Documents/tmp/PtychoPINN
configfile: pyproject.toml
plugins: mock-3.15.1, typeguard-2.13.3, anyio-4.9.0
collecting ... collected 1 item

tests/torch/test_grad_norm_logging_flag.py::test_training_config_has_grad_norm_flags PASSED [100%]

============================== 1 passed in 4.57s ===============================
