============================= test session starts ==============================
platform linux -- Python 3.11.13, pytest-8.4.1, pluggy-1.6.0 -- /home/ollie/miniconda3/envs/ptycho311/bin/python3.11
cachedir: .pytest_cache
PyTorch: available
PyTorch version: 2.8.0+cu128
rootdir: /home/ollie/Documents/PtychoPINN2
configfile: pyproject.toml
plugins: anyio-4.9.0
collecting ... collected 32 items / 30 deselected / 2 selected

tests/torch/test_config_factory.py::TestExecutionConfigOverrides::test_logger_backend_csv_default PASSED [ 50%]
tests/torch/test_config_factory.py::TestExecutionConfigOverrides::test_logger_backend_tensorboard PASSED [100%]

=============================== warnings summary ===============================
tests/torch/test_config_factory.py::TestExecutionConfigOverrides::test_logger_backend_csv_default
tests/torch/test_config_factory.py::TestExecutionConfigOverrides::test_logger_backend_tensorboard
  /home/ollie/Documents/PtychoPINN2/ptycho_torch/config_factory.py:257: UserWarning: test_data_file not provided in TrainingConfig overrides. Evaluation workflows require test_data_file to be set during inference update. Consider providing: overrides=dict(..., test_data_file=Path('test.npz'))
    tf_training_config = to_training_config(

tests/torch/test_config_factory.py::TestExecutionConfigOverrides::test_logger_backend_csv_default
tests/torch/test_config_factory.py::TestExecutionConfigOverrides::test_logger_backend_tensorboard
  /home/ollie/Documents/PtychoPINN2/ptycho_torch/config_factory.py:613: UserWarning: params.cfg already populated. Set force=True to overwrite existing values.
    warnings.warn(

-- Docs: https://docs.pytest.org/en/stable/how-to/capture-warnings.html
================= 2 passed, 30 deselected, 4 warnings in 3.53s =================
