============================= test session starts ==============================
platform linux -- Python 3.11.13, pytest-8.4.1, pluggy-1.6.0 -- /home/ollie/miniconda3/envs/ptycho311/bin/python3.11
cachedir: .pytest_cache
PyTorch: available
PyTorch version: 2.9.1+cu128
rootdir: /home/ollie/Documents/tmp/PtychoPINN
configfile: pyproject.toml
plugins: typeguard-2.13.3, anyio-4.9.0
collecting ... collected 2 items

tests/test_grid_lines_compare_wrapper.py::test_wrapper_merges_metrics PASSED [ 50%]
tests/test_grid_lines_compare_wrapper.py::test_wrapper_accepts_architecture_list PASSED [100%]

============================== 2 passed in 3.08s ===============================
