============================= test session starts ==============================
platform linux -- Python 3.11.13, pytest-8.4.1, pluggy-1.6.0 -- /home/ollie/miniconda3/envs/ptycho311/bin/python3.11
cachedir: .pytest_cache
rootdir: /home/ollie/Documents/tmp/PtychoPINN
configfile: pyproject.toml
plugins: typeguard-2.13.3, anyio-4.9.0
collecting ... collected 15 items

scripts/orchestration/tests/test_orchestrator.py::test_combined_sequence PASSED [  6%]
scripts/orchestration/tests/test_orchestrator.py::test_review_cadence_single PASSED [ 13%]
scripts/orchestration/tests/test_orchestrator.py::test_router_override_galph_only PASSED [ 20%]
scripts/orchestration/tests/test_orchestrator.py::test_router_disabled_uses_actor_prompts PASSED [ 26%]
scripts/orchestration/tests/test_orchestrator.py::test_combined_missing_prompt_marks_failed PASSED [ 33%]
scripts/orchestration/tests/test_orchestrator.py::test_router_only_without_output_marks_failed PASSED [ 40%]
scripts/orchestration/tests/test_orchestrator.py::test_combined_autocommit_after_turns PASSED [ 46%]
scripts/orchestration/tests/test_orchestrator.py::test_combined_autocommit_no_git PASSED [ 53%]
scripts/orchestration/tests/test_orchestrator.py::test_combined_autocommit_dry_run PASSED [ 60%]
scripts/orchestration/tests/test_orchestrator.py::test_combined_autocommit_flag_plumbing PASSED [ 66%]
scripts/orchestration/tests/test_orchestrator.py::test_combined_autocommit_best_effort PASSED [ 73%]
scripts/orchestration/tests/test_orchestrator.py::test_role_mode_requires_role PASSED [ 80%]
scripts/orchestration/tests/test_orchestrator.py::test_role_mode_requires_sync PASSED [ 86%]
scripts/orchestration/tests/test_orchestrator.py::test_role_mode_forwards_supervisor_prompt PASSED [ 93%]
scripts/orchestration/tests/test_orchestrator.py::test_role_mode_forwards_loop_prompt PASSED [100%]

============================== 15 passed in 0.08s ==============================
