============================= test session starts ==============================
platform linux -- Python 3.11.13, pytest-8.4.1, pluggy-1.6.0 -- /home/ollie/miniconda3/envs/ptycho311/bin/python
cachedir: .pytest_cache
PyTorch: available
PyTorch version: 2.9.1+cu128
rootdir: /home/ollie/Documents/tmp/PtychoPINN
configfile: pyproject.toml
plugins: typeguard-2.13.3, anyio-4.9.0
collecting ... collected 278 items

tests/torch/test_api_deprecation.py::TestLegacyAPIDeprecation::test_example_train_import_emits_deprecation_warning PASSED [  0%]
tests/torch/test_api_deprecation.py::TestLegacyAPIDeprecation::test_api_package_import_is_idempotent PASSED [  0%]
tests/torch/test_backend_selection.py::TestBackendSelection::test_defaults_to_tensorflow_backend PASSED [  1%]
tests/torch/test_backend_selection.py::TestBackendSelection::test_selects_pytorch_backend PASSED [  1%]
tests/torch/test_backend_selection.py::TestBackendSelection::test_pytorch_backend_calls_update_legacy_dict PASSED [  1%]
tests/torch/test_backend_selection.py::TestBackendSelection::test_pytorch_unavailable_raises_error PASSED [  2%]
tests/torch/test_backend_selection.py::TestBackendSelection::test_inference_config_supports_backend_selection PASSED [  2%]
tests/torch/test_backend_selection.py::TestBackendSelection::test_backend_selection_preserves_api_parity PASSED [  2%]
tests/torch/test_cli_inference_torch.py::TestInferenceCLI::test_accelerator_flag_roundtrip FAILED [  3%]
tests/torch/test_cli_inference_torch.py::TestInferenceCLI::test_num_workers_flag_roundtrip PASSED [  3%]
tests/torch/test_cli_inference_torch.py::TestInferenceCLI::test_inference_batch_size_flag_roundtrip PASSED [  3%]
tests/torch/test_cli_inference_torch.py::TestInferenceCLI::test_multiple_execution_config_flags PASSED [  4%]
tests/torch/test_cli_inference_torch.py::TestInferenceCLIThinWrapper::test_cli_delegates_to_validate_paths PASSED [  4%]
tests/torch/test_cli_inference_torch.py::TestInferenceCLIThinWrapper::test_cli_delegates_to_helper_for_data_loading PASSED [  5%]
tests/torch/test_cli_inference_torch.py::TestInferenceCLIThinWrapper::test_cli_delegates_to_inference_helper PASSED [  5%]
tests/torch/test_cli_inference_torch.py::TestInferenceCLIThinWrapper::test_cli_calls_save_individual_reconstructions PASSED [  5%]
tests/torch/test_cli_inference_torch.py::TestInferenceCLIThinWrapper::test_quiet_flag_suppresses_progress_output PASSED [  6%]
tests/torch/test_cli_shared.py::TestResolveAccelerator::test_default_no_device PASSED [  6%]
tests/torch/test_cli_shared.py::TestResolveAccelerator::test_legacy_device_cpu PASSED [  6%]
tests/torch/test_cli_shared.py::TestResolveAccelerator::test_legacy_device_cuda_maps_to_gpu PASSED [  7%]
tests/torch/test_cli_shared.py::TestResolveAccelerator::test_conflict_accelerator_wins PASSED [  7%]
tests/torch/test_cli_shared.py::TestResolveAccelerator::test_all_accelerator_values_passthrough PASSED [  7%]
tests/torch/test_cli_shared.py::TestResolveAccelerator::test_resolve_accelerator_auto_defaults PASSED [  8%]
tests/torch/test_cli_shared.py::TestBuildExecutionConfig::test_training_mode_defaults PASSED [  8%]
tests/torch/test_cli_shared.py::TestBuildExecutionConfig::test_training_mode_custom_values PASSED [  8%]
tests/torch/test_cli_shared.py::TestBuildExecutionConfig::test_inference_mode PASSED [  9%]
tests/torch/test_cli_shared.py::TestBuildExecutionConfig::test_emits_deterministic_warning PASSED [  9%]
tests/torch/test_cli_shared.py::TestBuildExecutionConfig::test_handles_quiet_flag PASSED [ 10%]
tests/torch/test_cli_shared.py::TestBuildExecutionConfig::test_handles_disable_mlflow_flag PASSED [ 10%]
tests/torch/test_cli_shared.py::TestBuildExecutionConfig::test_quiet_or_disable_mlflow_both_true PASSED [ 10%]
tests/torch/test_cli_shared.py::TestBuildExecutionConfig::test_invalid_mode_raises_value_error PASSED [ 11%]
tests/torch/test_cli_shared.py::TestBuildExecutionConfig::test_resolves_accelerator_from_device_flag PASSED [ 11%]
tests/torch/test_cli_shared.py::TestValidatePaths::test_creates_output_dir PASSED [ 11%]
tests/torch/test_cli_shared.py::TestValidatePaths::test_raises_if_train_file_missing PASSED [ 12%]
tests/torch/test_cli_shared.py::TestValidatePaths::test_raises_if_test_file_missing PASSED [ 12%]
tests/torch/test_cli_shared.py::TestValidatePaths::test_accepts_none_test_file PASSED [ 12%]
tests/torch/test_cli_shared.py::TestValidatePaths::test_works_with_pathlib_path_objects PASSED [ 13%]
tests/torch/test_cli_shared.py::TestValidatePaths::test_accepts_none_train_file_for_inference_mode PASSED [ 13%]
tests/torch/test_cli_shared.py::TestBuildExecutionConfigInferenceMode::test_inference_mode_defaults PASSED [ 14%]
tests/torch/test_cli_shared.py::TestBuildExecutionConfigInferenceMode::test_inference_mode_custom_batch_size PASSED [ 14%]
tests/torch/test_cli_shared.py::TestBuildExecutionConfigInferenceMode::test_inference_mode_respects_quiet PASSED [ 14%]
tests/torch/test_cli_train_torch.py::TestExecutionConfigCLI::test_accelerator_flag_roundtrip PASSED [ 15%]
tests/torch/test_cli_train_torch.py::TestExecutionConfigCLI::test_deterministic_flag_roundtrip PASSED [ 15%]
tests/torch/test_cli_train_torch.py::TestExecutionConfigCLI::test_no_deterministic_flag_roundtrip PASSED [ 15%]
tests/torch/test_cli_train_torch.py::TestExecutionConfigCLI::test_num_workers_flag_roundtrip PASSED [ 16%]
tests/torch/test_cli_train_torch.py::TestExecutionConfigCLI::test_learning_rate_flag_roundtrip PASSED [ 16%]
tests/torch/test_cli_train_torch.py::TestExecutionConfigCLI::test_multiple_execution_config_flags PASSED [ 16%]
tests/torch/test_cli_train_torch.py::TestExecutionConfigCLI::test_bundle_persistence PASSED [ 17%]
tests/torch/test_cli_train_torch.py::TestExecutionConfigCLI::test_enable_checkpointing_flag PASSED [ 17%]
tests/torch/test_cli_train_torch.py::TestExecutionConfigCLI::test_checkpoint_save_top_k_flag PASSED [ 17%]
tests/torch/test_cli_train_torch.py::TestExecutionConfigCLI::test_checkpoint_monitor_flag PASSED [ 18%]
tests/torch/test_cli_train_torch.py::TestExecutionConfigCLI::test_checkpoint_mode_flag PASSED [ 18%]
tests/torch/test_cli_train_torch.py::TestExecutionConfigCLI::test_early_stop_patience_flag PASSED [ 19%]
tests/torch/test_cli_train_torch.py::TestExecutionConfigCLI::test_scheduler_flag_roundtrip PASSED [ 19%]
tests/torch/test_cli_train_torch.py::TestExecutionConfigCLI::test_accumulate_grad_batches_roundtrip PASSED [ 19%]
tests/torch/test_cli_train_torch.py::TestExecutionConfigCLI::test_logger_backend_csv_default PASSED [ 20%]
tests/torch/test_cli_train_torch.py::TestExecutionConfigCLI::test_logger_backend_tensorboard PASSED [ 20%]
tests/torch/test_cli_train_torch.py::TestExecutionConfigCLI::test_logger_backend_none PASSED [ 20%]
tests/torch/test_cli_train_torch.py::TestExecutionConfigCLI::test_disable_mlflow_deprecation_warning PASSED [ 21%]
tests/torch/test_cli_train_torch.py::TestPatchStatsCLI::test_patch_stats_dump FAILED [ 21%]
tests/torch/test_config_bridge.py::TestConfigBridgeMVP::test_mvp_config_bridge_populates_params_cfg PASSED [ 21%]
tests/torch/test_config_bridge.py::TestConfigBridgeParity::test_model_config_direct_fields[N-direct] PASSED [ 22%]
tests/torch/test_config_bridge.py::TestConfigBridgeParity::test_model_config_direct_fields[n_filters_scale-direct] PASSED [ 22%]
tests/torch/test_config_bridge.py::TestConfigBridgeParity::test_model_config_direct_fields[object_big-direct] PASSED [ 23%]
tests/torch/test_config_bridge.py::TestConfigBridgeParity::test_model_config_direct_fields[probe_big-direct] PASSED [ 23%]
tests/torch/test_config_bridge.py::TestConfigBridgeParity::test_training_config_direct_fields[batch_size-direct] PASSED [ 23%]
tests/torch/test_config_bridge.py::TestConfigBridgeParity::test_model_config_transform_fields[gridsize-tuple-to-int] PASSED [ 24%]
tests/torch/test_config_bridge.py::TestConfigBridgeParity::test_model_config_transform_fields[model_type-unsupervised] PASSED [ 24%]
tests/torch/test_config_bridge.py::TestConfigBridgeParity::test_model_config_transform_fields[model_type-supervised] PASSED [ 24%]
tests/torch/test_config_bridge.py::TestConfigBridgeParity::test_model_config_transform_fields[amp_activation-silu] PASSED [ 25%]
tests/torch/test_config_bridge.py::TestConfigBridgeParity::test_model_config_transform_fields[amp_activation-SiLU] PASSED [ 25%]
tests/torch/test_config_bridge.py::TestConfigBridgeParity::test_model_config_transform_fields[amp_activation-passthrough] PASSED [ 25%]
tests/torch/test_config_bridge.py::TestConfigBridgeParity::test_training_config_transform_fields[nepochs-rename] PASSED [ 26%]
tests/torch/test_config_bridge.py::TestConfigBridgeParity::test_training_config_transform_fields[nll_weight-true] PASSED [ 26%]
tests/torch/test_config_bridge.py::TestConfigBridgeParity::test_training_config_transform_fields[nll_weight-false] PASSED [ 26%]
tests/torch/test_config_bridge.py::TestConfigBridgeParity::test_model_config_override_fields[pad_object-default] PASSED [ 27%]
tests/torch/test_config_bridge.py::TestConfigBridgeParity::test_model_config_override_fields[pad_object-override] PASSED [ 27%]
tests/torch/test_config_bridge.py::TestConfigBridgeParity::test_model_config_override_fields[gaussian_smoothing_sigma-default] PASSED [ 28%]
tests/torch/test_config_bridge.py::TestConfigBridgeParity::test_model_config_override_fields[gaussian_smoothing_sigma-override] PASSED [ 28%]
tests/torch/test_config_bridge.py::TestConfigBridgeParity::test_training_config_override_fields[mae_weight-default] PASSED [ 28%]
tests/torch/test_config_bridge.py::TestConfigBridgeParity::test_training_config_override_fields[mae_weight-override] PASSED [ 29%]
tests/torch/test_config_bridge.py::TestConfigBridgeParity::test_training_config_override_fields[realspace_mae_weight-default] PASSED [ 29%]
tests/torch/test_config_bridge.py::TestConfigBridgeParity::test_training_config_override_fields[realspace_weight-default] PASSED [ 29%]
tests/torch/test_config_bridge.py::TestConfigBridgeParity::test_training_config_override_fields[positions_provided-default] PASSED [ 30%]
tests/torch/test_config_bridge.py::TestConfigBridgeParity::test_training_config_override_fields[probe_trainable-default] PASSED [ 30%]
tests/torch/test_config_bridge.py::TestConfigBridgeParity::test_training_config_override_fields[sequential_sampling-default] PASSED [ 30%]
tests/torch/test_config_bridge.py::TestConfigBridgeParity::test_inference_config_override_fields[debug-default] PASSED [ 31%]
tests/torch/test_config_bridge.py::TestConfigBridgeParity::test_inference_config_override_fields[debug-override] PASSED [ 31%]
tests/torch/test_config_bridge.py::TestConfigBridgeParity::test_model_config_probe_mask_translation[probe_mask-default] PASSED [ 32%]
tests/torch/test_config_bridge.py::TestConfigBridgeParity::test_model_config_probe_mask_override PASSED [ 32%]
tests/torch/test_config_bridge.py::TestConfigBridgeParity::test_default_divergence_detection[nphotons-divergence] PASSED [ 32%]
tests/torch/test_config_bridge.py::TestConfigBridgeParity::test_default_divergence_detection[probe_scale-divergence] PASSED [ 33%]
tests/torch/test_config_bridge.py::TestConfigBridgeParity::test_gridsize_error_handling[gridsize-non-square] PASSED [ 33%]
tests/torch/test_config_bridge.py::TestConfigBridgeParity::test_model_type_error_handling[model_type-invalid-enum] PASSED [ 33%]
tests/torch/test_config_bridge.py::TestConfigBridgeParity::test_activation_error_handling[amp_activation-unknown] PASSED [ 34%]
tests/torch/test_config_bridge.py::TestConfigBridgeParity::test_train_data_file_required_error PASSED [ 34%]
tests/torch/test_config_bridge.py::TestConfigBridgeParity::test_model_path_required_error PASSED [ 34%]
tests/torch/test_config_bridge.py::TestConfigBridgeParity::test_nphotons_default_divergence_error PASSED [ 35%]
tests/torch/test_config_bridge.py::TestConfigBridgeParity::test_nphotons_override_passes_validation PASSED [ 35%]
tests/torch/test_config_bridge.py::TestConfigBridgeParity::test_training_config_n_subsample_missing_override_uses_none PASSED [ 35%]
tests/torch/test_config_bridge.py::TestConfigBridgeParity::test_training_config_n_subsample_explicit_override PASSED [ 36%]
tests/torch/test_config_bridge.py::TestConfigBridgeParity::test_inference_config_n_subsample_missing_override_uses_none PASSED [ 36%]
tests/torch/test_config_bridge.py::TestConfigBridgeParity::test_inference_config_n_subsample_explicit_override PASSED [ 37%]
tests/torch/test_config_bridge.py::TestConfigBridgeParity::test_training_config_subsample_seed_from_dataconfig PASSED [ 37%]
tests/torch/test_config_bridge.py::TestConfigBridgeParity::test_training_config_subsample_seed_override PASSED [ 37%]
tests/torch/test_config_bridge.py::TestConfigBridgeParity::test_n_groups_missing_override_warning PASSED [ 38%]
tests/torch/test_config_bridge.py::TestConfigBridgeParity::test_test_data_file_training_missing_warning PASSED [ 38%]
tests/torch/test_config_bridge.py::TestConfigBridgeParity::test_params_cfg_matches_baseline PASSED [ 38%]
tests/torch/test_config_bridge.py::TestConfigBridgeArchitecture::test_config_bridge_architecture_override PASSED [ 39%]
tests/torch/test_config_bridge.py::TestConfigBridgeArchitecture::test_config_bridge_architecture_default PASSED [ 39%]
tests/torch/test_config_bridge.py::TestConfigBridgeArchitecture::test_config_bridge_architecture_from_pt_model PASSED [ 39%]
tests/torch/test_config_factory.py::TestTrainingPayloadStructure::test_training_payload_returns_dataclass PASSED [ 40%]
tests/torch/test_config_factory.py::TestTrainingPayloadStructure::test_training_payload_contains_tf_config PASSED [ 40%]
tests/torch/test_config_factory.py::TestTrainingPayloadStructure::test_training_payload_contains_pytorch_configs PASSED [ 41%]
tests/torch/test_config_factory.py::TestTrainingPayloadStructure::test_training_payload_contains_overrides_dict PASSED [ 41%]
tests/torch/test_config_factory.py::TestTrainingPayloadStructure::test_gridsize_sets_channel_count FAILED [ 41%]
tests/torch/test_config_factory.py::TestInferencePayloadStructure::test_inference_payload_returns_dataclass PASSED [ 42%]
tests/torch/test_config_factory.py::TestInferencePayloadStructure::test_inference_payload_contains_tf_config PASSED [ 42%]
tests/torch/test_config_factory.py::TestInferencePayloadStructure::test_inference_payload_contains_pytorch_configs PASSED [ 42%]
tests/torch/test_config_factory.py::TestConfigBridgeTranslation::test_grid_size_tuple_to_gridsize_int PASSED [ 43%]
tests/torch/test_config_factory.py::TestConfigBridgeTranslation::test_epochs_to_nepochs_conversion FAILED [ 43%]
tests/torch/test_config_factory.py::TestConfigBridgeTranslation::test_k_to_neighbor_count_conversion FAILED [ 43%]
tests/torch/test_config_factory.py::TestLegacyParamsPopulation::test_factory_populates_params_cfg PASSED [ 44%]
tests/torch/test_config_factory.py::TestLegacyParamsPopulation::test_populate_legacy_params_helper PASSED [ 44%]
tests/torch/test_config_factory.py::TestOverridePrecedence::test_override_dict_wins_over_defaults PASSED [ 44%]
tests/torch/test_config_factory.py::TestOverridePrecedence::test_probe_size_override_wins_over_inference PASSED [ 45%]
tests/torch/test_config_factory.py::TestFactoryValidation::test_missing_n_groups_raises_error PASSED [ 45%]
tests/torch/test_config_factory.py::TestFactoryValidation::test_nonexistent_train_data_file_raises_error PASSED [ 46%]
tests/torch/test_config_factory.py::TestFactoryValidation::test_missing_checkpoint_raises_error PASSED [ 46%]
tests/torch/test_config_factory.py::TestExecutionConfigOverrides::test_training_payload_execution_config_not_none PASSED [ 46%]
tests/torch/test_config_factory.py::TestExecutionConfigOverrides::test_inference_payload_execution_config_not_none PASSED [ 47%]
tests/torch/test_config_factory.py::TestExecutionConfigOverrides::test_execution_config_defaults_applied PASSED [ 47%]
tests/torch/test_config_factory.py::TestExecutionConfigOverrides::test_execution_config_explicit_instance_propagates PASSED [ 47%]
tests/torch/test_config_factory.py::TestExecutionConfigOverrides::test_execution_config_fields_accessible PASSED [ 48%]
tests/torch/test_config_factory.py::TestExecutionConfigOverrides::test_overrides_applied_records_execution_knobs PASSED [ 48%]
tests/torch/test_config_factory.py::TestExecutionConfigOverrides::test_checkpoint_knobs_propagate_through_factory PASSED [ 48%]
tests/torch/test_config_factory.py::TestExecutionConfigOverrides::test_checkpoint_defaults_respected PASSED [ 49%]
tests/torch/test_config_factory.py::TestExecutionConfigOverrides::test_scheduler_override_applied PASSED [ 49%]
tests/torch/test_config_factory.py::TestExecutionConfigOverrides::test_accum_steps_override_applied PASSED [ 50%]
tests/torch/test_config_factory.py::TestExecutionConfigOverrides::test_logger_backend_csv_default PASSED [ 50%]
tests/torch/test_config_factory.py::TestExecutionConfigOverrides::test_logger_backend_tensorboard PASSED [ 50%]
tests/torch/test_config_factory.py::TestProbeSizeInference::test_infer_probe_size_from_npz PASSED [ 51%]
tests/torch/test_config_factory.py::TestProbeSizeInference::test_infer_probe_size_missing_file_fallback PASSED [ 51%]
tests/torch/test_data_pipeline.py::TestRawDataTorchAdapter::test_raw_data_torch_matches_tensorflow PASSED [ 51%]
tests/torch/test_data_pipeline.py::TestDataContainerParity::test_data_container_shapes_and_dtypes PASSED [ 52%]
tests/torch/test_data_pipeline.py::TestGroundTruthLoading::test_y_patches_are_complex64 PASSED [ 52%]
tests/torch/test_data_pipeline.py::TestMemmapBridgeParity::test_memmap_loader_matches_raw_data_torch PASSED [ 52%]
tests/torch/test_data_pipeline.py::TestMemmapBridgeParity::test_deterministic_generation_validation PASSED [ 53%]
tests/torch/test_data_pipeline.py::TestMemmapBridgeParity::test_memmap_bridge_accepts_diffraction_legacy PASSED [ 53%]
tests/torch/test_dataloader.py::TestDataloaderCanonicalKeySupport::test_backward_compat_legacy_diff3d FAILED [ 53%]
tests/torch/test_dataloader.py::TestDataloaderCanonicalKeySupport::test_error_when_no_diffraction_key PASSED [ 54%]
tests/torch/test_dataloader.py::TestDataloaderCanonicalKeySupport::test_loads_canonical_diffraction FAILED [ 54%]
tests/torch/test_dataloader.py::TestDataloaderFormatAutoTranspose::test_auto_transposes_legacy_hwn_format PASSED [ 55%]
tests/torch/test_dataloader.py::TestDataloaderFormatAutoTranspose::test_handles_edge_case_square_dataset PASSED [ 55%]
tests/torch/test_dataloader.py::TestDataloaderFormatAutoTranspose::test_npz_headers_also_transposes_shape FAILED [ 55%]
tests/torch/test_dataloader.py::TestDataloaderFormatAutoTranspose::test_preserves_canonical_nwh_format PASSED [ 56%]
tests/torch/test_dataloader.py::TestDataloaderFormatAutoTranspose::test_real_dataset_dimensions PASSED [ 56%]
tests/torch/test_dataloader.py::TestDataloaderFormatAutoTranspose::test_works_with_diff3d_legacy_key PASSED [ 56%]
tests/torch/test_execution_config_defaults.py::TestPyTorchExecutionConfigDefaults::test_auto_prefers_cuda PASSED [ 57%]
tests/torch/test_execution_config_defaults.py::TestPyTorchExecutionConfigDefaults::test_auto_warns_and_falls_back_to_cpu PASSED [ 57%]
tests/torch/test_execution_config_defaults.py::TestPyTorchExecutionConfigDefaults::test_explicit_cpu_bypasses_auto_resolution PASSED [ 57%]
tests/torch/test_execution_config_defaults.py::TestPyTorchExecutionConfigDefaults::test_explicit_cuda_bypasses_auto_resolution PASSED [ 58%]
tests/torch/test_execution_config_defaults.py::TestPyTorchExecutionConfigDefaults::test_workflow_auto_instantiates_with_hardware_detection PASSED [ 58%]
tests/torch/test_execution_config_defaults.py::TestPyTorchExecutionConfigDefaults::test_backend_selector_warns_on_cpu_only_hosts SKIPPED [ 58%]
tests/torch/test_execution_config_defaults.py::TestPyTorchExecutionConfigDefaults::test_backend_selector_inherits_gpu_first_defaults PASSED [ 59%]
tests/torch/test_execution_config_defaults.py::TestPyTorchExecutionConfigDefaults::test_backend_selector_cpu_fallback_with_warning PASSED [ 59%]
tests/torch/test_fixture_pytorch_integration.py::TestFixtureContract::test_fixture_file_exists SKIPPED [ 60%]
tests/torch/test_fixture_pytorch_integration.py::TestFixtureContract::test_fixture_outputs_match_contract SKIPPED [ 60%]
tests/torch/test_fixture_pytorch_integration.py::TestFixtureContract::test_metadata_sidecar_exists SKIPPED [ 60%]
tests/torch/test_fixture_pytorch_integration.py::TestFixtureContract::test_metadata_content_valid SKIPPED [ 61%]
tests/torch/test_fixture_pytorch_integration.py::TestFixtureContract::test_coordinate_coverage SKIPPED [ 61%]
tests/torch/test_fixture_pytorch_integration.py::TestFixtureIntegrationSmoke::test_fixture_loads_with_rawdata SKIPPED [ 61%]
tests/torch/test_fixture_pytorch_integration.py::TestFixtureIntegrationSmoke::test_fixture_compatible_with_pytorch_dataloader SKIPPED [ 62%]
tests/torch/test_fno_generators.py::TestSpatialLifter::test_lifter_preserves_spatial_dims PASSED [ 62%]
tests/torch/test_fno_generators.py::TestSpatialLifter::test_lifter_with_custom_hidden PASSED [ 62%]
tests/torch/test_fno_generators.py::TestPtychoBlock::test_block_preserves_dims PASSED [ 63%]
tests/torch/test_fno_generators.py::TestPtychoBlock::test_block_has_residual PASSED [ 63%]
tests/torch/test_fno_generators.py::TestHybridUNOGenerator::test_output_shape PASSED [ 64%]
tests/torch/test_fno_generators.py::TestHybridUNOGenerator::test_output_contract_real_imag PASSED [ 64%]
tests/torch/test_fno_generators.py::TestCascadedFNOGenerator::test_output_shape PASSED [ 64%]
tests/torch/test_fno_generators.py::TestCascadedFNOGenerator::test_output_is_differentiable PASSED [ 65%]
tests/torch/test_fno_generators.py::TestGeneratorRegistry::test_resolve_fno_generator PASSED [ 65%]
tests/torch/test_fno_generators.py::TestGeneratorRegistry::test_resolve_hybrid_generator PASSED [ 65%]
tests/torch/test_fno_generators.py::TestGeneratorRegistry::test_fno_generator_builds_model PASSED [ 66%]
tests/torch/test_fno_generators.py::TestGeneratorRegistry::test_hybrid_generator_builds_model PASSED [ 66%]
tests/torch/test_fno_integration.py::test_synthetic_npz_fixture_contract PASSED [ 66%]
tests/torch/test_fno_integration.py::test_fno_generator_forward_pass PASSED [ 67%]
tests/torch/test_fno_integration.py::test_hybrid_generator_forward_pass PASSED [ 67%]
tests/torch/test_fno_integration.py::test_neuraloperator_spectral_conv_available PASSED [ 67%]
tests/torch/test_fno_integration.py::test_ptychoblock_uses_neuraloperator_when_available SKIPPED [ 68%]
tests/torch/test_fno_integration.py::test_fno_generator_training_loop PASSED [ 68%]
tests/torch/test_fno_lightning_integration.py::test_loss_history_callback_collects_per_epoch PASSED [ 69%]
tests/torch/test_fno_lightning_integration.py::test_loss_history_callback_handles_missing_metrics PASSED [ 69%]
tests/torch/test_fno_lightning_integration.py::test_train_history_collects_epochs PASSED [ 69%]
tests/torch/test_fno_reconstruction_quality.py::test_fno_quality_comparable_to_random_baseline PASSED [ 70%]
tests/torch/test_fno_reconstruction_quality.py::test_hybrid_produces_different_output_than_fno PASSED [ 70%]
tests/torch/test_fno_reconstruction_quality.py::test_generator_output_improves_with_training PASSED [ 70%]
tests/torch/test_fno_reconstruction_quality.py::test_generators_handle_different_input_sizes PASSED [ 71%]
tests/torch/test_generator_registry.py::test_resolve_generator_cnn PASSED [ 71%]
tests/torch/test_generator_registry.py::test_resolve_generator_unknown_raises PASSED [ 71%]
tests/torch/test_grid_lines_torch_runner.py::TestTorchRunnerConfig::test_config_creation PASSED [ 72%]
tests/torch/test_grid_lines_torch_runner.py::TestLoadCachedDataset::test_load_valid_npz PASSED [ 72%]
tests/torch/test_grid_lines_torch_runner.py::TestLoadCachedDataset::test_load_missing_key_raises PASSED [ 73%]
tests/torch/test_grid_lines_torch_runner.py::TestSetupTorchConfigs::test_creates_training_config PASSED [ 73%]
tests/torch/test_grid_lines_torch_runner.py::TestSetupTorchConfigs::test_creates_execution_config PASSED [ 73%]
tests/torch/test_grid_lines_torch_runner.py::TestRunGridLinesTorchScaffold::test_runner_emits_metrics_json PASSED [ 74%]
tests/torch/test_grid_lines_torch_runner.py::TestRunGridLinesTorchScaffold::test_runner_creates_run_directory_structure PASSED [ 74%]
tests/torch/test_grid_lines_torch_runner.py::TestChannelGridsizeAlignment::test_runner_sets_gridsize_from_config PASSED [ 74%]
tests/torch/test_grid_lines_torch_runner.py::TestChannelGridsizeAlignment::test_runner_channels_derived_from_gridsize PASSED [ 75%]
tests/torch/test_grid_lines_torch_runner.py::TestForwardSignatureEnforcement::test_fno_inference_uses_single_input PASSED [ 75%]
tests/torch/test_grid_lines_torch_runner.py::TestOutputContractConversion::test_to_complex_patches_basic PASSED [ 75%]
tests/torch/test_grid_lines_torch_runner.py::TestOutputContractConversion::test_to_complex_patches_preserves_values PASSED [ 76%]
tests/torch/test_grid_lines_torch_runner.py::TestOutputContractConversion::test_runner_returns_predictions_complex PASSED [ 76%]
tests/torch/test_grid_lines_torch_runner.py::TestTorchTrainingPath::test_runner_uses_generator_registry PASSED [ 76%]
tests/torch/test_grid_lines_torch_runner.py::TestTorchTrainingPath::test_runner_returns_scaffold_when_generator_unavailable PASSED [ 77%]
tests/torch/test_inference_reassembly_parity.py::test_inference_helper_uses_reassembly PASSED [ 77%]
tests/torch/test_inference_reassembly_parity.py::test_reassembly_canvas_padding_invariants PASSED [ 78%]
tests/torch/test_integration_workflow_torch.py::test_bundle_loader_returns_modules FAILED [ 78%]
tests/torch/test_integration_workflow_torch.py::test_run_pytorch_train_save_load_infer FAILED [ 78%]
tests/torch/test_integration_workflow_torch.py::TestPyTorchIntegrationWorkflow::test_pytorch_train_save_load_infer_cycle_legacy SKIPPED [ 79%]
tests/torch/test_integration_workflow_torch.py::TestPyTorchIntegrationWorkflow::test_pytorch_tf_output_parity SKIPPED [ 79%]
tests/torch/test_lightning_checkpoint.py::TestLightningCheckpointSerialization::test_checkpoint_contains_hyperparameters PASSED [ 79%]
tests/torch/test_lightning_checkpoint.py::TestLightningCheckpointSerialization::test_load_from_checkpoint_without_kwargs PASSED [ 80%]
tests/torch/test_lightning_checkpoint.py::TestLightningCheckpointSerialization::test_checkpoint_configs_are_serializable PASSED [ 80%]
tests/torch/test_loss_modes.py::test_poisson_loss_mode_logs_poisson_metrics FAILED [ 80%]
tests/torch/test_loss_modes.py::test_mae_loss_mode_logs_mae_metrics_only FAILED [ 81%]
tests/torch/test_model_manager.py::TestSaveTorchBundle::test_archive_structure PASSED [ 81%]
tests/torch/test_model_manager.py::TestSaveTorchBundle::test_params_snapshot PASSED [ 82%]
tests/torch/test_model_manager.py::TestSaveTorchBundle::test_save_bundle_with_intensity_scale PASSED [ 82%]
tests/torch/test_model_manager.py::TestLoadTorchBundle::test_load_round_trip_updates_params_cfg PASSED [ 82%]
tests/torch/test_model_manager.py::TestLoadTorchBundle::test_missing_params_raises_value_error PASSED [ 83%]
tests/torch/test_model_manager.py::TestLoadTorchBundle::test_load_round_trip_returns_model_stub PASSED [ 83%]
tests/torch/test_model_manager.py::TestLoadTorchBundle::test_reconstructs_models_from_bundle PASSED [ 83%]
tests/torch/test_patch_stats_cli.py::TestPatchStatsCLI::test_patch_stats_flags_accepted FAILED [ 84%]
tests/torch/test_patch_stats_cli.py::TestPatchStatsCLI::test_patch_stats_default_disabled FAILED [ 84%]
tests/torch/test_patch_stats_cli.py::TestPatchStatsCLI::test_factory_creates_inference_config_with_patch_stats FAILED [ 84%]
tests/torch/test_patch_stats_cli.py::TestPatchStatsCLI::test_factory_inference_config_defaults FAILED [ 85%]
tests/torch/test_tf_helper.py::TestTorchTFHelper::test_combine_complex SKIPPED [ 85%]
tests/torch/test_tf_helper.py::TestTorchTFHelper::test_get_mask SKIPPED  [ 85%]
tests/torch/test_tf_helper.py::TestTorchTFHelper::test_placeholder_torch_functions SKIPPED [ 86%]
tests/torch/test_train_probe_size.py::TestNPZProbeSizeExtraction::test_infer_probe_size_128 FAILED [ 86%]
tests/torch/test_train_probe_size.py::TestNPZProbeSizeExtraction::test_infer_probe_size_from_npz FAILED [ 87%]
tests/torch/test_train_probe_size.py::TestNPZProbeSizeExtraction::test_infer_probe_size_missing_probe PASSED [ 87%]
tests/torch/test_train_probe_size.py::TestNPZProbeSizeExtraction::test_infer_probe_size_real_dataset FAILED [ 87%]
tests/torch/test_train_probe_size.py::TestNPZProbeSizeExtraction::test_infer_probe_size_rectangular FAILED [ 88%]
tests/torch/test_workflows_components.py::TestWorkflowsComponentsScaffold::test_run_cdi_example_calls_update_legacy_dict FAILED [ 88%]
tests/torch/test_workflows_components.py::TestWorkflowsComponentsTraining::test_train_cdi_model_torch_invokes_lightning FAILED [ 88%]
tests/torch/test_workflows_components.py::TestWorkflowsComponentsTraining::test_lightning_dataloader_tensor_dict_structure FAILED [ 89%]
tests/torch/test_workflows_components.py::TestWorkflowsComponentsTraining::test_lightning_poisson_count_contract FAILED [ 89%]
tests/torch/test_workflows_components.py::TestWorkflowsComponentsTraining::test_lightning_training_respects_gridsize FAILED [ 89%]
tests/torch/test_workflows_components.py::TestWorkflowsComponentsTraining::test_coords_relative_layout FAILED [ 90%]
tests/torch/test_workflows_components.py::TestWorkflowsComponentsRun::test_run_cdi_example_invokes_training FAILED [ 90%]
tests/torch/test_workflows_components.py::TestWorkflowsComponentsRun::test_run_cdi_example_persists_models FAILED [ 91%]
tests/torch/test_workflows_components.py::TestWorkflowsComponentsRun::test_load_inference_bundle_handles_bundle PASSED [ 91%]
tests/torch/test_workflows_components.py::TestTrainWithLightningRed::test_train_with_lightning_instantiates_module PASSED [ 91%]
tests/torch/test_workflows_components.py::TestTrainWithLightningRed::test_train_with_lightning_runs_trainer_fit FAILED [ 92%]
tests/torch/test_workflows_components.py::TestTrainWithLightningRed::test_train_with_lightning_returns_models_dict FAILED [ 92%]
tests/torch/test_workflows_components.py::TestReassembleCdiImageTorchGreen::test_reassemble_cdi_image_torch_guard_without_train_results PASSED [ 92%]
tests/torch/test_workflows_components.py::TestReassembleCdiImageTorchGreen::test_reassemble_cdi_image_torch_flip_transpose_contract[False-False-False] FAILED [ 93%]
tests/torch/test_workflows_components.py::TestReassembleCdiImageTorchGreen::test_reassemble_cdi_image_torch_flip_transpose_contract[True-False-False] FAILED [ 93%]
tests/torch/test_workflows_components.py::TestReassembleCdiImageTorchGreen::test_reassemble_cdi_image_torch_flip_transpose_contract[False-True-False] FAILED [ 93%]
tests/torch/test_workflows_components.py::TestReassembleCdiImageTorchGreen::test_reassemble_cdi_image_torch_flip_transpose_contract[False-False-True] FAILED [ 94%]
tests/torch/test_workflows_components.py::TestReassembleCdiImageTorchGreen::test_reassemble_cdi_image_torch_flip_transpose_contract[True-True-True] FAILED [ 94%]
tests/torch/test_workflows_components.py::TestReassembleCdiImageTorchGreen::test_run_cdi_example_torch_do_stitching_delegates_to_reassemble FAILED [ 94%]
tests/torch/test_workflows_components.py::TestReassembleCdiImageTorchGreen::test_reassemble_cdi_image_torch_return_contract FAILED [ 95%]
tests/torch/test_workflows_components.py::TestReassembleCdiImageTorchFloat32::test_batches_remain_float32 PASSED [ 95%]
tests/torch/test_workflows_components.py::TestReassembleCdiImageTorchFloat32::test_dataloader_casts_float64_to_float32 PASSED [ 96%]
tests/torch/test_workflows_components.py::TestDecoderLastShapeParity::test_probe_big_shape_alignment FAILED [ 96%]
tests/torch/test_workflows_components.py::TestDecoderLastShapeParity::test_probe_big_false_no_mismatch PASSED [ 96%]
tests/torch/test_workflows_components.py::TestTrainWithLightningGreen::test_execution_config_overrides_trainer FAILED [ 97%]
tests/torch/test_workflows_components.py::TestTrainWithLightningGreen::test_execution_config_controls_determinism FAILED [ 97%]
tests/torch/test_workflows_components.py::TestInferenceExecutionConfig::test_inference_uses_execution_batch_size PASSED [ 97%]
tests/torch/test_workflows_components.py::TestLightningCheckpointCallbacks::test_model_checkpoint_callback_configured PASSED [ 98%]
tests/torch/test_workflows_components.py::TestLightningCheckpointCallbacks::test_early_stopping_callback_configured PASSED [ 98%]
tests/torch/test_workflows_components.py::TestLightningCheckpointCallbacks::test_disable_checkpointing_skips_callbacks PASSED [ 98%]
tests/torch/test_workflows_components.py::TestLightningExecutionConfig::test_trainer_receives_accumulation FAILED [ 99%]
tests/torch/test_workflows_components.py::TestLightningExecutionConfig::test_monitor_uses_val_loss_name PASSED [ 99%]
tests/torch/test_workflows_components.py::TestLightningExecutionConfig::test_trainer_receives_logger PASSED [100%]

=================================== FAILURES ===================================
_______________ TestInferenceCLI.test_accelerator_flag_roundtrip _______________

self = <test_cli_inference_torch.TestInferenceCLI object at 0x7d54e730f3d0>
minimal_inference_args = ['--model_path', '/tmp/pytest-of-ollie/pytest-184/test_accelerator_flag_roundtri0/model', '--test_data', '/tmp/pytest-...i0/test.npz', '--output_dir', '/tmp/pytest-of-ollie/pytest-184/test_accelerator_flag_roundtri0/inference_outputs', ...]
monkeypatch = <_pytest.monkeypatch.MonkeyPatch object at 0x7d54e7901b10>

    def test_accelerator_flag_roundtrip(self, minimal_inference_args, monkeypatch):
        """
        Test that accelerator flag is properly handled by _run_inference_and_reconstruct (DEVICE-MISMATCH-001).
    
        Expected behavior:
        - CLI parses --accelerator flag and builds execution_config
        - execution_config accelerator maps to device string ('cuda', 'mps', 'cpu')
        - _run_inference_and_reconstruct receives device and moves model to it
        - Model.to(device) and model.eval() are called inside helper
    
        Phase: R (DEVICE-MISMATCH-001 fix)
        Reference: input.md Do Now step 3, DEVICE-MISMATCH-001 finding
        """
        import numpy as np
        from unittest.mock import MagicMock, patch
    
        # Mock RawData with minimal required fields
        mock_raw_data = MagicMock()
        mock_raw_data.diff3d = np.random.rand(10, 64, 64).astype(np.float32)
        mock_raw_data.probeGuess = np.random.rand(64, 64).astype(np.complex64)
        mock_raw_data.xcoords = np.random.rand(10)
        mock_raw_data.ycoords = np.random.rand(10)
    
        # Mock model with .to() and .eval() tracking
        mock_model = MagicMock()
        device_calls = []
        eval_calls = []
    
        def track_to_call(device):
            device_calls.append(device)
            return mock_model
    
        def track_eval_call():
            eval_calls.append(True)
            return mock_model
    
        mock_model.to = MagicMock(side_effect=track_to_call)
        mock_model.eval = MagicMock(side_effect=track_eval_call)
        mock_model.forward_predict = MagicMock(
            return_value=MagicMock(
                cpu=MagicMock(
                    return_value=MagicMock(
                        numpy=MagicMock(return_value=np.random.rand(1, 1, 64, 64).astype(np.complex64))
                    )
                )
            )
        )
    
        # Import and call _run_inference_and_reconstruct directly
        from ptycho_torch.inference import _run_inference_and_reconstruct
        from ptycho.config.config import InferenceConfig, ModelConfig, PyTorchExecutionConfig
    
        config = InferenceConfig(
            model=ModelConfig(N=64, gridsize=1),
            model_path=Path('outputs/test/bundle.zip'),
            test_data_file=Path('test.npz'),
            backend='pytorch',
            output_dir=Path('outputs/inference'),
            n_groups=10
        )
    
        execution_config = PyTorchExecutionConfig(
            accelerator='cuda',  # Request CUDA device
            num_workers=0,
            inference_batch_size=None
        )
    
        # Call helper with 'cuda' device
>       _run_inference_and_reconstruct(
            mock_model, mock_raw_data, config, execution_config, 'cuda', quiet=True
        )

tests/torch/test_cli_inference_torch.py:270: 
_ _ _ _ _ _ _ _ _ _ _ _ _ _ _ _ _ _ _ _ _ _ _ _ _ _ _ _ _ _ _ _ _ _ _ _ _ _ _ _ 

model = <MagicMock id='137799749155152'>
raw_data = <MagicMock id='137803607899664'>
config = InferenceConfig(model=ModelConfig(N=64, gridsize=1, n_filters_scale=2, model_type='pinn', architecture='cnn', amp_acti...oversampling=False, neighbor_pool_size=None, debug=False, output_dir=PosixPath('outputs/inference'), backend='pytorch')
execution_config = PyTorchExecutionConfig(accelerator='cuda', strategy='auto', deterministic=True, gradient_clip_val=None, accum_steps=1,...nt_mode='min', early_stop_patience=100, logger_backend='csv', inference_batch_size=None, middle_trim=0, pad_eval=False)
device = 'cuda', quiet = True

    def _run_inference_and_reconstruct(model, raw_data, config, execution_config, device, quiet=False):
        """
        Extract inference logic into testable helper function (Phase D.C C3).
    
        Args:
            model: Loaded Lightning module (should be in eval mode)
            raw_data: RawData instance with test data
            config: TFInferenceConfig with n_groups, etc.
            execution_config: PyTorchExecutionConfig with device, batch size, etc.
            device: Torch device string ('cpu', 'cuda', 'mps')
            quiet: Suppress progress output (default: False)
    
        Returns:
            Tuple of (amplitude, phase) numpy arrays
    
        Notes:
            - Wraps existing simplified inference logic (lines 563-641)
            - Enforces DTYPE-001 (float32 for diffraction, complex64 for probe)
            - Handles shape permutations (H,W,N → N,H,W)
            - Averages across batch for single reconstruction
            - DEVICE-MISMATCH-001: Ensures model is on the correct device
        """
        import torch
        import numpy as np
    
        # DEVICE-MISMATCH-001 fix: Ensure model is on the requested device and in eval mode
        model.to(device)
        model.eval()
    
        # DTYPE ENFORCEMENT (Phase D1d): Cast to float32 per DATA-001
        diffraction = torch.from_numpy(raw_data.diff3d).to(device, dtype=torch.float32)
        probe = torch.from_numpy(raw_data.probeGuess).to(device, dtype=torch.complex64)
    
        # Handle different diffraction shapes (H, W, n) vs (n, H, W)
        # Auto-detect legacy (H, W, n) format where the last dim (n) is the largest
        if diffraction.ndim == 3 and diffraction.shape[-1] > max(diffraction.shape[0], diffraction.shape[1]):
            # Transpose from (H, W, n) to (n, H, W)
            diffraction = diffraction.permute(2, 0, 1)
    
        # Limit to n_groups
        diffraction = diffraction[:config.n_groups]
    
        # Add channel dimension if needed: (n, H, W) -> (n, 1, H, W)
        if diffraction.ndim == 3:
            diffraction = diffraction.unsqueeze(1)
    
        # Ensure probe is complex64
        if not torch.is_complex(probe):
            probe = probe.to(torch.complex64)
    
        # Add batch dimension to probe if needed
        if probe.ndim == 2:
            probe = probe.unsqueeze(0).unsqueeze(0).unsqueeze(0)  # (1, 1, 1, H, W)
    
        # Prepare positions (API requires it), real offsets computed for reassembly below
        batch_size = diffraction.shape[0]
        N = diffraction.shape[-1]
        positions = torch.zeros((batch_size, 1, 1, 2), device=device)
    
        # Prepare scaling factors (match training normalization)
        from ptycho_torch import helper as hh
        from ptycho_torch.config_params import DataConfig as PTDataConfig
    
        data_cfg_norm = PTDataConfig(N=int(N), grid_size=(1, 1))
        rms_scale = hh.get_rms_scaling_factor(diffraction.squeeze(1), data_cfg_norm)
        physics_scale = hh.get_physics_scaling_factor(diffraction.squeeze(1), data_cfg_norm)
        if not isinstance(rms_scale, torch.Tensor):
            rms_scale = torch.from_numpy(rms_scale)
        if not isinstance(physics_scale, torch.Tensor):
            physics_scale = torch.from_numpy(physics_scale)
        rms_scale = rms_scale.to(device=device, dtype=torch.float32)
        physics_scale = physics_scale.to(device=device, dtype=torch.float32)
        if rms_scale.ndim == 1:
            rms_scale = rms_scale.view(-1, 1, 1, 1)
        if physics_scale.ndim == 1:
            physics_scale = physics_scale.view(-1, 1, 1, 1)
    
        physics_weight = 1.0 if getattr(model, 'torch_loss_mode', 'poisson') == 'poisson' else 0.0
        input_scale_factor = rms_scale
        output_scale_factor = (1.0 - physics_weight) * rms_scale + physics_weight * physics_scale
    
        if not quiet:
            print(f"Running inference on {batch_size} images...")
    
        # Forward pass through model to get per-patch complex predictions
        with torch.no_grad():
            patch_complex = model.forward_predict(
                diffraction,
                positions,
                probe,
                input_scale_factor
            )
    
        # Compute pixel offsets relative to center-of-mass (B, 1, 1, 2)
        x = torch.from_numpy(raw_data.xcoords[:batch_size]).to(device=device, dtype=torch.float32)
        y = torch.from_numpy(raw_data.ycoords[:batch_size]).to(device=device, dtype=torch.float32)
        dx = x - torch.mean(x)
        dy = y - torch.mean(y)
        offsets = torch.stack([dx, dy], dim=-1).view(batch_size, 1, 1, 2)
    
        # Position-aware reassembly using torch helper to produce stitched canvas
        from ptycho_torch.config_params import DataConfig, ModelConfig
        from ptycho_torch import helper as hh
    
        # Minimal configs required for padding and translation
        N = patch_complex.shape[-1]
        data_cfg = DataConfig(N=int(N), grid_size=(1, 1))
        model_cfg = ModelConfig()
        # Ensure channel consistency for reassembly (C_forward must match predicted channels)
        model_cfg.C_forward = int(patch_complex.shape[1])
    
        # Compute dynamic canvas size to avoid clipping: M >= N + 2*max(|dx|, |dy|)
        max_shift = torch.max(torch.stack([dx.abs(), dy.abs()], dim=0)).item()
>       M = int(np.ceil(N + 2 * max_shift))
            ^^^^^^^^^^^^^^^^^^^^^^^^^^^^^^^
E       TypeError: only 0-dimensional arrays can be converted to Python scalars

ptycho_torch/inference.py:407: TypeError
___________________ TestPatchStatsCLI.test_patch_stats_dump ____________________

self = <test_cli_train_torch.TestPatchStatsCLI object at 0x7d54e715a950>
minimal_train_args = ['--train_data_file', '/tmp/pytest-of-ollie/pytest-184/test_patch_stats_dump0/train.npz', '--output_dir', '/tmp/pytest-of-ollie/pytest-184/test_patch_stats_dump0/outputs', '--n_images', '8', ...]
monkeypatch = <_pytest.monkeypatch.MonkeyPatch object at 0x7d53cb8d2dd0>
tmp_path = PosixPath('/tmp/pytest-of-ollie/pytest-184/test_patch_stats_dump0')

    def test_patch_stats_dump(self, minimal_train_args, monkeypatch, tmp_path):
        """
        Test that --log-patch-stats produces JSON and PNG artifacts.
    
        This is the selector required by input.md Phase A Do Now:
        pytest tests/torch/test_cli_train_torch.py::TestPatchStatsCLI::test_patch_stats_dump
    
        Expected behavior:
        - CLI accepts --log-patch-stats and --patch-stats-limit flags
        - After training, <output_dir>/analysis/ contains:
          - torch_patch_stats.json
          - torch_patch_grid.png
        """
        from ptycho_torch.train import cli_main
    
        output_dir = tmp_path / 'outputs'
        test_args = minimal_train_args + [
            '--log-patch-stats',
            '--patch-stats-limit', '2',
            '--accelerator', 'cpu',
            '--quiet',
        ]
    
        monkeypatch.setattr('sys.argv', ['train.py'] + test_args)
    
        # Run training
        try:
            exit_code = cli_main()
        except SystemExit as e:
            exit_code = e.code
    
        # Assert training completed
>       assert exit_code == 0 or exit_code is None, \
            f"Training CLI failed with exit code {exit_code}"
E       AssertionError: Training CLI failed with exit code 2
E       assert (2 == 0 or 2 is None)

tests/torch/test_cli_train_torch.py:860: AssertionError
----------------------------- Captured stderr call -----------------------------
usage: train.py [-h] [--train_data_file TRAIN_DATA_FILE]
                [--test_data_file TEST_DATA_FILE] [--output_dir OUTPUT_DIR]
                [--max_epochs MAX_EPOCHS] [--n_images N_IMAGES]
                [--gridsize GRIDSIZE] [--batch_size BATCH_SIZE]
                [--device {cpu,cuda}] [--disable_mlflow] [--quiet]
                [--torch-loss-mode {poisson,mae}]
                [--accelerator {auto,cpu,gpu,cuda,tpu,mps}] [--deterministic]
                [--no-deterministic] [--num-workers NUM_WORKERS]
                [--learning-rate LEARNING_RATE]
                [--logger {none,csv,tensorboard,mlflow}]
                [--enable-checkpointing] [--disable-checkpointing]
                [--checkpoint-save-top-k CHECKPOINT_SAVE_TOP_K]
                [--checkpoint-monitor CHECKPOINT_MONITOR_METRIC]
                [--checkpoint-mode {min,max}]
                [--early-stop-patience EARLY_STOP_PATIENCE]
                [--scheduler {Default,Exponential,MultiStage,Adaptive}]
                [--accumulate-grad-batches ACCUMULATE_GRAD_BATCHES]
                [--ptycho_dir PTYCHO_DIR] [--config CONFIG]
train.py: error: unrecognized arguments: --log-patch-stats --patch-stats-limit 2
________ TestTrainingPayloadStructure.test_gridsize_sets_channel_count _________

self = <test_config_factory.TestTrainingPayloadStructure object at 0x7d5401193310>
mock_train_npz = PosixPath('/tmp/pytest-of-ollie/pytest-184/test_gridsize_sets_channel_cou0/mock_train.npz')
temp_output_dir = PosixPath('/tmp/factory_test_dmlnbnkt')

    def test_gridsize_sets_channel_count(self, mock_train_npz, temp_output_dir):
        """
        Gridsize override synchronizes C_forward and C_model with data channel count.
    
        Regression test for ADR-003 C4.D3: create_training_payload() must set
        pt_model_config.C_forward and C_model to match pt_data_config.C when
        gridsize is specified. This ensures PyTorch helpers (reassemble_patches_position_real)
        receive tensor shapes consistent with the grouping strategy.
    
        Expected behavior:
            - gridsize=1 → C=1, C_forward=1, C_model=1
            - gridsize=2 → C=4, C_forward=4, C_model=4
            - Default (no gridsize override) → C=4, C_forward=4, C_model=4
    
        Reference: plans/active/ADR-003-BACKEND-API/reports/2025-10-20T061500Z/
                   phase_c4_cli_integration_debug/coords_relative_investigation.md
        """
        # Case 1: gridsize=1 (single-position groups)
        payload_gs1 = create_training_payload(
            train_data_file=mock_train_npz,
            output_dir=temp_output_dir,
            overrides={'gridsize': 1, 'n_groups': 512},
        )
>       assert payload_gs1.pt_data_config.C == 1, "DataConfig.C should match gridsize**2 (1)"
E       AssertionError: DataConfig.C should match gridsize**2 (1)
E       assert 4 == 1
E        +  where 4 = DataConfig(nphotons=100000.0, N=64, C=4, K=6, K_quadrant=30, n_subsample=7, subsample_seed=None, grid_size=(2, 2), neighbor_function='Nearest', min_neighbor_distance=0.0, max_neighbor_distance=3.0, scan_pattern='Isotropic', normalize='Batch', probe_scale=1.0, probe_normalize=True, data_scaling='Parseval', phase_subtraction=True, x_bounds=(0.1, 0.9), y_bounds=(0.1, 0.9)).C
E        +    where DataConfig(nphotons=100000.0, N=64, C=4, K=6, K_quadrant=30, n_subsample=7, subsample_seed=None, grid_size=(2, 2), neighbor_function='Nearest', min_neighbor_distance=0.0, max_neighbor_distance=3.0, scan_pattern='Isotropic', normalize='Batch', probe_scale=1.0, probe_normalize=True, data_scaling='Parseval', phase_subtraction=True, x_bounds=(0.1, 0.9), y_bounds=(0.1, 0.9)) = TrainingPayload(tf_training_config=TrainingConfig(model=ModelConfig(N=64, gridsize=2, n_filters_scale=2, model_type='pinn', architecture='cnn', amp_activation='swish', object_big=False, probe_big=True, probe_mask=False, pad_object=True, probe_scale=1.0, gaussian_smoothing_sigma=0.0), train_data_file=PosixPath('/tmp/pytest-of-ollie/pytest-184/test_gridsize_sets_channel_cou0/mock_train.npz'), test_data_file=None, batch_size=16, nepochs=50, mae_weight=0.0, nll_weight=1.0, realspace_mae_weight=0.0, realspace_weight=0.0, nphotons=100000.0, n_groups=512, n_images=None, n_subsample=None, subsample_seed=None, neighbor_count=6, enable_oversampling=False, neighbor_pool_size=None, positions_provided=True, probe_trainable=False, intensity_scale_trainable=False, output_dir=PosixPath('/tmp/factory_test_dmlnbnkt'), sequential_sampling=False, backend='pytorch', torch_loss_mode='poisson'), pt_data_config=DataConfig(nphotons=100000.0, N=64, C=4, K=6, K_quadrant=30, n_subsample=7, subsample_seed=None, grid_size=(2, 2), neighbor_function='Nearest', min_neighbor_distance=0.0, max_neighbor_distance=3.0, scan_pattern='Isotropic', normalize='Batch', probe_scale=1.0, probe_normalize=True, data_scaling='P...'Default', num_workers=4, accum_steps=1, gradient_clip_val=None, stage_1_epochs=0, stage_2_epochs=0, stage_3_epochs=0, physics_weight_schedule='cosine', stage_3_lr_factor=0.1, torch_loss_mode='poisson', experiment_name='Synthetic_Runs', notes='', model_name='PtychoPINNv2', output_dir='/tmp/factory_test_dmlnbnkt', train_data_file='/tmp/pytest-of-ollie/pytest-184/test_gridsize_sets_channel_cou0/mock_train.npz', test_data_file=None, n_groups=512), execution_config=PyTorchExecutionConfig(accelerator='cuda', strategy='auto', deterministic=True, gradient_clip_val=None, accum_steps=1, num_workers=0, pin_memory=False, persistent_workers=False, prefetch_factor=None, learning_rate=0.001, scheduler='Default', enable_progress_bar=False, enable_checkpointing=True, checkpoint_save_top_k=1, checkpoint_monitor_metric='val_loss', checkpoint_mode='min', early_stop_patience=100, logger_backend='csv', inference_batch_size=None, middle_trim=0, pad_eval=False), overrides_applied={'gridsize': 1, 'n_groups': 512, 'N': 64, 'accelerator': 'cuda', 'deterministic': True, 'num_workers': 0, 'enable_progress_bar': False, 'learning_rate': 0.001, 'scheduler': 'Default', 'accum_steps': 1, 'logger_backend': 'csv'}).pt_data_config

tests/torch/test_config_factory.py:222: AssertionError
________ TestConfigBridgeTranslation.test_epochs_to_nepochs_conversion _________

self = <test_config_factory.TestConfigBridgeTranslation object at 0x7d5401199810>
mock_train_npz = PosixPath('/tmp/pytest-of-ollie/pytest-184/test_epochs_to_nepochs_convers0/mock_train.npz')
temp_output_dir = PosixPath('/tmp/factory_test_ob88f268')

    def test_epochs_to_nepochs_conversion(self, mock_train_npz, temp_output_dir):
        """Factory maps epochs → nepochs via bridge."""
        payload = create_training_payload(
            train_data_file=mock_train_npz,
            output_dir=temp_output_dir,
            overrides={'n_groups': 512, 'max_epochs': 20},
        )
        # GREEN phase assertions:
>       assert payload.pt_training_config.epochs == 20  # PyTorch naming
        ^^^^^^^^^^^^^^^^^^^^^^^^^^^^^^^^^^^^^^^^^^^^^^
E       AssertionError: assert 50 == 20
E        +  where 50 = TrainingConfig(training_directories=[], nll=True, device='cuda', strategy='ddp', n_devices=1, framework='Lightning', orchestrator='Mlflow', learning_rate=0.001, epochs=50, batch_size=16, epochs_fine_tune=0, fine_tune_gamma=0.1, scheduler='Default', num_workers=4, accum_steps=1, gradient_clip_val=None, stage_1_epochs=0, stage_2_epochs=0, stage_3_epochs=0, physics_weight_schedule='cosine', stage_3_lr_factor=0.1, torch_loss_mode='poisson', experiment_name='Synthetic_Runs', notes='', model_name='PtychoPINNv2', output_dir='/tmp/factory_test_ob88f268', train_data_file='/tmp/pytest-of-ollie/pytest-184/test_epochs_to_nepochs_convers0/mock_train.npz', test_data_file=None, n_groups=512).epochs
E        +    where TrainingConfig(training_directories=[], nll=True, device='cuda', strategy='ddp', n_devices=1, framework='Lightning', orchestrator='Mlflow', learning_rate=0.001, epochs=50, batch_size=16, epochs_fine_tune=0, fine_tune_gamma=0.1, scheduler='Default', num_workers=4, accum_steps=1, gradient_clip_val=None, stage_1_epochs=0, stage_2_epochs=0, stage_3_epochs=0, physics_weight_schedule='cosine', stage_3_lr_factor=0.1, torch_loss_mode='poisson', experiment_name='Synthetic_Runs', notes='', model_name='PtychoPINNv2', output_dir='/tmp/factory_test_ob88f268', train_data_file='/tmp/pytest-of-ollie/pytest-184/test_epochs_to_nepochs_convers0/mock_train.npz', test_data_file=None, n_groups=512) = TrainingPayload(tf_training_config=TrainingConfig(model=ModelConfig(N=64, gridsize=2, n_filters_scale=2, model_type='pinn', architecture='cnn', amp_activation='swish', object_big=False, probe_big=True, probe_mask=False, pad_object=True, probe_scale=1.0, gaussian_smoothing_sigma=0.0), train_data_file=PosixPath('/tmp/pytest-of-ollie/pytest-184/test_epochs_to_nepochs_convers0/mock_train.npz'), test_data_file=None, batch_size=16, nepochs=50, mae_weight=0.0, nll_weight=1.0, realspace_mae_weight=0.0, realspace_weight=0.0, nphotons=100000.0, n_groups=512, n_images=None, n_subsample=None, subsample_seed=None, neighbor_count=6, enable_oversampling=False, neighbor_pool_size=None, positions_provided=True, probe_trainable=False, intensity_scale_trainable=False, output_dir=PosixPath('/tmp/factory_test_ob88f268'), sequential_sampling=False, backend='pytorch', torch_loss_mode='poisson'), pt_data_config=DataConfig(nphotons=100000.0, N=64, C=4, K=6, K_quadrant=30, n_subsample=7, subsample_seed=None, grid_size=(2, 2), neighbor_function='Nearest', min_neighbor_distance=0.0, max_neighbor_distance=3.0, scan_pattern='Isotropic', normalize='Batch', probe_scale=1.0, probe_normalize=True, data_scaling='P...fault', num_workers=4, accum_steps=1, gradient_clip_val=None, stage_1_epochs=0, stage_2_epochs=0, stage_3_epochs=0, physics_weight_schedule='cosine', stage_3_lr_factor=0.1, torch_loss_mode='poisson', experiment_name='Synthetic_Runs', notes='', model_name='PtychoPINNv2', output_dir='/tmp/factory_test_ob88f268', train_data_file='/tmp/pytest-of-ollie/pytest-184/test_epochs_to_nepochs_convers0/mock_train.npz', test_data_file=None, n_groups=512), execution_config=PyTorchExecutionConfig(accelerator='cuda', strategy='auto', deterministic=True, gradient_clip_val=None, accum_steps=1, num_workers=0, pin_memory=False, persistent_workers=False, prefetch_factor=None, learning_rate=0.001, scheduler='Default', enable_progress_bar=False, enable_checkpointing=True, checkpoint_save_top_k=1, checkpoint_monitor_metric='val_loss', checkpoint_mode='min', early_stop_patience=100, logger_backend='csv', inference_batch_size=None, middle_trim=0, pad_eval=False), overrides_applied={'n_groups': 512, 'max_epochs': 20, 'N': 64, 'accelerator': 'cuda', 'deterministic': True, 'num_workers': 0, 'enable_progress_bar': False, 'learning_rate': 0.001, 'scheduler': 'Default', 'accum_steps': 1, 'logger_backend': 'csv'}).pt_training_config

tests/torch/test_config_factory.py:324: AssertionError
_______ TestConfigBridgeTranslation.test_k_to_neighbor_count_conversion ________

self = <test_config_factory.TestConfigBridgeTranslation object at 0x7d5401199f50>
mock_train_npz = PosixPath('/tmp/pytest-of-ollie/pytest-184/test_k_to_neighbor_count_conve0/mock_train.npz')
temp_output_dir = PosixPath('/tmp/factory_test_x9ypx0ow')

    def test_k_to_neighbor_count_conversion(self, mock_train_npz, temp_output_dir):
        """Factory maps K → neighbor_count via bridge."""
        payload = create_training_payload(
            train_data_file=mock_train_npz,
            output_dir=temp_output_dir,
            overrides={'n_groups': 512, 'neighbor_count': 7},
        )
        # GREEN phase assertions:
>       assert payload.pt_data_config.K == 7  # PyTorch K
        ^^^^^^^^^^^^^^^^^^^^^^^^^^^^^^^^^^^^
E       AssertionError: assert 6 == 7
E        +  where 6 = DataConfig(nphotons=100000.0, N=64, C=4, K=6, K_quadrant=30, n_subsample=7, subsample_seed=None, grid_size=(2, 2), neighbor_function='Nearest', min_neighbor_distance=0.0, max_neighbor_distance=3.0, scan_pattern='Isotropic', normalize='Batch', probe_scale=1.0, probe_normalize=True, data_scaling='Parseval', phase_subtraction=True, x_bounds=(0.1, 0.9), y_bounds=(0.1, 0.9)).K
E        +    where DataConfig(nphotons=100000.0, N=64, C=4, K=6, K_quadrant=30, n_subsample=7, subsample_seed=None, grid_size=(2, 2), neighbor_function='Nearest', min_neighbor_distance=0.0, max_neighbor_distance=3.0, scan_pattern='Isotropic', normalize='Batch', probe_scale=1.0, probe_normalize=True, data_scaling='Parseval', phase_subtraction=True, x_bounds=(0.1, 0.9), y_bounds=(0.1, 0.9)) = TrainingPayload(tf_training_config=TrainingConfig(model=ModelConfig(N=64, gridsize=2, n_filters_scale=2, model_type='pinn', architecture='cnn', amp_activation='swish', object_big=False, probe_big=True, probe_mask=False, pad_object=True, probe_scale=1.0, gaussian_smoothing_sigma=0.0), train_data_file=PosixPath('/tmp/pytest-of-ollie/pytest-184/test_k_to_neighbor_count_conve0/mock_train.npz'), test_data_file=None, batch_size=16, nepochs=50, mae_weight=0.0, nll_weight=1.0, realspace_mae_weight=0.0, realspace_weight=0.0, nphotons=100000.0, n_groups=512, n_images=None, n_subsample=None, subsample_seed=None, neighbor_count=6, enable_oversampling=False, neighbor_pool_size=None, positions_provided=True, probe_trainable=False, intensity_scale_trainable=False, output_dir=PosixPath('/tmp/factory_test_x9ypx0ow'), sequential_sampling=False, backend='pytorch', torch_loss_mode='poisson'), pt_data_config=DataConfig(nphotons=100000.0, N=64, C=4, K=6, K_quadrant=30, n_subsample=7, subsample_seed=None, grid_size=(2, 2), neighbor_function='Nearest', min_neighbor_distance=0.0, max_neighbor_distance=3.0, scan_pattern='Isotropic', normalize='Batch', probe_scale=1.0, probe_normalize=True, data_scaling='P...lt', num_workers=4, accum_steps=1, gradient_clip_val=None, stage_1_epochs=0, stage_2_epochs=0, stage_3_epochs=0, physics_weight_schedule='cosine', stage_3_lr_factor=0.1, torch_loss_mode='poisson', experiment_name='Synthetic_Runs', notes='', model_name='PtychoPINNv2', output_dir='/tmp/factory_test_x9ypx0ow', train_data_file='/tmp/pytest-of-ollie/pytest-184/test_k_to_neighbor_count_conve0/mock_train.npz', test_data_file=None, n_groups=512), execution_config=PyTorchExecutionConfig(accelerator='cuda', strategy='auto', deterministic=True, gradient_clip_val=None, accum_steps=1, num_workers=0, pin_memory=False, persistent_workers=False, prefetch_factor=None, learning_rate=0.001, scheduler='Default', enable_progress_bar=False, enable_checkpointing=True, checkpoint_save_top_k=1, checkpoint_monitor_metric='val_loss', checkpoint_mode='min', early_stop_patience=100, logger_backend='csv', inference_batch_size=None, middle_trim=0, pad_eval=False), overrides_applied={'n_groups': 512, 'neighbor_count': 7, 'N': 64, 'accelerator': 'cuda', 'deterministic': True, 'num_workers': 0, 'enable_progress_bar': False, 'learning_rate': 0.001, 'scheduler': 'Default', 'accum_steps': 1, 'logger_backend': 'csv'}).pt_data_config

tests/torch/test_config_factory.py:335: AssertionError
_____ TestDataloaderCanonicalKeySupport.test_backward_compat_legacy_diff3d _____

self = <test_dataloader.TestDataloaderCanonicalKeySupport testMethod=test_backward_compat_legacy_diff3d>

    def test_backward_compat_legacy_diff3d(self):
        """
        Test dataloader maintains backward compatibility with legacy 'diff3d' key.
    
        Should pass in both red and green phases (legacy fallback required).
        """
        # Arrange
        from ptycho_torch.dataloader import npz_headers
    
        legacy_npz = self._create_minimal_npz("legacy_dataset.npz", use_canonical_key=False)
    
        # Act & Assert
        try:
>           shape, xcoords, ycoords = npz_headers(legacy_npz)
                                      ^^^^^^^^^^^^^^^^^^^^^^^

tests/torch/test_dataloader.py:139: 
_ _ _ _ _ _ _ _ _ _ _ _ _ _ _ _ _ _ _ _ _ _ _ _ _ _ _ _ _ _ _ _ _ _ _ _ _ _ _ _ 

npz = PosixPath('/tmp/tmp6w61z6lr/legacy_dataset.npz')

    def npz_headers(npz):
        """
        Takes a path to an .npz file, which is a Zip archive of .npy files.
        We can use this to determine shape of the scan tensor in the npz file without loading it
        This will be useful in the __len__ method for the dataset
    
        Prefers canonical 'diffraction' key per DATA-001 spec (specs/data_contracts.md),
        with graceful fallback to legacy 'diff3d' key for backward compatibility.
    
        Taken from: https://stackoverflow.com/questions/68224572/how-to-determine-the-shape-size-of-npz-file
        Modified to quickly grab dimension we care about
        """
        with zipfile.ZipFile(npz) as archive:
            npy_header_found = False
            diffraction_shape = None
            xcoords = None
            ycoords = None
    
            # First pass: try canonical 'diffraction' key (DATA-001 spec)
            for name in archive.namelist():
                if name.startswith('diffraction') and name.endswith('.npy'):
                    npy = archive.open(name)
                    version = np.lib.format.read_magic(npy)
                    shape, _, _ = np.lib.format._read_array_header(npy, version)
                    diffraction_shape = shape
                    npy_header_found = True
                    break
    
            # Fallback: try legacy 'diff3d' key for backward compatibility
            if not npy_header_found:
                for name in archive.namelist():
                    if name.startswith('diff3d') and name.endswith('.npy'):
                        npy = archive.open(name)
                        version = np.lib.format.read_magic(npy)
>                       shape, _, _ = np.lib.format._read_array_header(npy, version)
                                      ^^^^^^^^^^^^^^^^^^^^^^^^^^^^^^^^
E                       AttributeError: module 'numpy.lib.format' has no attribute '_read_array_header'

ptycho_torch/dataloader.py:63: AttributeError
______ TestDataloaderCanonicalKeySupport.test_loads_canonical_diffraction ______

self = <test_dataloader.TestDataloaderCanonicalKeySupport testMethod=test_loads_canonical_diffraction>

    def test_loads_canonical_diffraction(self):
        """
        Test dataloader can load NPZ files with canonical 'diffraction' key.
    
        Red Phase: Expected to fail because npz_headers() only searches for 'diff3d'.
        Green Phase: Should pass after implementing canonical key preference.
        """
        # Arrange
        from ptycho_torch.dataloader import npz_headers
    
        canonical_npz = self._create_minimal_npz("canonical_dataset.npz", use_canonical_key=True)
    
        # Act & Assert
        try:
>           shape, xcoords, ycoords = npz_headers(canonical_npz)
                                      ^^^^^^^^^^^^^^^^^^^^^^^^^^

tests/torch/test_dataloader.py:108: 
_ _ _ _ _ _ _ _ _ _ _ _ _ _ _ _ _ _ _ _ _ _ _ _ _ _ _ _ _ _ _ _ _ _ _ _ _ _ _ _ 

npz = PosixPath('/tmp/tmp89j5__7n/canonical_dataset.npz')

    def npz_headers(npz):
        """
        Takes a path to an .npz file, which is a Zip archive of .npy files.
        We can use this to determine shape of the scan tensor in the npz file without loading it
        This will be useful in the __len__ method for the dataset
    
        Prefers canonical 'diffraction' key per DATA-001 spec (specs/data_contracts.md),
        with graceful fallback to legacy 'diff3d' key for backward compatibility.
    
        Taken from: https://stackoverflow.com/questions/68224572/how-to-determine-the-shape-size-of-npz-file
        Modified to quickly grab dimension we care about
        """
        with zipfile.ZipFile(npz) as archive:
            npy_header_found = False
            diffraction_shape = None
            xcoords = None
            ycoords = None
    
            # First pass: try canonical 'diffraction' key (DATA-001 spec)
            for name in archive.namelist():
                if name.startswith('diffraction') and name.endswith('.npy'):
                    npy = archive.open(name)
                    version = np.lib.format.read_magic(npy)
>                   shape, _, _ = np.lib.format._read_array_header(npy, version)
                                  ^^^^^^^^^^^^^^^^^^^^^^^^^^^^^^^^
E                   AttributeError: module 'numpy.lib.format' has no attribute '_read_array_header'

ptycho_torch/dataloader.py:52: AttributeError
___ TestDataloaderFormatAutoTranspose.test_npz_headers_also_transposes_shape ___

self = <test_dataloader.TestDataloaderFormatAutoTranspose testMethod=test_npz_headers_also_transposes_shape>

    def test_npz_headers_also_transposes_shape(self):
        """
        Test that npz_headers() returns transposed shape for legacy format.
    
        This is CRITICAL because npz_headers() is used to pre-allocate memory maps.
        If the shape isn't transposed here, the memory map will have wrong dimensions
        even if _get_diffraction_stack() transposes the data.
    
        Regression test for the RuntimeError: tensor size mismatch during assignment.
        """
        # Arrange: Create NPZ with legacy (H, W, N) format
        from ptycho_torch.dataloader import npz_headers
    
        H, W, N = 64, 64, 1087
        legacy_diffraction = np.random.rand(H, W, N).astype(np.float32)
        xcoords = np.random.rand(N).astype(np.float64) * 100
        ycoords = np.random.rand(N).astype(np.float64) * 100
    
        npz_path = self.data_path / "legacy_for_headers.npz"
        np.savez(str(npz_path), diffraction=legacy_diffraction, xcoords=xcoords, ycoords=ycoords)
    
        # Act
>       shape, coords_x, coords_y = npz_headers(npz_path)
                                    ^^^^^^^^^^^^^^^^^^^^^

tests/torch/test_dataloader.py:357: 
_ _ _ _ _ _ _ _ _ _ _ _ _ _ _ _ _ _ _ _ _ _ _ _ _ _ _ _ _ _ _ _ _ _ _ _ _ _ _ _ 

npz = PosixPath('/tmp/tmpmx_q49gv/legacy_for_headers.npz')

    def npz_headers(npz):
        """
        Takes a path to an .npz file, which is a Zip archive of .npy files.
        We can use this to determine shape of the scan tensor in the npz file without loading it
        This will be useful in the __len__ method for the dataset
    
        Prefers canonical 'diffraction' key per DATA-001 spec (specs/data_contracts.md),
        with graceful fallback to legacy 'diff3d' key for backward compatibility.
    
        Taken from: https://stackoverflow.com/questions/68224572/how-to-determine-the-shape-size-of-npz-file
        Modified to quickly grab dimension we care about
        """
        with zipfile.ZipFile(npz) as archive:
            npy_header_found = False
            diffraction_shape = None
            xcoords = None
            ycoords = None
    
            # First pass: try canonical 'diffraction' key (DATA-001 spec)
            for name in archive.namelist():
                if name.startswith('diffraction') and name.endswith('.npy'):
                    npy = archive.open(name)
                    version = np.lib.format.read_magic(npy)
>                   shape, _, _ = np.lib.format._read_array_header(npy, version)
                                  ^^^^^^^^^^^^^^^^^^^^^^^^^^^^^^^^
E                   AttributeError: module 'numpy.lib.format' has no attribute '_read_array_header'

ptycho_torch/dataloader.py:52: AttributeError
______________________ test_bundle_loader_returns_modules ______________________

tmp_path = PosixPath('/tmp/pytest-of-ollie/pytest-184/test_bundle_loader_returns_mod0')
data_file = PosixPath('/home/ollie/Documents/tmp/PtychoPINN/tests/fixtures/pytorch_integration/minimal_dataset_v1.npz')
cuda_gpu_env = {'CLAUDECODE': '1', 'CLAUDE_CODE_ENTRYPOINT': 'cli', 'CONDA_DEFAULT_ENV': 'ptycho311', 'CONDA_EXE': '/home/ollie/miniconda3/bin/conda', ...}

    def test_bundle_loader_returns_modules(tmp_path, data_file, cuda_gpu_env):
        """
        Regression test: bundle loader must return Lightning modules, not dicts.
    
        Phase C4.D.B4: This test validates that load_inference_bundle_torch returns
        nn.Module instances that support .eval(), not sentinel dicts. The bug was
        discovered during integration testing when inference.py raised AttributeError
        on models_dict['diffraction_to_obj'].eval().
    
        Test Strategy (TDD RED phase):
        1. Train a minimal model and save bundle
        2. Load bundle via load_inference_bundle_torch
        3. Assert both models in dict are torch.nn.Module instances
        4. Assert models support .eval() without AttributeError
    
        Expected Failure: Currently returns sentinel dict for autoencoder.
        """
        import torch.nn as nn
        from ptycho_torch.workflows.components import load_inference_bundle_torch
    
        # Setup: Train and save a bundle (reuse training command from integration test)
        training_output_dir = tmp_path / "training_outputs"
        train_command = [
            sys.executable, "-m", "ptycho_torch.train",
            "--train_data_file", str(data_file),
            "--test_data_file", str(data_file),
            "--output_dir", str(training_output_dir),
            "--max_epochs", "1",  # Minimal training for faster test
            "--n_images", "32",
            "--gridsize", "1",
            "--batch_size", "4",
            "--accelerator", "cuda",
            "--disable_mlflow",
        ]
    
        train_result = subprocess.run(
            train_command, capture_output=True, text=True, env=cuda_gpu_env, check=False
        )
    
        if train_result.returncode != 0:
>           pytest.fail(f"Training failed:\n{train_result.stderr}")
E           Failed: Training failed:
E           2026-01-26 21:39:07.776720: E external/local_xla/xla/stream_executor/cuda/cuda_fft.cc:467] Unable to register cuFFT factory: Attempting to register factory for plugin cuFFT when one has already been registered
E           WARNING: All log messages before absl::InitializeLog() is called are written to STDERR
E           E0000 00:00:1769492347.789801 4031865 cuda_dnn.cc:8579] Unable to register cuDNN factory: Attempting to register factory for plugin cuDNN when one has already been registered
E           E0000 00:00:1769492347.793901 4031865 cuda_blas.cc:1407] Unable to register cuBLAS factory: Attempting to register factory for plugin cuBLAS when one has already been registered
E           W0000 00:00:1769492347.805435 4031865 computation_placer.cc:177] computation placer already registered. Please check linkage and avoid linking the same target more than once.
E           W0000 00:00:1769492347.805458 4031865 computation_placer.cc:177] computation placer already registered. Please check linkage and avoid linking the same target more than once.
E           W0000 00:00:1769492347.805459 4031865 computation_placer.cc:177] computation placer already registered. Please check linkage and avoid linking the same target more than once.
E           W0000 00:00:1769492347.805461 4031865 computation_placer.cc:177] computation placer already registered. Please check linkage and avoid linking the same target more than once.
E           2026-01-26 21:39:07.808254: I tensorflow/core/platform/cpu_feature_guard.cc:210] This TensorFlow binary is optimized to use available CPU instructions in performance-critical operations.
E           To enable the following instructions: AVX2 FMA, in other operations, rebuild TensorFlow with the appropriate compiler flags.

tests/torch/test_integration_workflow_torch.py:226: Failed
____________________ test_run_pytorch_train_save_load_infer ____________________

tmp_path = PosixPath('/tmp/pytest-of-ollie/pytest-184/test_run_pytorch_train_save_lo0')
data_file = PosixPath('/home/ollie/Documents/tmp/PtychoPINN/tests/fixtures/pytorch_integration/minimal_dataset_v1.npz')
cuda_gpu_env = {'CLAUDECODE': '1', 'CLAUDE_CODE_ENTRYPOINT': 'cli', 'CONDA_DEFAULT_ENV': 'ptycho311', 'CONDA_EXE': '/home/ollie/miniconda3/bin/conda', ...}

    def test_run_pytorch_train_save_load_infer(tmp_path, data_file, cuda_gpu_env):
        """
        Tests the complete PyTorch train → save → load → infer workflow.
    
        This validates the PyTorch model persistence layer by simulating a real
        user workflow across separate processes, mirroring the TensorFlow integration test.
    
        Phase: C2 (GREEN)
        Behavior:
        1. Training subprocess creates Lightning checkpoint at checkpoints/last.ckpt
        2. Inference subprocess loads checkpoint and generates reconstructions
        3. Output images created in inference output directory
        4. Assertions verify artifact existence and non-empty file sizes
    
        Implementation: _run_pytorch_workflow executes train/infer via subprocess
        """
        # Execute complete workflow via subprocess helper (Phase C2 implementation)
>       result = _run_pytorch_workflow(tmp_path, data_file, cuda_gpu_env)
                 ^^^^^^^^^^^^^^^^^^^^^^^^^^^^^^^^^^^^^^^^^^^^^^^^^^^^^^^^

tests/torch/test_integration_workflow_torch.py:272: 
_ _ _ _ _ _ _ _ _ _ _ _ _ _ _ _ _ _ _ _ _ _ _ _ _ _ _ _ _ _ _ _ _ _ _ _ _ _ _ _ 

tmp_path = PosixPath('/tmp/pytest-of-ollie/pytest-184/test_run_pytorch_train_save_lo0')
data_file = PosixPath('/home/ollie/Documents/tmp/PtychoPINN/tests/fixtures/pytorch_integration/minimal_dataset_v1.npz')
cuda_gpu_env = {'CLAUDECODE': '1', 'CLAUDE_CODE_ENTRYPOINT': 'cli', 'CONDA_DEFAULT_ENV': 'ptycho311', 'CONDA_EXE': '/home/ollie/miniconda3/bin/conda', ...}

    def _run_pytorch_workflow(tmp_path, data_file, cuda_gpu_env):
        """
        Execute PyTorch train→save→load→infer workflow via subprocess calls.
    
        Parameters:
            tmp_path: pytest tmp_path fixture for output directories
            data_file: Path to NPZ dataset
            cuda_gpu_env: Environment dict with CUDA_VISIBLE_DEVICES="0"
    
        Returns:
            SimpleNamespace with:
                - training_output_dir: Path to training outputs
                - inference_output_dir: Path to inference outputs
                - checkpoint_path: Path to Lightning checkpoint
                - recon_amp_path: Path to amplitude reconstruction PNG
                - recon_phase_path: Path to phase reconstruction PNG
    
        Raises:
            RuntimeError: If training or inference subprocess fails
    
        Phase: C2 (GREEN)
        Implementation: Ported from legacy unittest harness with subprocess commands
        """
        from types import SimpleNamespace
    
        # Define output paths
        training_output_dir = tmp_path / "training_outputs"
        inference_output_dir = tmp_path / "pytorch_output"
    
        # --- 1. Training Step (PyTorch) ---
        # CLI parameters aligned with Phase B1 scope (fixture n_subset=64, deterministic config)
        # Preserves CONFIG-001 ordering per docs/workflows/pytorch.md §12
        train_command = [
            sys.executable, "-m", "ptycho_torch.train",
            "--train_data_file", str(data_file),
            "--test_data_file", str(data_file),
            "--output_dir", str(training_output_dir),
            "--max_epochs", "2",  # Aligned with Phase B1 runtime budget (<45s)
            "--n_images", "64",   # Matches fixture subset size
            "--gridsize", "1",
            "--batch_size", "4",
            "--accelerator", "cuda",  # Deterministic single-GPU execution per cuda_gpu_env fixture
            "--disable_mlflow",
        ]
    
        train_result = subprocess.run(
            train_command,
            capture_output=True,
            text=True,
            env=cuda_gpu_env,
            check=False
        )
    
        if train_result.returncode != 0:
>           raise RuntimeError(
                f"PyTorch training failed with return code {train_result.returncode}\n"
                f"STDOUT:\n{train_result.stdout}\n"
                f"STDERR:\n{train_result.stderr}"
            )
E           RuntimeError: PyTorch training failed with return code 1
E           STDOUT:
E           Using new CLI interface with factory-based config (ADR-003)
E           ERROR: Training data file not found: /home/ollie/Documents/tmp/PtychoPINN/tests/fixtures/pytorch_integration/minimal_dataset_v1.npz
E           
E           STDERR:
E           2026-01-26 21:39:15.401719: E external/local_xla/xla/stream_executor/cuda/cuda_fft.cc:467] Unable to register cuFFT factory: Attempting to register factory for plugin cuFFT when one has already been registered
E           WARNING: All log messages before absl::InitializeLog() is called are written to STDERR
E           E0000 00:00:1769492355.414734 4032139 cuda_dnn.cc:8579] Unable to register cuDNN factory: Attempting to register factory for plugin cuDNN when one has already been registered
E           E0000 00:00:1769492355.418723 4032139 cuda_blas.cc:1407] Unable to register cuBLAS factory: Attempting to register factory for plugin cuBLAS when one has already been registered
E           W0000 00:00:1769492355.430275 4032139 computation_placer.cc:177] computation placer already registered. Please check linkage and avoid linking the same target more than once.
E           W0000 00:00:1769492355.430301 4032139 computation_placer.cc:177] computation placer already registered. Please check linkage and avoid linking the same target more than once.
E           W0000 00:00:1769492355.430302 4032139 computation_placer.cc:177] computation placer already registered. Please check linkage and avoid linking the same target more than once.
E           W0000 00:00:1769492355.430304 4032139 computation_placer.cc:177] computation placer already registered. Please check linkage and avoid linking the same target more than once.
E           2026-01-26 21:39:15.433143: I tensorflow/core/platform/cpu_feature_guard.cc:210] This TensorFlow binary is optimized to use available CPU instructions in performance-critical operations.
E           To enable the following instructions: AVX2 FMA, in other operations, rebuild TensorFlow with the appropriate compiler flags.

tests/torch/test_integration_workflow_torch.py:130: RuntimeError
_________________ test_poisson_loss_mode_logs_poisson_metrics __________________

    @pytest.mark.torch
    def test_poisson_loss_mode_logs_poisson_metrics():
        module = _build_stub_module('poisson')
        batch = _make_stub_batch()
>       module.compute_loss(batch)

tests/torch/test_loss_modes.py:61: 
_ _ _ _ _ _ _ _ _ _ _ _ _ _ _ _ _ _ _ _ _ _ _ _ _ _ _ _ _ _ _ _ _ _ _ _ _ _ _ _ 

self = _LoggingCaptureModule(
  (model): PtychoPINN(
    (autoencoder): Autoencoder(
      (encoder): Encoder(
        (block...  (probe_illumination): ProbeIllumination()
      (pad_and_diffract): LambdaLayer()
    )
  )
  (Loss): PoissonLoss()
)
batch = ({'coords_relative': tensor([[[[0.]]],


        [[[0.]]]]), 'images': tensor([[[[1., 1., 1.,  ..., 1., 1., 1.],
     ...  ..., 1.+0.j, 1.+0.j, 1.+0.j],
          [1.+0.j, 1.+0.j, 1.+0.j,  ..., 1.+0.j, 1.+0.j, 1.+0.j]]]]), tensor([1., 1.]))

    def compute_loss(self, batch):
        """
        Enhanced loss computation supporting multi-stage training
        """
        # Grab required data fields from TensorDict
        x = batch[0]['images']
        positions = batch[0]['coords_relative']
        probe = batch[1]
        rms_scale = batch[0]['rms_scaling_constant']  # RMS scaling
[...]
        except ImportError:
            pytest.skip("Lightning not available")
    
        # Create execution config with custom accumulation
        exec_config = PyTorchExecutionConfig(
            accum_steps=4,  # Override default (1)
            accelerator='cpu',
            deterministic=True,
            num_workers=0,
            enable_checkpointing=False,  # Disable callbacks for simpler mocking
        )
    
        # Mock Trainer to spy on kwargs
        mock_trainer_cls = MagicMock(spec=L.Trainer)
        mock_trainer_instance = MagicMock()
        mock_trainer_cls.return_value = mock_trainer_instance
    
        # Mock data containers
        mock_train_container = MagicMock()
        mock_test_container = MagicMock()
    
        from ptycho_torch.workflows.components import _train_with_lightning
    
        # Patch Trainer at import site
        with patch('lightning.pytorch.Trainer', mock_trainer_cls):
            try:
                _train_with_lightning(
                    train_container=mock_train_container,
                    test_container=mock_test_container,
                    config=minimal_training_config_with_val,
                    execution_config=exec_config,
                )
            except Exception:
                pass  # May fail during training; we only care about Trainer instantiation
    
        # GREEN Phase Assertion:
        # Trainer should receive accumulate_grad_batches from execution_config.accum_steps
>       assert mock_trainer_cls.called, "Trainer not instantiated"
E       AssertionError: Trainer not instantiated
E       assert False
E        +  where False = <MagicMock spec='Trainer' id='137798658496272'>.called

tests/torch/test_workflows_components.py:3137: AssertionError
----------------------------- Captured stdout call -----------------------------
Decoder Block 1: No attention module added.
Decoder Block 2: No attention module added.
Decoder Block 1: No attention module added.
Decoder Block 2: No attention module added.
----------------------------- Captured stderr call -----------------------------
INFO: Seed set to 42
------------------------------ Captured log call -------------------------------
INFO     lightning.fabric.utilities.seed:seed.py:57 Seed set to 42
=============================== warnings summary ===============================
tests/torch/test_cli_train_torch.py::TestExecutionConfigCLI::test_num_workers_flag_roundtrip
  /home/ollie/Documents/tmp/PtychoPINN/ptycho_torch/train.py:801: UserWarning: Deterministic mode with num_workers=4 may cause performance degradation. Consider setting --num-workers 0 for reproducibility.
    execution_config = build_execution_config_from_args(args, mode='training')

tests/torch/test_cli_train_torch.py::TestExecutionConfigCLI::test_bundle_persistence
  /home/ollie/Documents/tmp/PtychoPINN/ptycho_torch/config_factory.py:553: UserWarning: Error reading probeGuess from /tmp/pytest-of-ollie/pytest-184/test_bundle_persistence0/train.npz: No data left in file. Using fallback N=64.
    warnings.warn(

tests/torch/test_cli_train_torch.py: 1 warning
tests/torch/test_config_factory.py: 22 warnings
tests/torch/test_fno_lightning_integration.py: 1 warning
tests/torch/test_patch_stats_cli.py: 2 warnings
tests/torch/test_workflows_components.py: 12 warnings
  /home/ollie/Documents/tmp/PtychoPINN/ptycho_torch/config_factory.py:255: UserWarning: test_data_file not provided in TrainingConfig overrides. Evaluation workflows require test_data_file to be set during inference update. Consider providing: overrides=dict(..., test_data_file=Path('test.npz'))
    tf_training_config = to_training_config(

tests/torch/test_cli_train_torch.py: 1 warning
tests/torch/test_config_factory.py: 25 warnings
tests/torch/test_fno_lightning_integration.py: 1 warning
tests/torch/test_patch_stats_cli.py: 2 warnings
tests/torch/test_workflows_components.py: 12 warnings
  /home/ollie/Documents/tmp/PtychoPINN/ptycho_torch/config_factory.py:614: UserWarning: params.cfg already populated. Set force=True to overwrite existing values.
    warnings.warn(

tests/torch/test_config_bridge.py::TestConfigBridgeMVP::test_mvp_config_bridge_populates_params_cfg
  /home/ollie/Documents/tmp/PtychoPINN/tests/torch/test_config_bridge.py:100: UserWarning: test_data_file not provided in TrainingConfig overrides. Evaluation workflows require test_data_file to be set during inference update. Consider providing: overrides=dict(..., test_data_file=Path('test.npz'))
    spec_train = config_bridge.to_training_config(

tests/torch/test_config_bridge.py::TestConfigBridgeParity::test_training_config_direct_fields[batch_size-direct]
  /home/ollie/Documents/tmp/PtychoPINN/tests/torch/test_config_bridge.py:235: UserWarning: test_data_file not provided in TrainingConfig overrides. Evaluation workflows require test_data_file to be set during inference update. Consider providing: overrides=dict(..., test_data_file=Path('test.npz'))
    tf_train = config_bridge.to_training_config(

tests/torch/test_config_bridge.py::TestConfigBridgeParity::test_training_config_transform_fields[nepochs-rename]
tests/torch/test_config_bridge.py::TestConfigBridgeParity::test_training_config_transform_fields[nll_weight-true]
tests/torch/test_config_bridge.py::TestConfigBridgeParity::test_training_config_transform_fields[nll_weight-false]
  /home/ollie/Documents/tmp/PtychoPINN/tests/torch/test_config_bridge.py:298: UserWarning: test_data_file not provided in TrainingConfig overrides. Evaluation workflows require test_data_file to be set during inference update. Consider providing: overrides=dict(..., test_data_file=Path('test.npz'))
    tf_train = config_bridge.to_training_config(

tests/torch/test_config_bridge.py::TestConfigBridgeParity::test_training_config_override_fields[mae_weight-default]
tests/torch/test_config_bridge.py::TestConfigBridgeParity::test_training_config_override_fields[mae_weight-override]
tests/torch/test_config_bridge.py::TestConfigBridgeParity::test_training_config_override_fields[realspace_mae_weight-default]
tests/torch/test_config_bridge.py::TestConfigBridgeParity::test_training_config_override_fields[realspace_weight-default]
tests/torch/test_config_bridge.py::TestConfigBridgeParity::test_training_config_override_fields[positions_provided-default]
tests/torch/test_config_bridge.py::TestConfigBridgeParity::test_training_config_override_fields[probe_trainable-default]
tests/torch/test_config_bridge.py::TestConfigBridgeParity::test_training_config_override_fields[sequential_sampling-default]
  /home/ollie/Documents/tmp/PtychoPINN/tests/torch/test_config_bridge.py:367: UserWarning: test_data_file not provided in TrainingConfig overrides. Evaluation workflows require test_data_file to be set during inference update. Consider providing: overrides=dict(..., test_data_file=Path('test.npz'))
    tf_train = config_bridge.to_training_config(

tests/torch/test_config_bridge.py::TestConfigBridgeParity::test_default_divergence_detection[nphotons-divergence]
  /home/ollie/Documents/tmp/PtychoPINN/tests/torch/test_config_bridge.py:494: UserWarning: test_data_file not provided in TrainingConfig overrides. Evaluation workflows require test_data_file to be set during inference update. Consider providing: overrides=dict(..., test_data_file=Path('test.npz'))
    tf_train = config_bridge.to_training_config(

tests/torch/test_config_bridge.py::TestConfigBridgeParity::test_train_data_file_required_error
  /home/ollie/Documents/tmp/PtychoPINN/tests/torch/test_config_bridge.py:576: UserWarning: test_data_file not provided in TrainingConfig overrides. Evaluation workflows require test_data_file to be set during inference update. Consider providing: overrides=dict(..., test_data_file=Path('test.npz'))
    config_bridge.to_training_config(

tests/torch/test_config_bridge.py::TestConfigBridgeParity::test_nphotons_override_passes_validation
  /home/ollie/Documents/tmp/PtychoPINN/tests/torch/test_config_bridge.py:667: UserWarning: test_data_file not provided in TrainingConfig overrides. Evaluation workflows require test_data_file to be set during inference update. Consider providing: overrides=dict(..., test_data_file=Path('test.npz'))
    tf_train = config_bridge.to_training_config(

tests/torch/test_config_bridge.py::TestConfigBridgeParity::test_training_config_n_subsample_missing_override_uses_none
  /home/ollie/Documents/tmp/PtychoPINN/tests/torch/test_config_bridge.py:708: UserWarning: test_data_file not provided in TrainingConfig overrides. Evaluation workflows require test_data_file to be set during inference update. Consider providing: overrides=dict(..., test_data_file=Path('test.npz'))
    tf_train = config_bridge.to_training_config(

tests/torch/test_config_bridge.py::TestConfigBridgeParity::test_training_config_n_subsample_explicit_override
  /home/ollie/Documents/tmp/PtychoPINN/tests/torch/test_config_bridge.py:743: UserWarning: test_data_file not provided in TrainingConfig overrides. Evaluation workflows require test_data_file to be set during inference update. Consider providing: overrides=dict(..., test_data_file=Path('test.npz'))
    tf_train = config_bridge.to_training_config(

tests/torch/test_config_bridge.py::TestConfigBridgeParity::test_training_config_subsample_seed_from_dataconfig
  /home/ollie/Documents/tmp/PtychoPINN/tests/torch/test_config_bridge.py:854: UserWarning: test_data_file not provided in TrainingConfig overrides. Evaluation workflows require test_data_file to be set during inference update. Consider providing: overrides=dict(..., test_data_file=Path('test.npz'))
    tf_train = config_bridge.to_training_config(

tests/torch/test_config_bridge.py::TestConfigBridgeParity::test_training_config_subsample_seed_override
  /home/ollie/Documents/tmp/PtychoPINN/tests/torch/test_config_bridge.py:883: UserWarning: test_data_file not provided in TrainingConfig overrides. Evaluation workflows require test_data_file to be set during inference update. Consider providing: overrides=dict(..., test_data_file=Path('test.npz'))
    tf_train = config_bridge.to_training_config(

tests/torch/test_config_factory.py::TestProbeSizeInference::test_infer_probe_size_missing_file_fallback
  /home/ollie/Documents/tmp/PtychoPINN/ptycho_torch/config_factory.py:547: UserWarning: Data file /nonexistent/data.npz not found. Using fallback N=64.
    warnings.warn(

tests/torch/test_fno_lightning_integration.py::test_train_history_collects_epochs
  /home/ollie/miniconda3/envs/ptycho311/lib/python3.11/site-packages/lightning/pytorch/trainer/configuration_validator.py:70: You defined a `validation_step` but have no `val_dataloader`. Skipping val loop.

tests/torch/test_fno_lightning_integration.py::test_train_history_collects_epochs
tests/torch/test_workflows_components.py::TestWorkflowsComponentsTraining::test_lightning_training_respects_gridsize
tests/torch/test_workflows_components.py::TestTrainWithLightningRed::test_train_with_lightning_instantiates_module
  /home/ollie/miniconda3/envs/ptycho311/lib/python3.11/site-packages/lightning/pytorch/trainer/connectors/data_connector.py:433: The 'train_dataloader' does not have many workers which may be a bottleneck. Consider increasing the value of the `num_workers` argument` to `num_workers=31` in the `DataLoader` to improve performance.

tests/torch/test_fno_lightning_integration.py::test_train_history_collects_epochs
  /home/ollie/miniconda3/envs/ptycho311/lib/python3.11/site-packages/lightning/pytorch/core/module.py:520: You called `self.log('poisson_train_loss', ..., logger=True)` but have no logger configured. You can enable one by doing `Trainer(logger=ALogger(...))`

tests/torch/test_lightning_checkpoint.py::TestLightningCheckpointSerialization::test_checkpoint_contains_hyperparameters
tests/torch/test_lightning_checkpoint.py::TestLightningCheckpointSerialization::test_load_from_checkpoint_without_kwargs
tests/torch/test_lightning_checkpoint.py::TestLightningCheckpointSerialization::test_checkpoint_configs_are_serializable
  /home/ollie/miniconda3/envs/ptycho311/lib/python3.11/site-packages/lightning/pytorch/trainer/setup.py:177: GPU available but not used. You can set it by doing `Trainer(accelerator='gpu')`.

tests/torch/test_workflows_components.py::TestWorkflowsComponentsTraining::test_lightning_training_respects_gridsize
tests/torch/test_workflows_components.py::TestTrainWithLightningRed::test_train_with_lightning_instantiates_module
  /home/ollie/miniconda3/envs/ptycho311/lib/python3.11/site-packages/lightning/pytorch/callbacks/model_checkpoint.py:751: Checkpoint directory /home/ollie/Documents/tmp/PtychoPINN/training_outputs/checkpoints exists and is not empty.

tests/torch/test_workflows_components.py::TestWorkflowsComponentsTraining::test_lightning_training_respects_gridsize
  /home/ollie/miniconda3/envs/ptycho311/lib/python3.11/site-packages/lightning/pytorch/callbacks/model_checkpoint.py:467: `ModelCheckpoint(monitor='train_loss')` could not find the monitored key in the returned metrics: ['epoch', 'step']. HINT: Did you call `log('train_loss', value)` in the `LightningModule`?

-- Docs: https://docs.pytest.org/en/stable/how-to/capture-warnings.html
=========================== short test summary info ============================
SKIPPED [1] tests/torch/test_execution_config_defaults.py:162: Test requires CPU-only host to verify fallback warning
SKIPPED [1] tests/torch/test_fixture_pytorch_integration.py:73: Fixture not generated yet: /home/ollie/Documents/tmp/PtychoPINN/tests/fixtures/pytorch_integration/minimal_dataset_v1.npz. Expected during TDD RED phase (B2.B). Run scripts/tools/make_pytorch_integration_fixture.py to generate.
SKIPPED [1] tests/torch/test_fixture_pytorch_integration.py:95: Fixture not generated: /home/ollie/Documents/tmp/PtychoPINN/tests/fixtures/pytorch_integration/minimal_dataset_v1.npz
SKIPPED [1] tests/torch/test_fixture_pytorch_integration.py:157: Fixture not generated: /home/ollie/Documents/tmp/PtychoPINN/tests/fixtures/pytorch_integration/minimal_dataset_v1.npz
SKIPPED [1] tests/torch/test_fixture_pytorch_integration.py:180: Fixture or metadata missing
SKIPPED [1] tests/torch/test_fixture_pytorch_integration.py:224: Fixture not generated: /home/ollie/Documents/tmp/PtychoPINN/tests/fixtures/pytorch_integration/minimal_dataset_v1.npz
SKIPPED [1] tests/torch/test_fixture_pytorch_integration.py:267: Fixture not generated: /home/ollie/Documents/tmp/PtychoPINN/tests/fixtures/pytorch_integration/minimal_dataset_v1.npz
SKIPPED [1] tests/torch/test_fixture_pytorch_integration.py:303: Fixture not generated: /home/ollie/Documents/tmp/PtychoPINN/tests/fixtures/pytorch_integration/minimal_dataset_v1.npz
SKIPPED [1] tests/torch/test_fno_integration.py:97: neuraloperator not installed
SKIPPED [2] tests/torch/test_integration_workflow_torch.py: Migrated to pytest-native test_run_pytorch_train_save_load_infer
SKIPPED [1] tests/torch/test_tf_helper.py:64: torch tf_helper module not available
SKIPPED [1] tests/torch/test_tf_helper.py:57: torch tf_helper module not available
SKIPPED [1] tests/torch/test_tf_helper.py:74: torch tf_helper module not available - tests would fail
FAILED tests/torch/test_cli_inference_torch.py::TestInferenceCLI::test_accelerator_flag_roundtrip
FAILED tests/torch/test_cli_train_torch.py::TestPatchStatsCLI::test_patch_stats_dump
FAILED tests/torch/test_config_factory.py::TestTrainingPayloadStructure::test_gridsize_sets_channel_count
FAILED tests/torch/test_config_factory.py::TestConfigBridgeTranslation::test_epochs_to_nepochs_conversion
FAILED tests/torch/test_config_factory.py::TestConfigBridgeTranslation::test_k_to_neighbor_count_conversion
FAILED tests/torch/test_dataloader.py::TestDataloaderCanonicalKeySupport::test_backward_compat_legacy_diff3d
FAILED tests/torch/test_dataloader.py::TestDataloaderCanonicalKeySupport::test_loads_canonical_diffraction
FAILED tests/torch/test_dataloader.py::TestDataloaderFormatAutoTranspose::test_npz_headers_also_transposes_shape
FAILED tests/torch/test_integration_workflow_torch.py::test_bundle_loader_returns_modules
FAILED tests/torch/test_integration_workflow_torch.py::test_run_pytorch_train_save_load_infer
FAILED tests/torch/test_loss_modes.py::test_poisson_loss_mode_logs_poisson_metrics
FAILED tests/torch/test_loss_modes.py::test_mae_loss_mode_logs_mae_metrics_only
FAILED tests/torch/test_patch_stats_cli.py::TestPatchStatsCLI::test_patch_stats_flags_accepted
FAILED tests/torch/test_patch_stats_cli.py::TestPatchStatsCLI::test_patch_stats_default_disabled
FAILED tests/torch/test_patch_stats_cli.py::TestPatchStatsCLI::test_factory_creates_inference_config_with_patch_stats
FAILED tests/torch/test_patch_stats_cli.py::TestPatchStatsCLI::test_factory_inference_config_defaults
FAILED tests/torch/test_train_probe_size.py::TestNPZProbeSizeExtraction::test_infer_probe_size_128
FAILED tests/torch/test_train_probe_size.py::TestNPZProbeSizeExtraction::test_infer_probe_size_from_npz
FAILED tests/torch/test_train_probe_size.py::TestNPZProbeSizeExtraction::test_infer_probe_size_real_dataset
FAILED tests/torch/test_train_probe_size.py::TestNPZProbeSizeExtraction::test_infer_probe_size_rectangular
FAILED tests/torch/test_workflows_components.py::TestWorkflowsComponentsScaffold::test_run_cdi_example_calls_update_legacy_dict
FAILED tests/torch/test_workflows_components.py::TestWorkflowsComponentsTraining::test_train_cdi_model_torch_invokes_lightning
FAILED tests/torch/test_workflows_components.py::TestWorkflowsComponentsTraining::test_lightning_dataloader_tensor_dict_structure
FAILED tests/torch/test_workflows_components.py::TestWorkflowsComponentsTraining::test_lightning_poisson_count_contract
FAILED tests/torch/test_workflows_components.py::TestWorkflowsComponentsTraining::test_lightning_training_respects_gridsize
FAILED tests/torch/test_workflows_components.py::TestWorkflowsComponentsTraining::test_coords_relative_layout
FAILED tests/torch/test_workflows_components.py::TestWorkflowsComponentsRun::test_run_cdi_example_invokes_training
FAILED tests/torch/test_workflows_components.py::TestWorkflowsComponentsRun::test_run_cdi_example_persists_models
FAILED tests/torch/test_workflows_components.py::TestTrainWithLightningRed::test_train_with_lightning_runs_trainer_fit
FAILED tests/torch/test_workflows_components.py::TestTrainWithLightningRed::test_train_with_lightning_returns_models_dict
FAILED tests/torch/test_workflows_components.py::TestReassembleCdiImageTorchGreen::test_reassemble_cdi_image_torch_flip_transpose_contract[False-False-False]
FAILED tests/torch/test_workflows_components.py::TestReassembleCdiImageTorchGreen::test_reassemble_cdi_image_torch_flip_transpose_contract[True-False-False]
FAILED tests/torch/test_workflows_components.py::TestReassembleCdiImageTorchGreen::test_reassemble_cdi_image_torch_flip_transpose_contract[False-True-False]
FAILED tests/torch/test_workflows_components.py::TestReassembleCdiImageTorchGreen::test_reassemble_cdi_image_torch_flip_transpose_contract[False-False-True]
FAILED tests/torch/test_workflows_components.py::TestReassembleCdiImageTorchGreen::test_reassemble_cdi_image_torch_flip_transpose_contract[True-True-True]
FAILED tests/torch/test_workflows_components.py::TestReassembleCdiImageTorchGreen::test_run_cdi_example_torch_do_stitching_delegates_to_reassemble
FAILED tests/torch/test_workflows_components.py::TestReassembleCdiImageTorchGreen::test_reassemble_cdi_image_torch_return_contract
FAILED tests/torch/test_workflows_components.py::TestDecoderLastShapeParity::test_probe_big_shape_alignment
FAILED tests/torch/test_workflows_components.py::TestTrainWithLightningGreen::test_execution_config_overrides_trainer
FAILED tests/torch/test_workflows_components.py::TestTrainWithLightningGreen::test_execution_config_controls_determinism
FAILED tests/torch/test_workflows_components.py::TestLightningExecutionConfig::test_trainer_receives_accumulation
========== 41 failed, 223 passed, 14 skipped, 112 warnings in 48.96s ===========
