============================= test session starts ==============================
platform linux -- Python 3.11.13, pytest-8.4.1, pluggy-1.6.0 -- /home/ollie/miniconda3/envs/ptycho311/bin/python3.11
cachedir: .pytest_cache
PyTorch: available
PyTorch version: 2.8.0+cu128
rootdir: /home/ollie/Documents/PtychoPINN2
configfile: pyproject.toml
plugins: anyio-4.9.0
collecting ... collected 1 item

tests/torch/test_workflows_components.py::TestWorkflowsComponentsTraining::test_lightning_poisson_count_contract PASSED [100%]

=============================== warnings summary ===============================
tests/torch/test_workflows_components.py::TestWorkflowsComponentsTraining::test_lightning_poisson_count_contract
  /home/ollie/miniconda3/envs/ptycho311/lib/python3.11/site-packages/lightning/pytorch/core/module.py:449: You are trying to `self.log()` but the `self.trainer` reference is not registered on the model yet. This is most likely because the model hasn't been passed to the `Trainer`

-- Docs: https://docs.pytest.org/en/stable/how-to/capture-warnings.html
========================= 1 passed, 1 warning in 5.19s =========================
