============================= test session starts ==============================
platform linux -- Python 3.11.13, pytest-8.4.1, pluggy-1.6.0 -- /home/ollie/miniconda3/envs/ptycho311/bin/python3.11
cachedir: .pytest_cache
PyTorch: available
PyTorch version: 2.8.0+cu128
rootdir: /home/ollie/Documents/PtychoPINN2
configfile: pyproject.toml
plugins: anyio-4.9.0
collecting ... collected 0 items / 1 error

==================================== ERRORS ====================================
____________ ERROR collecting tests/torch/test_execution_config.py _____________
ImportError while importing test module '/home/ollie/Documents/PtychoPINN2/tests/torch/test_execution_config.py'.
Hint: make sure your test modules/packages have valid Python names.
Traceback:
../../miniconda3/envs/ptycho311/lib/python3.11/site-packages/_pytest/python.py:498: in importtestmodule
    mod = import_path(
../../miniconda3/envs/ptycho311/lib/python3.11/site-packages/_pytest/pathlib.py:587: in import_path
    importlib.import_module(module_name)
../../miniconda3/envs/ptycho311/lib/python3.11/importlib/__init__.py:126: in import_module
    return _bootstrap._gcd_import(name[level:], package, level)
           ^^^^^^^^^^^^^^^^^^^^^^^^^^^^^^^^^^^^^^^^^^^^^^^^^^^^
<frozen importlib._bootstrap>:1204: in _gcd_import
    ???
<frozen importlib._bootstrap>:1176: in _find_and_load
    ???
<frozen importlib._bootstrap>:1147: in _find_and_load_unlocked
    ???
<frozen importlib._bootstrap>:690: in _load_unlocked
    ???
../../miniconda3/envs/ptycho311/lib/python3.11/site-packages/_pytest/assertion/rewrite.py:186: in exec_module
    exec(co, module.__dict__)
tests/torch/test_execution_config.py:22: in <module>
    from ptycho.config.config import PyTorchExecutionConfig
E   ImportError: cannot import name 'PyTorchExecutionConfig' from 'ptycho.config.config' (/home/ollie/Documents/PtychoPINN2/ptycho/config/config.py)
=========================== short test summary info ============================
ERROR tests/torch/test_execution_config.py
!!!!!!!!!!!!!!!!!!!! Interrupted: 1 error during collection !!!!!!!!!!!!!!!!!!!!
=============================== 1 error in 0.93s ===============================
