============================= test session starts ==============================
platform linux -- Python 3.11.13, pytest-8.4.1, pluggy-1.6.0 -- /home/ollie/miniconda3/envs/ptycho311/bin/python
cachedir: .pytest_cache
PyTorch: available
PyTorch version: 2.9.1+cu128
rootdir: /home/ollie/Documents/tmp/PtychoPINN
configfile: pyproject.toml
plugins: mock-3.15.1, typeguard-2.13.3, anyio-4.9.0
collecting ... collected 3 items

tests/torch/test_agc.py::test_agc_clips_large_gradients PASSED           [ 33%]
tests/torch/test_agc.py::test_agc_preserves_small_gradients PASSED       [ 66%]
tests/torch/test_agc.py::test_agc_handles_zero_params PASSED             [100%]

============================== 3 passed in 5.15s ===============================
