============================= test session starts ==============================
platform linux -- Python 3.11.13, pytest-8.4.1, pluggy-1.6.0 -- /home/ollie/miniconda3/envs/ptycho311/bin/python3.11
cachedir: .pytest_cache
PyTorch: available
PyTorch version: 2.8.0+cu128
rootdir: /home/ollie/Documents/PtychoPINN
configfile: pyproject.toml
plugins: anyio-4.9.0
collecting ... collected 8 items

tests/torch/test_execution_config_defaults.py::TestPyTorchExecutionConfigDefaults::test_auto_prefers_cuda PASSED [ 12%]
tests/torch/test_execution_config_defaults.py::TestPyTorchExecutionConfigDefaults::test_auto_warns_and_falls_back_to_cpu PASSED [ 25%]
tests/torch/test_execution_config_defaults.py::TestPyTorchExecutionConfigDefaults::test_explicit_cpu_bypasses_auto_resolution PASSED [ 37%]
tests/torch/test_execution_config_defaults.py::TestPyTorchExecutionConfigDefaults::test_explicit_cuda_bypasses_auto_resolution PASSED [ 50%]
tests/torch/test_execution_config_defaults.py::TestPyTorchExecutionConfigDefaults::test_workflow_auto_instantiates_with_hardware_detection PASSED [ 62%]
tests/torch/test_execution_config_defaults.py::TestPyTorchExecutionConfigDefaults::test_backend_selector_warns_on_cpu_only_hosts SKIPPED [ 75%]
tests/torch/test_execution_config_defaults.py::TestPyTorchExecutionConfigDefaults::test_backend_selector_inherits_gpu_first_defaults PASSED [ 87%]
tests/torch/test_execution_config_defaults.py::TestPyTorchExecutionConfigDefaults::test_backend_selector_cpu_fallback_with_warning PASSED [100%]

=========================== short test summary info ============================
SKIPPED [1] tests/torch/test_execution_config_defaults.py:162: Test requires CPU-only host to verify fallback warning
========================= 7 passed, 1 skipped in 3.60s =========================
