============================= test session starts ==============================
platform linux -- Python 3.11.13, pytest-8.4.1, pluggy-1.6.0 -- /home/ollie/miniconda3/envs/ptycho311/bin/python3.11
cachedir: .pytest_cache
PyTorch: available
PyTorch version: 2.8.0+cu128
rootdir: /home/ollie/Documents/PtychoPINN
configfile: pyproject.toml
plugins: anyio-4.9.0
collecting ... collected 2 items

tests/torch/test_execution_config_defaults.py::TestPyTorchExecutionConfigDefaults::test_auto_prefers_cuda PASSED [ 50%]
tests/torch/test_execution_config_defaults.py::TestPyTorchExecutionConfigDefaults::test_auto_warns_and_falls_back_to_cpu PASSED [100%]

============================== 2 passed in 0.83s ===============================
