============================= test session starts ==============================
platform linux -- Python 3.11.13, pytest-8.4.1, pluggy-1.6.0 -- /home/ollie/miniconda3/envs/ptycho311/bin/python3.11
cachedir: .pytest_cache
PyTorch: available
PyTorch version: 2.8.0+cu128
rootdir: /home/ollie/Documents/PtychoPINN
configfile: pyproject.toml
plugins: anyio-4.9.0
collecting ... collected 2 items

tests/scripts/test_training_backend_selector.py::TestTrainingCliBackendDispatch::test_pytorch_backend_defaults_auto_execution_config PASSED [ 50%]
tests/scripts/test_inference_backend_selector.py::TestInferenceCliBackendDispatch::test_pytorch_backend_defaults_auto_execution_config PASSED [100%]

============================== 2 passed in 3.67s ===============================
