============================= test session starts ==============================
platform linux -- Python 3.11.13, pytest-8.4.1, pluggy-1.6.0 -- /home/ollie/miniconda3/envs/ptycho311/bin/python3.11
cachedir: .pytest_cache
PyTorch: available
PyTorch version: 2.8.0+cu128
rootdir: /home/ollie/Documents/PtychoPINN
configfile: pyproject.toml
plugins: anyio-4.9.0
collecting ... collected 3 items

tests/scripts/test_training_backend_selector.py::TestTrainingCliBackendDispatch::test_pytorch_backend_dispatch PASSED [ 33%]
tests/scripts/test_inference_backend_selector.py::TestInferenceCliBackendDispatch::test_pytorch_backend_dispatch PASSED [ 66%]
tests/scripts/test_inference_backend_selector.py::TestInferenceCliBackendDispatch::test_pytorch_inference_execution_path PASSED [100%]

============================== 3 passed in 3.68s ===============================
