============================= test session starts ==============================
platform linux -- Python 3.11.13, pytest-8.4.1, pluggy-1.6.0 -- /home/ollie/miniconda3/envs/ptycho311/bin/python3.11
cachedir: .pytest_cache
PyTorch: available
PyTorch version: 2.8.0+cu128
rootdir: /home/ollie/Documents/PtychoPINN2
configfile: pyproject.toml
plugins: anyio-4.9.0
collecting ... collected 2 items

tests/torch/test_api_deprecation.py::TestLegacyAPIDeprecation::test_example_train_import_emits_deprecation_warning PASSED [ 50%]
tests/torch/test_api_deprecation.py::TestLegacyAPIDeprecation::test_api_package_import_is_idempotent PASSED [100%]

============================== 2 passed in 3.52s ===============================
