============================= test session starts ==============================
platform linux -- Python 3.11.13, pytest-8.4.1, pluggy-1.6.0 -- /home/ollie/miniconda3/envs/ptycho311/bin/python3.11
cachedir: .pytest_cache
PyTorch: available
PyTorch version: 2.8.0+cu128
rootdir: /home/ollie/Documents/PtychoPINN2
configfile: pyproject.toml
plugins: anyio-4.9.0
collecting ... collected 3 items / 2 deselected / 1 selected

tests/torch/test_data_pipeline.py::TestRawDataTorchAdapter::test_raw_data_torch_matches_tensorflow PASSED [100%]

======================= 1 passed, 2 deselected in 5.22s ========================
