============================= test session starts ==============================
platform linux -- Python 3.11.13, pytest-8.4.1, pluggy-1.6.0 -- /home/ollie/miniconda3/envs/ptycho311/bin/python3.11
cachedir: .pytest_cache
PyTorch: available
PyTorch version: 2.8.0+cu128
rootdir: /home/ollie/Documents/PtychoPINN2
configfile: pyproject.toml
plugins: anyio-4.9.0
collecting ... collected 5 items

tests/study/test_dose_overlap_reconstruction.py::test_build_ptychi_jobs_manifest PASSED [ 20%]
tests/study/test_dose_overlap_reconstruction.py::test_run_ptychi_job_invokes_script PASSED [ 40%]
tests/study/test_dose_overlap_reconstruction.py::test_cli_filters_dry_run PASSED [ 60%]
tests/study/test_dose_overlap_reconstruction.py::test_cli_executes_selected_jobs PASSED [ 80%]
tests/study/test_dose_overlap_reconstruction.py::test_cli_skips_missing_phase_d PASSED [100%]

============================== 5 passed in 4.00s ===============================
