============================= test session starts ==============================
platform linux -- Python 3.11.13, pytest-8.4.1, pluggy-1.6.0 -- /home/ollie/miniconda3/envs/ptycho311/bin/python3.11
cachedir: .pytest_cache
PyTorch: available
PyTorch version: 2.8.0+cu128
rootdir: /home/ollie/Documents/PtychoPINN2
configfile: pyproject.toml
plugins: anyio-4.9.0
collecting ... collected 4 items

tests/torch/test_cli_inference_torch.py::TestInferenceCLI::test_accelerator_flag_roundtrip PASSED [ 25%]
tests/torch/test_cli_inference_torch.py::TestInferenceCLI::test_num_workers_flag_roundtrip PASSED [ 50%]
tests/torch/test_cli_inference_torch.py::TestInferenceCLI::test_inference_batch_size_flag_roundtrip PASSED [ 75%]
tests/torch/test_cli_inference_torch.py::TestInferenceCLI::test_multiple_execution_config_flags PASSED [100%]

============================== 4 passed in 4.58s ===============================
