============================= test session starts ==============================
platform linux -- Python 3.11.13, pytest-8.4.1, pluggy-1.6.0 -- /home/ollie/miniconda3/envs/ptycho311/bin/python
cachedir: .pytest_cache
rootdir: /home/ollie/Documents/tmp/PtychoPINN
configfile: pyproject.toml
plugins: typeguard-2.13.3, anyio-4.9.0
collecting ... collected 4 items

scripts/orchestration/tests/test_supervisor.py::TestNoGit::test_sync_iteration_skips_git_ops PASSED [ 25%]
scripts/orchestration/tests/test_supervisor.py::TestNoGit::test_no_git_legacy_mode_runs_prompts PASSED [ 50%]
scripts/orchestration/tests/test_supervisor.py::TestNoGit::test_no_git_state_updated_locally PASSED [ 75%]
scripts/orchestration/tests/test_supervisor.py::TestNoGit::test_no_git_autocommit_skipped PASSED [100%]

============================== 4 passed in 0.06s ===============================
