
================================================================================
[run_phase_g_dense] Preparing hub...
================================================================================

[prepare_hub] Hub is clean: /plans/active/STUDY-SYNTH-FLY64-DOSE-OVERLAP-001/reports/2025-11-05T115706Z/phase_g_dense_full_execution_real_run

[run_phase_g_dense] Starting Phase Câ†’G pipeline for dose=1000, view=dense, splits=['train', 'test']
[run_phase_g_dense] Hub: /plans/active/STUDY-SYNTH-FLY64-DOSE-OVERLAP-001/reports/2025-11-05T115706Z/phase_g_dense_full_execution_real_run
[run_phase_g_dense] Total commands: 8


================================================================================
[1/8] Phase C: Dataset Generation
================================================================================

Traceback (most recent call last):
  File "/home/ollie/miniconda3/envs/ptycho311/lib/python3.11/pathlib.py", line 1116, in mkdir
    os.mkdir(self, mode)
FileNotFoundError: [Errno 2] No such file or directory: '/plans/active/STUDY-SYNTH-FLY64-DOSE-OVERLAP-001/reports/2025-11-05T115706Z/phase_g_dense_full_execution_real_run/cli'

During handling of the above exception, another exception occurred:

Traceback (most recent call last):
  File "/home/ollie/miniconda3/envs/ptycho311/lib/python3.11/pathlib.py", line 1116, in mkdir
    os.mkdir(self, mode)
FileNotFoundError: [Errno 2] No such file or directory: '/plans/active/STUDY-SYNTH-FLY64-DOSE-OVERLAP-001/reports/2025-11-05T115706Z/phase_g_dense_full_execution_real_run'

During handling of the above exception, another exception occurred:

Traceback (most recent call last):
  File "/home/ollie/miniconda3/envs/ptycho311/lib/python3.11/pathlib.py", line 1116, in mkdir
    os.mkdir(self, mode)
FileNotFoundError: [Errno 2] No such file or directory: '/plans/active/STUDY-SYNTH-FLY64-DOSE-OVERLAP-001/reports/2025-11-05T115706Z'

During handling of the above exception, another exception occurred:

Traceback (most recent call last):
  File "/home/ollie/miniconda3/envs/ptycho311/lib/python3.11/pathlib.py", line 1116, in mkdir
    os.mkdir(self, mode)
FileNotFoundError: [Errno 2] No such file or directory: '/plans/active/STUDY-SYNTH-FLY64-DOSE-OVERLAP-001/reports'

During handling of the above exception, another exception occurred:

Traceback (most recent call last):
  File "/home/ollie/miniconda3/envs/ptycho311/lib/python3.11/pathlib.py", line 1116, in mkdir
    os.mkdir(self, mode)
FileNotFoundError: [Errno 2] No such file or directory: '/plans/active/STUDY-SYNTH-FLY64-DOSE-OVERLAP-001'

During handling of the above exception, another exception occurred:

Traceback (most recent call last):
  File "/home/ollie/miniconda3/envs/ptycho311/lib/python3.11/pathlib.py", line 1116, in mkdir
    os.mkdir(self, mode)
FileNotFoundError: [Errno 2] No such file or directory: '/plans/active'

During handling of the above exception, another exception occurred:

Traceback (most recent call last):
  File "/home/ollie/Documents/PtychoPINN2/plans/active/STUDY-SYNTH-FLY64-DOSE-OVERLAP-001/bin/run_phase_g_dense.py", line 988, in <module>
    sys.exit(main())
             ^^^^^^
  File "/home/ollie/Documents/PtychoPINN2/plans/active/STUDY-SYNTH-FLY64-DOSE-OVERLAP-001/bin/run_phase_g_dense.py", line 746, in main
    run_command(cmd, log_path)
  File "/home/ollie/Documents/PtychoPINN2/plans/active/STUDY-SYNTH-FLY64-DOSE-OVERLAP-001/bin/run_phase_g_dense.py", line 62, in run_command
    log_path.parent.mkdir(parents=True, exist_ok=True)
  File "/home/ollie/miniconda3/envs/ptycho311/lib/python3.11/pathlib.py", line 1120, in mkdir
    self.parent.mkdir(parents=True, exist_ok=True)
  File "/home/ollie/miniconda3/envs/ptycho311/lib/python3.11/pathlib.py", line 1120, in mkdir
    self.parent.mkdir(parents=True, exist_ok=True)
  File "/home/ollie/miniconda3/envs/ptycho311/lib/python3.11/pathlib.py", line 1120, in mkdir
    self.parent.mkdir(parents=True, exist_ok=True)
  [Previous line repeated 3 more times]
  File "/home/ollie/miniconda3/envs/ptycho311/lib/python3.11/pathlib.py", line 1116, in mkdir
    os.mkdir(self, mode)
PermissionError: [Errno 13] Permission denied: '/plans'
